ERROR - 2021-06-04 10:09:00 --> mysqli_sql_exception: Cannot add or update a child row: a foreign key constraint fails (`electro_jjal`.`concepto`, CONSTRAINT `concepto_ibfk_2` FOREIGN KEY (`Id_Venta`) REFERENCES `ventas` (`Id_ventas`)) in C:\laragon\www\Api_electro\vendor\codeigniter4\framework\system\Database\MySQLi\Connection.php:314
Stack trace:
#0 C:\laragon\www\Api_electro\vendor\codeigniter4\framework\system\Database\MySQLi\Connection.php(314): mysqli->query('INSERT INTO `co...')
#1 C:\laragon\www\Api_electro\vendor\codeigniter4\framework\system\Database\BaseConnection.php(713): CodeIgniter\Database\MySQLi\Connection->execute('INSERT INTO `co...')
#2 C:\laragon\www\Api_electro\vendor\codeigniter4\framework\system\Database\BaseConnection.php(641): CodeIgniter\Database\BaseConnection->simpleQuery('INSERT INTO `co...')
#3 C:\laragon\www\Api_electro\vendor\codeigniter4\framework\system\Database\BaseBuilder.php(2263): CodeIgniter\Database\BaseConnection->query('INSERT INTO `co...', Array, false)
#4 C:\laragon\www\Api_electro\vendor\codeigniter4\framework\system\Model.php(278): CodeIgniter\Database\BaseBuilder->insert()
#5 C:\laragon\www\Api_electro\vendor\codeigniter4\framework\system\BaseModel.php(758): CodeIgniter\Model->doInsert(Array)
#6 C:\laragon\www\Api_electro\vendor\codeigniter4\framework\system\Model.php(705): CodeIgniter\BaseModel->insert(Array, true)
#7 C:\laragon\www\Api_electro\app\Controllers\RestConcepto.php(62): CodeIgniter\Model->insert(Array)
#8 C:\laragon\www\Api_electro\vendor\codeigniter4\framework\system\CodeIgniter.php(936): App\Controllers\RestConcepto->create()
#9 C:\laragon\www\Api_electro\vendor\codeigniter4\framework\system\CodeIgniter.php(432): CodeIgniter\CodeIgniter->runController(Object(App\Controllers\RestConcepto))
#10 C:\laragon\www\Api_electro\vendor\codeigniter4\framework\system\CodeIgniter.php(333): CodeIgniter\CodeIgniter->handleRequest(NULL, Object(Config\Cache), false)
#11 C:\laragon\www\Api_electro\public\index.php(44): CodeIgniter\CodeIgniter->run()
#12 {main}
CRITICAL - 2021-06-04 10:09:00 --> Cannot add or update a child row: a foreign key constraint fails (`electro_jjal`.`concepto`, CONSTRAINT `concepto_ibfk_2` FOREIGN KEY (`Id_Venta`) REFERENCES `ventas` (`Id_ventas`))
#0 C:\laragon\www\Api_electro\vendor\codeigniter4\framework\system\Database\MySQLi\Connection.php(314): mysqli->query('INSERT INTO `co...')
#1 C:\laragon\www\Api_electro\vendor\codeigniter4\framework\system\Database\BaseConnection.php(713): CodeIgniter\Database\MySQLi\Connection->execute('INSERT INTO `co...')
#2 C:\laragon\www\Api_electro\vendor\codeigniter4\framework\system\Database\BaseConnection.php(641): CodeIgniter\Database\BaseConnection->simpleQuery('INSERT INTO `co...')
#3 C:\laragon\www\Api_electro\vendor\codeigniter4\framework\system\Database\BaseBuilder.php(2263): CodeIgniter\Database\BaseConnection->query('INSERT INTO `co...', Array, false)
#4 C:\laragon\www\Api_electro\vendor\codeigniter4\framework\system\Model.php(278): CodeIgniter\Database\BaseBuilder->insert()
#5 C:\laragon\www\Api_electro\vendor\codeigniter4\framework\system\BaseModel.php(758): CodeIgniter\Model->doInsert(Array)
#6 C:\laragon\www\Api_electro\vendor\codeigniter4\framework\system\Model.php(705): CodeIgniter\BaseModel->insert(Array, true)
#7 C:\laragon\www\Api_electro\app\Controllers\RestConcepto.php(62): CodeIgniter\Model->insert(Array)
#8 C:\laragon\www\Api_electro\vendor\codeigniter4\framework\system\CodeIgniter.php(936): App\Controllers\RestConcepto->create()
#9 C:\laragon\www\Api_electro\vendor\codeigniter4\framework\system\CodeIgniter.php(432): CodeIgniter\CodeIgniter->runController(Object(App\Controllers\RestConcepto))
#10 C:\laragon\www\Api_electro\vendor\codeigniter4\framework\system\CodeIgniter.php(333): CodeIgniter\CodeIgniter->handleRequest(NULL, Object(Config\Cache), false)
#11 C:\laragon\www\Api_electro\public\index.php(44): CodeIgniter\CodeIgniter->run()
#12 {main}
ERROR - 2021-06-04 10:09:24 --> mysqli_sql_exception: Cannot add or update a child row: a foreign key constraint fails (`electro_jjal`.`concepto`, CONSTRAINT `concepto_ibfk_2` FOREIGN KEY (`Id_Venta`) REFERENCES `ventas` (`Id_ventas`)) in C:\laragon\www\Api_electro\vendor\codeigniter4\framework\system\Database\MySQLi\Connection.php:314
Stack trace:
#0 C:\laragon\www\Api_electro\vendor\codeigniter4\framework\system\Database\MySQLi\Connection.php(314): mysqli->query('INSERT INTO `co...')
#1 C:\laragon\www\Api_electro\vendor\codeigniter4\framework\system\Database\BaseConnection.php(713): CodeIgniter\Database\MySQLi\Connection->execute('INSERT INTO `co...')
#2 C:\laragon\www\Api_electro\vendor\codeigniter4\framework\system\Database\BaseConnection.php(641): CodeIgniter\Database\BaseConnection->simpleQuery('INSERT INTO `co...')
#3 C:\laragon\www\Api_electro\vendor\codeigniter4\framework\system\Database\BaseBuilder.php(2263): CodeIgniter\Database\BaseConnection->query('INSERT INTO `co...', Array, false)
#4 C:\laragon\www\Api_electro\vendor\codeigniter4\framework\system\Model.php(278): CodeIgniter\Database\BaseBuilder->insert()
#5 C:\laragon\www\Api_electro\vendor\codeigniter4\framework\system\BaseModel.php(758): CodeIgniter\Model->doInsert(Array)
#6 C:\laragon\www\Api_electro\vendor\codeigniter4\framework\system\Model.php(705): CodeIgniter\BaseModel->insert(Array, true)
#7 C:\laragon\www\Api_electro\app\Controllers\RestConcepto.php(62): CodeIgniter\Model->insert(Array)
#8 C:\laragon\www\Api_electro\vendor\codeigniter4\framework\system\CodeIgniter.php(936): App\Controllers\RestConcepto->create()
#9 C:\laragon\www\Api_electro\vendor\codeigniter4\framework\system\CodeIgniter.php(432): CodeIgniter\CodeIgniter->runController(Object(App\Controllers\RestConcepto))
#10 C:\laragon\www\Api_electro\vendor\codeigniter4\framework\system\CodeIgniter.php(333): CodeIgniter\CodeIgniter->handleRequest(NULL, Object(Config\Cache), false)
#11 C:\laragon\www\Api_electro\public\index.php(44): CodeIgniter\CodeIgniter->run()
#12 {main}
CRITICAL - 2021-06-04 10:09:24 --> Cannot add or update a child row: a foreign key constraint fails (`electro_jjal`.`concepto`, CONSTRAINT `concepto_ibfk_2` FOREIGN KEY (`Id_Venta`) REFERENCES `ventas` (`Id_ventas`))
#0 C:\laragon\www\Api_electro\vendor\codeigniter4\framework\system\Database\MySQLi\Connection.php(314): mysqli->query('INSERT INTO `co...')
#1 C:\laragon\www\Api_electro\vendor\codeigniter4\framework\system\Database\BaseConnection.php(713): CodeIgniter\Database\MySQLi\Connection->execute('INSERT INTO `co...')
#2 C:\laragon\www\Api_electro\vendor\codeigniter4\framework\system\Database\BaseConnection.php(641): CodeIgniter\Database\BaseConnection->simpleQuery('INSERT INTO `co...')
#3 C:\laragon\www\Api_electro\vendor\codeigniter4\framework\system\Database\BaseBuilder.php(2263): CodeIgniter\Database\BaseConnection->query('INSERT INTO `co...', Array, false)
#4 C:\laragon\www\Api_electro\vendor\codeigniter4\framework\system\Model.php(278): CodeIgniter\Database\BaseBuilder->insert()
#5 C:\laragon\www\Api_electro\vendor\codeigniter4\framework\system\BaseModel.php(758): CodeIgniter\Model->doInsert(Array)
#6 C:\laragon\www\Api_electro\vendor\codeigniter4\framework\system\Model.php(705): CodeIgniter\BaseModel->insert(Array, true)
#7 C:\laragon\www\Api_electro\app\Controllers\RestConcepto.php(62): CodeIgniter\Model->insert(Array)
#8 C:\laragon\www\Api_electro\vendor\codeigniter4\framework\system\CodeIgniter.php(936): App\Controllers\RestConcepto->create()
#9 C:\laragon\www\Api_electro\vendor\codeigniter4\framework\system\CodeIgniter.php(432): CodeIgniter\CodeIgniter->runController(Object(App\Controllers\RestConcepto))
#10 C:\laragon\www\Api_electro\vendor\codeigniter4\framework\system\CodeIgniter.php(333): CodeIgniter\CodeIgniter->handleRequest(NULL, Object(Config\Cache), false)
#11 C:\laragon\www\Api_electro\public\index.php(44): CodeIgniter\CodeIgniter->run()
#12 {main}
ERROR - 2021-06-04 10:16:34 --> mysqli_sql_exception: Cannot add or update a child row: a foreign key constraint fails (`electro_jjal`.`concepto`, CONSTRAINT `concepto_ibfk_2` FOREIGN KEY (`Id_Venta`) REFERENCES `ventas` (`Id_ventas`)) in C:\laragon\www\Api_electro\vendor\codeigniter4\framework\system\Database\MySQLi\Connection.php:314
Stack trace:
#0 C:\laragon\www\Api_electro\vendor\codeigniter4\framework\system\Database\MySQLi\Connection.php(314): mysqli->query('INSERT INTO `co...')
#1 C:\laragon\www\Api_electro\vendor\codeigniter4\framework\system\Database\BaseConnection.php(713): CodeIgniter\Database\MySQLi\Connection->execute('INSERT INTO `co...')
#2 C:\laragon\www\Api_electro\vendor\codeigniter4\framework\system\Database\BaseConnection.php(641): CodeIgniter\Database\BaseConnection->simpleQuery('INSERT INTO `co...')
#3 C:\laragon\www\Api_electro\vendor\codeigniter4\framework\system\Database\BaseBuilder.php(2263): CodeIgniter\Database\BaseConnection->query('INSERT INTO `co...', Array, false)
#4 C:\laragon\www\Api_electro\vendor\codeigniter4\framework\system\Model.php(278): CodeIgniter\Database\BaseBuilder->insert()
#5 C:\laragon\www\Api_electro\vendor\codeigniter4\framework\system\BaseModel.php(758): CodeIgniter\Model->doInsert(Array)
#6 C:\laragon\www\Api_electro\vendor\codeigniter4\framework\system\Model.php(705): CodeIgniter\BaseModel->insert(Array, true)
#7 C:\laragon\www\Api_electro\app\Controllers\RestConcepto.php(62): CodeIgniter\Model->insert(Array)
#8 C:\laragon\www\Api_electro\vendor\codeigniter4\framework\system\CodeIgniter.php(936): App\Controllers\RestConcepto->create()
#9 C:\laragon\www\Api_electro\vendor\codeigniter4\framework\system\CodeIgniter.php(432): CodeIgniter\CodeIgniter->runController(Object(App\Controllers\RestConcepto))
#10 C:\laragon\www\Api_electro\vendor\codeigniter4\framework\system\CodeIgniter.php(333): CodeIgniter\CodeIgniter->handleRequest(NULL, Object(Config\Cache), false)
#11 C:\laragon\www\Api_electro\public\index.php(44): CodeIgniter\CodeIgniter->run()
#12 {main}
CRITICAL - 2021-06-04 10:16:34 --> Cannot add or update a child row: a foreign key constraint fails (`electro_jjal`.`concepto`, CONSTRAINT `concepto_ibfk_2` FOREIGN KEY (`Id_Venta`) REFERENCES `ventas` (`Id_ventas`))
#0 C:\laragon\www\Api_electro\vendor\codeigniter4\framework\system\Database\MySQLi\Connection.php(314): mysqli->query('INSERT INTO `co...')
#1 C:\laragon\www\Api_electro\vendor\codeigniter4\framework\system\Database\BaseConnection.php(713): CodeIgniter\Database\MySQLi\Connection->execute('INSERT INTO `co...')
#2 C:\laragon\www\Api_electro\vendor\codeigniter4\framework\system\Database\BaseConnection.php(641): CodeIgniter\Database\BaseConnection->simpleQuery('INSERT INTO `co...')
#3 C:\laragon\www\Api_electro\vendor\codeigniter4\framework\system\Database\BaseBuilder.php(2263): CodeIgniter\Database\BaseConnection->query('INSERT INTO `co...', Array, false)
#4 C:\laragon\www\Api_electro\vendor\codeigniter4\framework\system\Model.php(278): CodeIgniter\Database\BaseBuilder->insert()
#5 C:\laragon\www\Api_electro\vendor\codeigniter4\framework\system\BaseModel.php(758): CodeIgniter\Model->doInsert(Array)
#6 C:\laragon\www\Api_electro\vendor\codeigniter4\framework\system\Model.php(705): CodeIgniter\BaseModel->insert(Array, true)
#7 C:\laragon\www\Api_electro\app\Controllers\RestConcepto.php(62): CodeIgniter\Model->insert(Array)
#8 C:\laragon\www\Api_electro\vendor\codeigniter4\framework\system\CodeIgniter.php(936): App\Controllers\RestConcepto->create()
#9 C:\laragon\www\Api_electro\vendor\codeigniter4\framework\system\CodeIgniter.php(432): CodeIgniter\CodeIgniter->runController(Object(App\Controllers\RestConcepto))
#10 C:\laragon\www\Api_electro\vendor\codeigniter4\framework\system\CodeIgniter.php(333): CodeIgniter\CodeIgniter->handleRequest(NULL, Object(Config\Cache), false)
#11 C:\laragon\www\Api_electro\public\index.php(44): CodeIgniter\CodeIgniter->run()
#12 {main}
ERROR - 2021-06-04 10:17:46 --> mysqli_sql_exception: Cannot add or update a child row: a foreign key constraint fails (`electro_jjal`.`concepto`, CONSTRAINT `concepto_ibfk_2` FOREIGN KEY (`Id_Venta`) REFERENCES `ventas` (`Id_ventas`)) in C:\laragon\www\Api_electro\vendor\codeigniter4\framework\system\Database\MySQLi\Connection.php:314
Stack trace:
#0 C:\laragon\www\Api_electro\vendor\codeigniter4\framework\system\Database\MySQLi\Connection.php(314): mysqli->query('INSERT INTO `co...')
#1 C:\laragon\www\Api_electro\vendor\codeigniter4\framework\system\Database\BaseConnection.php(713): CodeIgniter\Database\MySQLi\Connection->execute('INSERT INTO `co...')
#2 C:\laragon\www\Api_electro\vendor\codeigniter4\framework\system\Database\BaseConnection.php(641): CodeIgniter\Database\BaseConnection->simpleQuery('INSERT INTO `co...')
#3 C:\laragon\www\Api_electro\vendor\codeigniter4\framework\system\Database\BaseBuilder.php(2263): CodeIgniter\Database\BaseConnection->query('INSERT INTO `co...', Array, false)
#4 C:\laragon\www\Api_electro\vendor\codeigniter4\framework\system\Model.php(278): CodeIgniter\Database\BaseBuilder->insert()
#5 C:\laragon\www\Api_electro\vendor\codeigniter4\framework\system\BaseModel.php(758): CodeIgniter\Model->doInsert(Array)
#6 C:\laragon\www\Api_electro\vendor\codeigniter4\framework\system\Model.php(705): CodeIgniter\BaseModel->insert(Array, true)
#7 C:\laragon\www\Api_electro\app\Controllers\RestConcepto.php(62): CodeIgniter\Model->insert(Array)
#8 C:\laragon\www\Api_electro\vendor\codeigniter4\framework\system\CodeIgniter.php(936): App\Controllers\RestConcepto->create()
#9 C:\laragon\www\Api_electro\vendor\codeigniter4\framework\system\CodeIgniter.php(432): CodeIgniter\CodeIgniter->runController(Object(App\Controllers\RestConcepto))
#10 C:\laragon\www\Api_electro\vendor\codeigniter4\framework\system\CodeIgniter.php(333): CodeIgniter\CodeIgniter->handleRequest(NULL, Object(Config\Cache), false)
#11 C:\laragon\www\Api_electro\public\index.php(44): CodeIgniter\CodeIgniter->run()
#12 {main}
CRITICAL - 2021-06-04 10:17:46 --> Cannot add or update a child row: a foreign key constraint fails (`electro_jjal`.`concepto`, CONSTRAINT `concepto_ibfk_2` FOREIGN KEY (`Id_Venta`) REFERENCES `ventas` (`Id_ventas`))
#0 C:\laragon\www\Api_electro\vendor\codeigniter4\framework\system\Database\MySQLi\Connection.php(314): mysqli->query('INSERT INTO `co...')
#1 C:\laragon\www\Api_electro\vendor\codeigniter4\framework\system\Database\BaseConnection.php(713): CodeIgniter\Database\MySQLi\Connection->execute('INSERT INTO `co...')
#2 C:\laragon\www\Api_electro\vendor\codeigniter4\framework\system\Database\BaseConnection.php(641): CodeIgniter\Database\BaseConnection->simpleQuery('INSERT INTO `co...')
#3 C:\laragon\www\Api_electro\vendor\codeigniter4\framework\system\Database\BaseBuilder.php(2263): CodeIgniter\Database\BaseConnection->query('INSERT INTO `co...', Array, false)
#4 C:\laragon\www\Api_electro\vendor\codeigniter4\framework\system\Model.php(278): CodeIgniter\Database\BaseBuilder->insert()
#5 C:\laragon\www\Api_electro\vendor\codeigniter4\framework\system\BaseModel.php(758): CodeIgniter\Model->doInsert(Array)
#6 C:\laragon\www\Api_electro\vendor\codeigniter4\framework\system\Model.php(705): CodeIgniter\BaseModel->insert(Array, true)
#7 C:\laragon\www\Api_electro\app\Controllers\RestConcepto.php(62): CodeIgniter\Model->insert(Array)
#8 C:\laragon\www\Api_electro\vendor\codeigniter4\framework\system\CodeIgniter.php(936): App\Controllers\RestConcepto->create()
#9 C:\laragon\www\Api_electro\vendor\codeigniter4\framework\system\CodeIgniter.php(432): CodeIgniter\CodeIgniter->runController(Object(App\Controllers\RestConcepto))
#10 C:\laragon\www\Api_electro\vendor\codeigniter4\framework\system\CodeIgniter.php(333): CodeIgniter\CodeIgniter->handleRequest(NULL, Object(Config\Cache), false)
#11 C:\laragon\www\Api_electro\public\index.php(44): CodeIgniter\CodeIgniter->run()
#12 {main}
ERROR - 2021-06-04 10:22:44 --> mysqli_sql_exception: Cannot add or update a child row: a foreign key constraint fails (`electro_jjal`.`concepto`, CONSTRAINT `concepto_ibfk_2` FOREIGN KEY (`Id_Venta`) REFERENCES `ventas` (`Id_ventas`)) in C:\laragon\www\Api_electro\vendor\codeigniter4\framework\system\Database\MySQLi\Connection.php:314
Stack trace:
#0 C:\laragon\www\Api_electro\vendor\codeigniter4\framework\system\Database\MySQLi\Connection.php(314): mysqli->query('INSERT INTO `co...')
#1 C:\laragon\www\Api_electro\vendor\codeigniter4\framework\system\Database\BaseConnection.php(713): CodeIgniter\Database\MySQLi\Connection->execute('INSERT INTO `co...')
#2 C:\laragon\www\Api_electro\vendor\codeigniter4\framework\system\Database\BaseConnection.php(641): CodeIgniter\Database\BaseConnection->simpleQuery('INSERT INTO `co...')
#3 C:\laragon\www\Api_electro\vendor\codeigniter4\framework\system\Database\BaseBuilder.php(2263): CodeIgniter\Database\BaseConnection->query('INSERT INTO `co...', Array, false)
#4 C:\laragon\www\Api_electro\vendor\codeigniter4\framework\system\Model.php(278): CodeIgniter\Database\BaseBuilder->insert()
#5 C:\laragon\www\Api_electro\vendor\codeigniter4\framework\system\BaseModel.php(758): CodeIgniter\Model->doInsert(Array)
#6 C:\laragon\www\Api_electro\vendor\codeigniter4\framework\system\Model.php(705): CodeIgniter\BaseModel->insert(Array, true)
#7 C:\laragon\www\Api_electro\app\Controllers\RestConcepto.php(62): CodeIgniter\Model->insert(Array)
#8 C:\laragon\www\Api_electro\vendor\codeigniter4\framework\system\CodeIgniter.php(936): App\Controllers\RestConcepto->create()
#9 C:\laragon\www\Api_electro\vendor\codeigniter4\framework\system\CodeIgniter.php(432): CodeIgniter\CodeIgniter->runController(Object(App\Controllers\RestConcepto))
#10 C:\laragon\www\Api_electro\vendor\codeigniter4\framework\system\CodeIgniter.php(333): CodeIgniter\CodeIgniter->handleRequest(NULL, Object(Config\Cache), false)
#11 C:\laragon\www\Api_electro\public\index.php(44): CodeIgniter\CodeIgniter->run()
#12 {main}
CRITICAL - 2021-06-04 10:22:44 --> Cannot add or update a child row: a foreign key constraint fails (`electro_jjal`.`concepto`, CONSTRAINT `concepto_ibfk_2` FOREIGN KEY (`Id_Venta`) REFERENCES `ventas` (`Id_ventas`))
#0 C:\laragon\www\Api_electro\vendor\codeigniter4\framework\system\Database\MySQLi\Connection.php(314): mysqli->query('INSERT INTO `co...')
#1 C:\laragon\www\Api_electro\vendor\codeigniter4\framework\system\Database\BaseConnection.php(713): CodeIgniter\Database\MySQLi\Connection->execute('INSERT INTO `co...')
#2 C:\laragon\www\Api_electro\vendor\codeigniter4\framework\system\Database\BaseConnection.php(641): CodeIgniter\Database\BaseConnection->simpleQuery('INSERT INTO `co...')
#3 C:\laragon\www\Api_electro\vendor\codeigniter4\framework\system\Database\BaseBuilder.php(2263): CodeIgniter\Database\BaseConnection->query('INSERT INTO `co...', Array, false)
#4 C:\laragon\www\Api_electro\vendor\codeigniter4\framework\system\Model.php(278): CodeIgniter\Database\BaseBuilder->insert()
#5 C:\laragon\www\Api_electro\vendor\codeigniter4\framework\system\BaseModel.php(758): CodeIgniter\Model->doInsert(Array)
#6 C:\laragon\www\Api_electro\vendor\codeigniter4\framework\system\Model.php(705): CodeIgniter\BaseModel->insert(Array, true)
#7 C:\laragon\www\Api_electro\app\Controllers\RestConcepto.php(62): CodeIgniter\Model->insert(Array)
#8 C:\laragon\www\Api_electro\vendor\codeigniter4\framework\system\CodeIgniter.php(936): App\Controllers\RestConcepto->create()
#9 C:\laragon\www\Api_electro\vendor\codeigniter4\framework\system\CodeIgniter.php(432): CodeIgniter\CodeIgniter->runController(Object(App\Controllers\RestConcepto))
#10 C:\laragon\www\Api_electro\vendor\codeigniter4\framework\system\CodeIgniter.php(333): CodeIgniter\CodeIgniter->handleRequest(NULL, Object(Config\Cache), false)
#11 C:\laragon\www\Api_electro\public\index.php(44): CodeIgniter\CodeIgniter->run()
#12 {main}
ERROR - 2021-06-04 10:26:27 --> mysqli_sql_exception: Cannot add or update a child row: a foreign key constraint fails (`electro_jjal`.`concepto`, CONSTRAINT `concepto_ibfk_2` FOREIGN KEY (`Id_Venta`) REFERENCES `ventas` (`Id_ventas`)) in C:\laragon\www\Api_electro\vendor\codeigniter4\framework\system\Database\MySQLi\Connection.php:314
Stack trace:
#0 C:\laragon\www\Api_electro\vendor\codeigniter4\framework\system\Database\MySQLi\Connection.php(314): mysqli->query('INSERT INTO `co...')
#1 C:\laragon\www\Api_electro\vendor\codeigniter4\framework\system\Database\BaseConnection.php(713): CodeIgniter\Database\MySQLi\Connection->execute('INSERT INTO `co...')
#2 C:\laragon\www\Api_electro\vendor\codeigniter4\framework\system\Database\BaseConnection.php(641): CodeIgniter\Database\BaseConnection->simpleQuery('INSERT INTO `co...')
#3 C:\laragon\www\Api_electro\vendor\codeigniter4\framework\system\Database\BaseBuilder.php(2263): CodeIgniter\Database\BaseConnection->query('INSERT INTO `co...', Array, false)
#4 C:\laragon\www\Api_electro\vendor\codeigniter4\framework\system\Model.php(278): CodeIgniter\Database\BaseBuilder->insert()
#5 C:\laragon\www\Api_electro\vendor\codeigniter4\framework\system\BaseModel.php(758): CodeIgniter\Model->doInsert(Array)
#6 C:\laragon\www\Api_electro\vendor\codeigniter4\framework\system\Model.php(705): CodeIgniter\BaseModel->insert(Array, true)
#7 C:\laragon\www\Api_electro\app\Controllers\RestConcepto.php(62): CodeIgniter\Model->insert(Array)
#8 C:\laragon\www\Api_electro\vendor\codeigniter4\framework\system\CodeIgniter.php(936): App\Controllers\RestConcepto->create()
#9 C:\laragon\www\Api_electro\vendor\codeigniter4\framework\system\CodeIgniter.php(432): CodeIgniter\CodeIgniter->runController(Object(App\Controllers\RestConcepto))
#10 C:\laragon\www\Api_electro\vendor\codeigniter4\framework\system\CodeIgniter.php(333): CodeIgniter\CodeIgniter->handleRequest(NULL, Object(Config\Cache), false)
#11 C:\laragon\www\Api_electro\public\index.php(44): CodeIgniter\CodeIgniter->run()
#12 {main}
CRITICAL - 2021-06-04 10:26:27 --> Cannot add or update a child row: a foreign key constraint fails (`electro_jjal`.`concepto`, CONSTRAINT `concepto_ibfk_2` FOREIGN KEY (`Id_Venta`) REFERENCES `ventas` (`Id_ventas`))
#0 C:\laragon\www\Api_electro\vendor\codeigniter4\framework\system\Database\MySQLi\Connection.php(314): mysqli->query('INSERT INTO `co...')
#1 C:\laragon\www\Api_electro\vendor\codeigniter4\framework\system\Database\BaseConnection.php(713): CodeIgniter\Database\MySQLi\Connection->execute('INSERT INTO `co...')
#2 C:\laragon\www\Api_electro\vendor\codeigniter4\framework\system\Database\BaseConnection.php(641): CodeIgniter\Database\BaseConnection->simpleQuery('INSERT INTO `co...')
#3 C:\laragon\www\Api_electro\vendor\codeigniter4\framework\system\Database\BaseBuilder.php(2263): CodeIgniter\Database\BaseConnection->query('INSERT INTO `co...', Array, false)
#4 C:\laragon\www\Api_electro\vendor\codeigniter4\framework\system\Model.php(278): CodeIgniter\Database\BaseBuilder->insert()
#5 C:\laragon\www\Api_electro\vendor\codeigniter4\framework\system\BaseModel.php(758): CodeIgniter\Model->doInsert(Array)
#6 C:\laragon\www\Api_electro\vendor\codeigniter4\framework\system\Model.php(705): CodeIgniter\BaseModel->insert(Array, true)
#7 C:\laragon\www\Api_electro\app\Controllers\RestConcepto.php(62): CodeIgniter\Model->insert(Array)
#8 C:\laragon\www\Api_electro\vendor\codeigniter4\framework\system\CodeIgniter.php(936): App\Controllers\RestConcepto->create()
#9 C:\laragon\www\Api_electro\vendor\codeigniter4\framework\system\CodeIgniter.php(432): CodeIgniter\CodeIgniter->runController(Object(App\Controllers\RestConcepto))
#10 C:\laragon\www\Api_electro\vendor\codeigniter4\framework\system\CodeIgniter.php(333): CodeIgniter\CodeIgniter->handleRequest(NULL, Object(Config\Cache), false)
#11 C:\laragon\www\Api_electro\public\index.php(44): CodeIgniter\CodeIgniter->run()
#12 {main}
ERROR - 2021-06-04 10:29:02 --> mysqli_sql_exception: Cannot add or update a child row: a foreign key constraint fails (`electro_jjal`.`concepto`, CONSTRAINT `concepto_ibfk_1` FOREIGN KEY (`Id_Venta`) REFERENCES `ventas` (`Id_ventas`)) in C:\laragon\www\Api_electro\vendor\codeigniter4\framework\system\Database\MySQLi\Connection.php:314
Stack trace:
#0 C:\laragon\www\Api_electro\vendor\codeigniter4\framework\system\Database\MySQLi\Connection.php(314): mysqli->query('INSERT INTO `co...')
#1 C:\laragon\www\Api_electro\vendor\codeigniter4\framework\system\Database\BaseConnection.php(713): CodeIgniter\Database\MySQLi\Connection->execute('INSERT INTO `co...')
#2 C:\laragon\www\Api_electro\vendor\codeigniter4\framework\system\Database\BaseConnection.php(641): CodeIgniter\Database\BaseConnection->simpleQuery('INSERT INTO `co...')
#3 C:\laragon\www\Api_electro\vendor\codeigniter4\framework\system\Database\BaseBuilder.php(2263): CodeIgniter\Database\BaseConnection->query('INSERT INTO `co...', Array, false)
#4 C:\laragon\www\Api_electro\vendor\codeigniter4\framework\system\Model.php(278): CodeIgniter\Database\BaseBuilder->insert()
#5 C:\laragon\www\Api_electro\vendor\codeigniter4\framework\system\BaseModel.php(758): CodeIgniter\Model->doInsert(Array)
#6 C:\laragon\www\Api_electro\vendor\codeigniter4\framework\system\Model.php(705): CodeIgniter\BaseModel->insert(Array, true)
#7 C:\laragon\www\Api_electro\app\Controllers\RestConcepto.php(62): CodeIgniter\Model->insert(Array)
#8 C:\laragon\www\Api_electro\vendor\codeigniter4\framework\system\CodeIgniter.php(936): App\Controllers\RestConcepto->create()
#9 C:\laragon\www\Api_electro\vendor\codeigniter4\framework\system\CodeIgniter.php(432): CodeIgniter\CodeIgniter->runController(Object(App\Controllers\RestConcepto))
#10 C:\laragon\www\Api_electro\vendor\codeigniter4\framework\system\CodeIgniter.php(333): CodeIgniter\CodeIgniter->handleRequest(NULL, Object(Config\Cache), false)
#11 C:\laragon\www\Api_electro\public\index.php(44): CodeIgniter\CodeIgniter->run()
#12 {main}
CRITICAL - 2021-06-04 10:29:02 --> Cannot add or update a child row: a foreign key constraint fails (`electro_jjal`.`concepto`, CONSTRAINT `concepto_ibfk_1` FOREIGN KEY (`Id_Venta`) REFERENCES `ventas` (`Id_ventas`))
#0 C:\laragon\www\Api_electro\vendor\codeigniter4\framework\system\Database\MySQLi\Connection.php(314): mysqli->query('INSERT INTO `co...')
#1 C:\laragon\www\Api_electro\vendor\codeigniter4\framework\system\Database\BaseConnection.php(713): CodeIgniter\Database\MySQLi\Connection->execute('INSERT INTO `co...')
#2 C:\laragon\www\Api_electro\vendor\codeigniter4\framework\system\Database\BaseConnection.php(641): CodeIgniter\Database\BaseConnection->simpleQuery('INSERT INTO `co...')
#3 C:\laragon\www\Api_electro\vendor\codeigniter4\framework\system\Database\BaseBuilder.php(2263): CodeIgniter\Database\BaseConnection->query('INSERT INTO `co...', Array, false)
#4 C:\laragon\www\Api_electro\vendor\codeigniter4\framework\system\Model.php(278): CodeIgniter\Database\BaseBuilder->insert()
#5 C:\laragon\www\Api_electro\vendor\codeigniter4\framework\system\BaseModel.php(758): CodeIgniter\Model->doInsert(Array)
#6 C:\laragon\www\Api_electro\vendor\codeigniter4\framework\system\Model.php(705): CodeIgniter\BaseModel->insert(Array, true)
#7 C:\laragon\www\Api_electro\app\Controllers\RestConcepto.php(62): CodeIgniter\Model->insert(Array)
#8 C:\laragon\www\Api_electro\vendor\codeigniter4\framework\system\CodeIgniter.php(936): App\Controllers\RestConcepto->create()
#9 C:\laragon\www\Api_electro\vendor\codeigniter4\framework\system\CodeIgniter.php(432): CodeIgniter\CodeIgniter->runController(Object(App\Controllers\RestConcepto))
#10 C:\laragon\www\Api_electro\vendor\codeigniter4\framework\system\CodeIgniter.php(333): CodeIgniter\CodeIgniter->handleRequest(NULL, Object(Config\Cache), false)
#11 C:\laragon\www\Api_electro\public\index.php(44): CodeIgniter\CodeIgniter->run()
#12 {main}
ERROR - 2021-06-04 10:29:12 --> mysqli_sql_exception: Cannot add or update a child row: a foreign key constraint fails (`electro_jjal`.`concepto`, CONSTRAINT `concepto_ibfk_1` FOREIGN KEY (`Id_Venta`) REFERENCES `ventas` (`Id_ventas`)) in C:\laragon\www\Api_electro\vendor\codeigniter4\framework\system\Database\MySQLi\Connection.php:314
Stack trace:
#0 C:\laragon\www\Api_electro\vendor\codeigniter4\framework\system\Database\MySQLi\Connection.php(314): mysqli->query('INSERT INTO `co...')
#1 C:\laragon\www\Api_electro\vendor\codeigniter4\framework\system\Database\BaseConnection.php(713): CodeIgniter\Database\MySQLi\Connection->execute('INSERT INTO `co...')
#2 C:\laragon\www\Api_electro\vendor\codeigniter4\framework\system\Database\BaseConnection.php(641): CodeIgniter\Database\BaseConnection->simpleQuery('INSERT INTO `co...')
#3 C:\laragon\www\Api_electro\vendor\codeigniter4\framework\system\Database\BaseBuilder.php(2263): CodeIgniter\Database\BaseConnection->query('INSERT INTO `co...', Array, false)
#4 C:\laragon\www\Api_electro\vendor\codeigniter4\framework\system\Model.php(278): CodeIgniter\Database\BaseBuilder->insert()
#5 C:\laragon\www\Api_electro\vendor\codeigniter4\framework\system\BaseModel.php(758): CodeIgniter\Model->doInsert(Array)
#6 C:\laragon\www\Api_electro\vendor\codeigniter4\framework\system\Model.php(705): CodeIgniter\BaseModel->insert(Array, true)
#7 C:\laragon\www\Api_electro\app\Controllers\RestConcepto.php(62): CodeIgniter\Model->insert(Array)
#8 C:\laragon\www\Api_electro\vendor\codeigniter4\framework\system\CodeIgniter.php(936): App\Controllers\RestConcepto->create()
#9 C:\laragon\www\Api_electro\vendor\codeigniter4\framework\system\CodeIgniter.php(432): CodeIgniter\CodeIgniter->runController(Object(App\Controllers\RestConcepto))
#10 C:\laragon\www\Api_electro\vendor\codeigniter4\framework\system\CodeIgniter.php(333): CodeIgniter\CodeIgniter->handleRequest(NULL, Object(Config\Cache), false)
#11 C:\laragon\www\Api_electro\public\index.php(44): CodeIgniter\CodeIgniter->run()
#12 {main}
CRITICAL - 2021-06-04 10:29:12 --> Cannot add or update a child row: a foreign key constraint fails (`electro_jjal`.`concepto`, CONSTRAINT `concepto_ibfk_1` FOREIGN KEY (`Id_Venta`) REFERENCES `ventas` (`Id_ventas`))
#0 C:\laragon\www\Api_electro\vendor\codeigniter4\framework\system\Database\MySQLi\Connection.php(314): mysqli->query('INSERT INTO `co...')
#1 C:\laragon\www\Api_electro\vendor\codeigniter4\framework\system\Database\BaseConnection.php(713): CodeIgniter\Database\MySQLi\Connection->execute('INSERT INTO `co...')
#2 C:\laragon\www\Api_electro\vendor\codeigniter4\framework\system\Database\BaseConnection.php(641): CodeIgniter\Database\BaseConnection->simpleQuery('INSERT INTO `co...')
#3 C:\laragon\www\Api_electro\vendor\codeigniter4\framework\system\Database\BaseBuilder.php(2263): CodeIgniter\Database\BaseConnection->query('INSERT INTO `co...', Array, false)
#4 C:\laragon\www\Api_electro\vendor\codeigniter4\framework\system\Model.php(278): CodeIgniter\Database\BaseBuilder->insert()
#5 C:\laragon\www\Api_electro\vendor\codeigniter4\framework\system\BaseModel.php(758): CodeIgniter\Model->doInsert(Array)
#6 C:\laragon\www\Api_electro\vendor\codeigniter4\framework\system\Model.php(705): CodeIgniter\BaseModel->insert(Array, true)
#7 C:\laragon\www\Api_electro\app\Controllers\RestConcepto.php(62): CodeIgniter\Model->insert(Array)
#8 C:\laragon\www\Api_electro\vendor\codeigniter4\framework\system\CodeIgniter.php(936): App\Controllers\RestConcepto->create()
#9 C:\laragon\www\Api_electro\vendor\codeigniter4\framework\system\CodeIgniter.php(432): CodeIgniter\CodeIgniter->runController(Object(App\Controllers\RestConcepto))
#10 C:\laragon\www\Api_electro\vendor\codeigniter4\framework\system\CodeIgniter.php(333): CodeIgniter\CodeIgniter->handleRequest(NULL, Object(Config\Cache), false)
#11 C:\laragon\www\Api_electro\public\index.php(44): CodeIgniter\CodeIgniter->run()
#12 {main}
ERROR - 2021-06-04 10:29:26 --> mysqli_sql_exception: Cannot add or update a child row: a foreign key constraint fails (`electro_jjal`.`concepto`, CONSTRAINT `concepto_ibfk_1` FOREIGN KEY (`Id_Venta`) REFERENCES `ventas` (`Id_ventas`)) in C:\laragon\www\Api_electro\vendor\codeigniter4\framework\system\Database\MySQLi\Connection.php:314
Stack trace:
#0 C:\laragon\www\Api_electro\vendor\codeigniter4\framework\system\Database\MySQLi\Connection.php(314): mysqli->query('INSERT INTO `co...')
#1 C:\laragon\www\Api_electro\vendor\codeigniter4\framework\system\Database\BaseConnection.php(713): CodeIgniter\Database\MySQLi\Connection->execute('INSERT INTO `co...')
#2 C:\laragon\www\Api_electro\vendor\codeigniter4\framework\system\Database\BaseConnection.php(641): CodeIgniter\Database\BaseConnection->simpleQuery('INSERT INTO `co...')
#3 C:\laragon\www\Api_electro\vendor\codeigniter4\framework\system\Database\BaseBuilder.php(2263): CodeIgniter\Database\BaseConnection->query('INSERT INTO `co...', Array, false)
#4 C:\laragon\www\Api_electro\vendor\codeigniter4\framework\system\Model.php(278): CodeIgniter\Database\BaseBuilder->insert()
#5 C:\laragon\www\Api_electro\vendor\codeigniter4\framework\system\BaseModel.php(758): CodeIgniter\Model->doInsert(Array)
#6 C:\laragon\www\Api_electro\vendor\codeigniter4\framework\system\Model.php(705): CodeIgniter\BaseModel->insert(Array, true)
#7 C:\laragon\www\Api_electro\app\Controllers\RestConcepto.php(62): CodeIgniter\Model->insert(Array)
#8 C:\laragon\www\Api_electro\vendor\codeigniter4\framework\system\CodeIgniter.php(936): App\Controllers\RestConcepto->create()
#9 C:\laragon\www\Api_electro\vendor\codeigniter4\framework\system\CodeIgniter.php(432): CodeIgniter\CodeIgniter->runController(Object(App\Controllers\RestConcepto))
#10 C:\laragon\www\Api_electro\vendor\codeigniter4\framework\system\CodeIgniter.php(333): CodeIgniter\CodeIgniter->handleRequest(NULL, Object(Config\Cache), false)
#11 C:\laragon\www\Api_electro\public\index.php(44): CodeIgniter\CodeIgniter->run()
#12 {main}
CRITICAL - 2021-06-04 10:29:26 --> Cannot add or update a child row: a foreign key constraint fails (`electro_jjal`.`concepto`, CONSTRAINT `concepto_ibfk_1` FOREIGN KEY (`Id_Venta`) REFERENCES `ventas` (`Id_ventas`))
#0 C:\laragon\www\Api_electro\vendor\codeigniter4\framework\system\Database\MySQLi\Connection.php(314): mysqli->query('INSERT INTO `co...')
#1 C:\laragon\www\Api_electro\vendor\codeigniter4\framework\system\Database\BaseConnection.php(713): CodeIgniter\Database\MySQLi\Connection->execute('INSERT INTO `co...')
#2 C:\laragon\www\Api_electro\vendor\codeigniter4\framework\system\Database\BaseConnection.php(641): CodeIgniter\Database\BaseConnection->simpleQuery('INSERT INTO `co...')
#3 C:\laragon\www\Api_electro\vendor\codeigniter4\framework\system\Database\BaseBuilder.php(2263): CodeIgniter\Database\BaseConnection->query('INSERT INTO `co...', Array, false)
#4 C:\laragon\www\Api_electro\vendor\codeigniter4\framework\system\Model.php(278): CodeIgniter\Database\BaseBuilder->insert()
#5 C:\laragon\www\Api_electro\vendor\codeigniter4\framework\system\BaseModel.php(758): CodeIgniter\Model->doInsert(Array)
#6 C:\laragon\www\Api_electro\vendor\codeigniter4\framework\system\Model.php(705): CodeIgniter\BaseModel->insert(Array, true)
#7 C:\laragon\www\Api_electro\app\Controllers\RestConcepto.php(62): CodeIgniter\Model->insert(Array)
#8 C:\laragon\www\Api_electro\vendor\codeigniter4\framework\system\CodeIgniter.php(936): App\Controllers\RestConcepto->create()
#9 C:\laragon\www\Api_electro\vendor\codeigniter4\framework\system\CodeIgniter.php(432): CodeIgniter\CodeIgniter->runController(Object(App\Controllers\RestConcepto))
#10 C:\laragon\www\Api_electro\vendor\codeigniter4\framework\system\CodeIgniter.php(333): CodeIgniter\CodeIgniter->handleRequest(NULL, Object(Config\Cache), false)
#11 C:\laragon\www\Api_electro\public\index.php(44): CodeIgniter\CodeIgniter->run()
#12 {main}
