CRITICAL - 2021-05-14 16:38:08 --> cliente is not a valid rule.
#0 C:\laragon\www\Api_electro\vendor\codeigniter4\framework\system\Controller.php(168): CodeIgniter\Validation\Exceptions\ValidationException::forRuleNotFound('cliente')
#1 C:\laragon\www\Api_electro\app\Controllers\RestCliente.php(51): CodeIgniter\Controller->validate('cliente')
#2 C:\laragon\www\Api_electro\vendor\codeigniter4\framework\system\CodeIgniter.php(936): App\Controllers\RestCliente->create()
#3 C:\laragon\www\Api_electro\vendor\codeigniter4\framework\system\CodeIgniter.php(432): CodeIgniter\CodeIgniter->runController(Object(App\Controllers\RestCliente))
#4 C:\laragon\www\Api_electro\vendor\codeigniter4\framework\system\CodeIgniter.php(333): CodeIgniter\CodeIgniter->handleRequest(NULL, Object(Config\Cache), false)
#5 C:\laragon\www\Api_electro\public\index.php(44): CodeIgniter\CodeIgniter->run()
#6 {main}
CRITICAL - 2021-05-14 17:30:07 --> proveedor is not a valid rule.
#0 C:\laragon\www\Api_electro\vendor\codeigniter4\framework\system\Controller.php(168): CodeIgniter\Validation\Exceptions\ValidationException::forRuleNotFound('proveedor')
#1 C:\laragon\www\Api_electro\app\Controllers\RestProveedor.php(51): CodeIgniter\Controller->validate('proveedor')
#2 C:\laragon\www\Api_electro\vendor\codeigniter4\framework\system\CodeIgniter.php(936): App\Controllers\RestProveedor->create()
#3 C:\laragon\www\Api_electro\vendor\codeigniter4\framework\system\CodeIgniter.php(432): CodeIgniter\CodeIgniter->runController(Object(App\Controllers\RestProveedor))
#4 C:\laragon\www\Api_electro\vendor\codeigniter4\framework\system\CodeIgniter.php(333): CodeIgniter\CodeIgniter->handleRequest(NULL, Object(Config\Cache), false)
#5 C:\laragon\www\Api_electro\public\index.php(44): CodeIgniter\CodeIgniter->run()
#6 {main}
CRITICAL - 2021-05-14 18:33:50 --> categorias is not a valid rule.
#0 C:\laragon\www\Api_electro\vendor\codeigniter4\framework\system\Controller.php(168): CodeIgniter\Validation\Exceptions\ValidationException::forRuleNotFound('categorias')
#1 C:\laragon\www\Api_electro\app\Controllers\RestCategorias.php(49): CodeIgniter\Controller->validate('categorias')
#2 C:\laragon\www\Api_electro\vendor\codeigniter4\framework\system\CodeIgniter.php(936): App\Controllers\RestCategorias->create()
#3 C:\laragon\www\Api_electro\vendor\codeigniter4\framework\system\CodeIgniter.php(432): CodeIgniter\CodeIgniter->runController(Object(App\Controllers\RestCategorias))
#4 C:\laragon\www\Api_electro\vendor\codeigniter4\framework\system\CodeIgniter.php(333): CodeIgniter\CodeIgniter->handleRequest(NULL, Object(Config\Cache), false)
#5 C:\laragon\www\Api_electro\public\index.php(44): CodeIgniter\CodeIgniter->run()
#6 {main}
CRITICAL - 2021-05-14 18:35:01 --> There is no data to insert.
#0 C:\laragon\www\Api_electro\vendor\codeigniter4\framework\system\BaseModel.php(735): CodeIgniter\Database\Exceptions\DataException::forEmptyDataset('insert')
#1 C:\laragon\www\Api_electro\vendor\codeigniter4\framework\system\Model.php(705): CodeIgniter\BaseModel->insert(Array, true)
#2 C:\laragon\www\Api_electro\app\Controllers\RestCategorias.php(58): CodeIgniter\Model->insert(Array)
#3 C:\laragon\www\Api_electro\vendor\codeigniter4\framework\system\CodeIgniter.php(936): App\Controllers\RestCategorias->create()
#4 C:\laragon\www\Api_electro\vendor\codeigniter4\framework\system\CodeIgniter.php(432): CodeIgniter\CodeIgniter->runController(Object(App\Controllers\RestCategorias))
#5 C:\laragon\www\Api_electro\vendor\codeigniter4\framework\system\CodeIgniter.php(333): CodeIgniter\CodeIgniter->handleRequest(NULL, Object(Config\Cache), false)
#6 C:\laragon\www\Api_electro\public\index.php(44): CodeIgniter\CodeIgniter->run()
#7 {main}
ERROR - 2021-05-14 19:11:04 --> mysqli_sql_exception: Cannot add or update a child row: a foreign key constraint fails (`electro_jjal`.`producto`, CONSTRAINT `Puede Tener` FOREIGN KEY (`IdProveedor`) REFERENCES `proveedor` (`IDProveedor`)) in C:\laragon\www\Api_electro\vendor\codeigniter4\framework\system\Database\MySQLi\Connection.php:314
Stack trace:
#0 C:\laragon\www\Api_electro\vendor\codeigniter4\framework\system\Database\MySQLi\Connection.php(314): mysqli->query('INSERT INTO `pr...')
#1 C:\laragon\www\Api_electro\vendor\codeigniter4\framework\system\Database\BaseConnection.php(713): CodeIgniter\Database\MySQLi\Connection->execute('INSERT INTO `pr...')
#2 C:\laragon\www\Api_electro\vendor\codeigniter4\framework\system\Database\BaseConnection.php(641): CodeIgniter\Database\BaseConnection->simpleQuery('INSERT INTO `pr...')
#3 C:\laragon\www\Api_electro\vendor\codeigniter4\framework\system\Database\BaseBuilder.php(2263): CodeIgniter\Database\BaseConnection->query('INSERT INTO `pr...', Array, false)
#4 C:\laragon\www\Api_electro\vendor\codeigniter4\framework\system\Model.php(278): CodeIgniter\Database\BaseBuilder->insert()
#5 C:\laragon\www\Api_electro\vendor\codeigniter4\framework\system\BaseModel.php(758): CodeIgniter\Model->doInsert(Array)
#6 C:\laragon\www\Api_electro\vendor\codeigniter4\framework\system\Model.php(705): CodeIgniter\BaseModel->insert(Array, true)
#7 C:\laragon\www\Api_electro\app\Controllers\RestProducto.php(71): CodeIgniter\Model->insert(Array)
#8 C:\laragon\www\Api_electro\vendor\codeigniter4\framework\system\CodeIgniter.php(936): App\Controllers\RestProducto->create()
#9 C:\laragon\www\Api_electro\vendor\codeigniter4\framework\system\CodeIgniter.php(432): CodeIgniter\CodeIgniter->runController(Object(App\Controllers\RestProducto))
#10 C:\laragon\www\Api_electro\vendor\codeigniter4\framework\system\CodeIgniter.php(333): CodeIgniter\CodeIgniter->handleRequest(NULL, Object(Config\Cache), false)
#11 C:\laragon\www\Api_electro\public\index.php(44): CodeIgniter\CodeIgniter->run()
#12 {main}
CRITICAL - 2021-05-14 19:11:04 --> Cannot add or update a child row: a foreign key constraint fails (`electro_jjal`.`producto`, CONSTRAINT `Puede Tener` FOREIGN KEY (`IdProveedor`) REFERENCES `proveedor` (`IDProveedor`))
#0 C:\laragon\www\Api_electro\vendor\codeigniter4\framework\system\Database\MySQLi\Connection.php(314): mysqli->query('INSERT INTO `pr...')
#1 C:\laragon\www\Api_electro\vendor\codeigniter4\framework\system\Database\BaseConnection.php(713): CodeIgniter\Database\MySQLi\Connection->execute('INSERT INTO `pr...')
#2 C:\laragon\www\Api_electro\vendor\codeigniter4\framework\system\Database\BaseConnection.php(641): CodeIgniter\Database\BaseConnection->simpleQuery('INSERT INTO `pr...')
#3 C:\laragon\www\Api_electro\vendor\codeigniter4\framework\system\Database\BaseBuilder.php(2263): CodeIgniter\Database\BaseConnection->query('INSERT INTO `pr...', Array, false)
#4 C:\laragon\www\Api_electro\vendor\codeigniter4\framework\system\Model.php(278): CodeIgniter\Database\BaseBuilder->insert()
#5 C:\laragon\www\Api_electro\vendor\codeigniter4\framework\system\BaseModel.php(758): CodeIgniter\Model->doInsert(Array)
#6 C:\laragon\www\Api_electro\vendor\codeigniter4\framework\system\Model.php(705): CodeIgniter\BaseModel->insert(Array, true)
#7 C:\laragon\www\Api_electro\app\Controllers\RestProducto.php(71): CodeIgniter\Model->insert(Array)
#8 C:\laragon\www\Api_electro\vendor\codeigniter4\framework\system\CodeIgniter.php(936): App\Controllers\RestProducto->create()
#9 C:\laragon\www\Api_electro\vendor\codeigniter4\framework\system\CodeIgniter.php(432): CodeIgniter\CodeIgniter->runController(Object(App\Controllers\RestProducto))
#10 C:\laragon\www\Api_electro\vendor\codeigniter4\framework\system\CodeIgniter.php(333): CodeIgniter\CodeIgniter->handleRequest(NULL, Object(Config\Cache), false)
#11 C:\laragon\www\Api_electro\public\index.php(44): CodeIgniter\CodeIgniter->run()
#12 {main}
ERROR - 2021-05-14 19:38:19 --> mysqli_sql_exception: Duplicate entry '0' for key 'PRIMARY' in C:\laragon\www\Api_electro\vendor\codeigniter4\framework\system\Database\MySQLi\Connection.php:314
Stack trace:
#0 C:\laragon\www\Api_electro\vendor\codeigniter4\framework\system\Database\MySQLi\Connection.php(314): mysqli->query('INSERT INTO `pr...')
#1 C:\laragon\www\Api_electro\vendor\codeigniter4\framework\system\Database\BaseConnection.php(713): CodeIgniter\Database\MySQLi\Connection->execute('INSERT INTO `pr...')
#2 C:\laragon\www\Api_electro\vendor\codeigniter4\framework\system\Database\BaseConnection.php(641): CodeIgniter\Database\BaseConnection->simpleQuery('INSERT INTO `pr...')
#3 C:\laragon\www\Api_electro\vendor\codeigniter4\framework\system\Database\BaseBuilder.php(2263): CodeIgniter\Database\BaseConnection->query('INSERT INTO `pr...', Array, false)
#4 C:\laragon\www\Api_electro\vendor\codeigniter4\framework\system\Model.php(278): CodeIgniter\Database\BaseBuilder->insert()
#5 C:\laragon\www\Api_electro\vendor\codeigniter4\framework\system\BaseModel.php(758): CodeIgniter\Model->doInsert(Array)
#6 C:\laragon\www\Api_electro\vendor\codeigniter4\framework\system\Model.php(705): CodeIgniter\BaseModel->insert(Array, true)
#7 C:\laragon\www\Api_electro\app\Controllers\RestProducto.php(71): CodeIgniter\Model->insert(Array)
#8 C:\laragon\www\Api_electro\vendor\codeigniter4\framework\system\CodeIgniter.php(936): App\Controllers\RestProducto->create()
#9 C:\laragon\www\Api_electro\vendor\codeigniter4\framework\system\CodeIgniter.php(432): CodeIgniter\CodeIgniter->runController(Object(App\Controllers\RestProducto))
#10 C:\laragon\www\Api_electro\vendor\codeigniter4\framework\system\CodeIgniter.php(333): CodeIgniter\CodeIgniter->handleRequest(NULL, Object(Config\Cache), false)
#11 C:\laragon\www\Api_electro\public\index.php(44): CodeIgniter\CodeIgniter->run()
#12 {main}
CRITICAL - 2021-05-14 19:38:19 --> Duplicate entry '0' for key 'PRIMARY'
#0 C:\laragon\www\Api_electro\vendor\codeigniter4\framework\system\Database\MySQLi\Connection.php(314): mysqli->query('INSERT INTO `pr...')
#1 C:\laragon\www\Api_electro\vendor\codeigniter4\framework\system\Database\BaseConnection.php(713): CodeIgniter\Database\MySQLi\Connection->execute('INSERT INTO `pr...')
#2 C:\laragon\www\Api_electro\vendor\codeigniter4\framework\system\Database\BaseConnection.php(641): CodeIgniter\Database\BaseConnection->simpleQuery('INSERT INTO `pr...')
#3 C:\laragon\www\Api_electro\vendor\codeigniter4\framework\system\Database\BaseBuilder.php(2263): CodeIgniter\Database\BaseConnection->query('INSERT INTO `pr...', Array, false)
#4 C:\laragon\www\Api_electro\vendor\codeigniter4\framework\system\Model.php(278): CodeIgniter\Database\BaseBuilder->insert()
#5 C:\laragon\www\Api_electro\vendor\codeigniter4\framework\system\BaseModel.php(758): CodeIgniter\Model->doInsert(Array)
#6 C:\laragon\www\Api_electro\vendor\codeigniter4\framework\system\Model.php(705): CodeIgniter\BaseModel->insert(Array, true)
#7 C:\laragon\www\Api_electro\app\Controllers\RestProducto.php(71): CodeIgniter\Model->insert(Array)
#8 C:\laragon\www\Api_electro\vendor\codeigniter4\framework\system\CodeIgniter.php(936): App\Controllers\RestProducto->create()
#9 C:\laragon\www\Api_electro\vendor\codeigniter4\framework\system\CodeIgniter.php(432): CodeIgniter\CodeIgniter->runController(Object(App\Controllers\RestProducto))
#10 C:\laragon\www\Api_electro\vendor\codeigniter4\framework\system\CodeIgniter.php(333): CodeIgniter\CodeIgniter->handleRequest(NULL, Object(Config\Cache), false)
#11 C:\laragon\www\Api_electro\public\index.php(44): CodeIgniter\CodeIgniter->run()
#12 {main}
ERROR - 2021-05-14 19:38:36 --> mysqli_sql_exception: Duplicate entry '0' for key 'PRIMARY' in C:\laragon\www\Api_electro\vendor\codeigniter4\framework\system\Database\MySQLi\Connection.php:314
Stack trace:
#0 C:\laragon\www\Api_electro\vendor\codeigniter4\framework\system\Database\MySQLi\Connection.php(314): mysqli->query('INSERT INTO `pr...')
#1 C:\laragon\www\Api_electro\vendor\codeigniter4\framework\system\Database\BaseConnection.php(713): CodeIgniter\Database\MySQLi\Connection->execute('INSERT INTO `pr...')
#2 C:\laragon\www\Api_electro\vendor\codeigniter4\framework\system\Database\BaseConnection.php(641): CodeIgniter\Database\BaseConnection->simpleQuery('INSERT INTO `pr...')
#3 C:\laragon\www\Api_electro\vendor\codeigniter4\framework\system\Database\BaseBuilder.php(2263): CodeIgniter\Database\BaseConnection->query('INSERT INTO `pr...', Array, false)
#4 C:\laragon\www\Api_electro\vendor\codeigniter4\framework\system\Model.php(278): CodeIgniter\Database\BaseBuilder->insert()
#5 C:\laragon\www\Api_electro\vendor\codeigniter4\framework\system\BaseModel.php(758): CodeIgniter\Model->doInsert(Array)
#6 C:\laragon\www\Api_electro\vendor\codeigniter4\framework\system\Model.php(705): CodeIgniter\BaseModel->insert(Array, true)
#7 C:\laragon\www\Api_electro\app\Controllers\RestProducto.php(71): CodeIgniter\Model->insert(Array)
#8 C:\laragon\www\Api_electro\vendor\codeigniter4\framework\system\CodeIgniter.php(936): App\Controllers\RestProducto->create()
#9 C:\laragon\www\Api_electro\vendor\codeigniter4\framework\system\CodeIgniter.php(432): CodeIgniter\CodeIgniter->runController(Object(App\Controllers\RestProducto))
#10 C:\laragon\www\Api_electro\vendor\codeigniter4\framework\system\CodeIgniter.php(333): CodeIgniter\CodeIgniter->handleRequest(NULL, Object(Config\Cache), false)
#11 C:\laragon\www\Api_electro\public\index.php(44): CodeIgniter\CodeIgniter->run()
#12 {main}
CRITICAL - 2021-05-14 19:38:36 --> Duplicate entry '0' for key 'PRIMARY'
#0 C:\laragon\www\Api_electro\vendor\codeigniter4\framework\system\Database\MySQLi\Connection.php(314): mysqli->query('INSERT INTO `pr...')
#1 C:\laragon\www\Api_electro\vendor\codeigniter4\framework\system\Database\BaseConnection.php(713): CodeIgniter\Database\MySQLi\Connection->execute('INSERT INTO `pr...')
#2 C:\laragon\www\Api_electro\vendor\codeigniter4\framework\system\Database\BaseConnection.php(641): CodeIgniter\Database\BaseConnection->simpleQuery('INSERT INTO `pr...')
#3 C:\laragon\www\Api_electro\vendor\codeigniter4\framework\system\Database\BaseBuilder.php(2263): CodeIgniter\Database\BaseConnection->query('INSERT INTO `pr...', Array, false)
#4 C:\laragon\www\Api_electro\vendor\codeigniter4\framework\system\Model.php(278): CodeIgniter\Database\BaseBuilder->insert()
#5 C:\laragon\www\Api_electro\vendor\codeigniter4\framework\system\BaseModel.php(758): CodeIgniter\Model->doInsert(Array)
#6 C:\laragon\www\Api_electro\vendor\codeigniter4\framework\system\Model.php(705): CodeIgniter\BaseModel->insert(Array, true)
#7 C:\laragon\www\Api_electro\app\Controllers\RestProducto.php(71): CodeIgniter\Model->insert(Array)
#8 C:\laragon\www\Api_electro\vendor\codeigniter4\framework\system\CodeIgniter.php(936): App\Controllers\RestProducto->create()
#9 C:\laragon\www\Api_electro\vendor\codeigniter4\framework\system\CodeIgniter.php(432): CodeIgniter\CodeIgniter->runController(Object(App\Controllers\RestProducto))
#10 C:\laragon\www\Api_electro\vendor\codeigniter4\framework\system\CodeIgniter.php(333): CodeIgniter\CodeIgniter->handleRequest(NULL, Object(Config\Cache), false)
#11 C:\laragon\www\Api_electro\public\index.php(44): CodeIgniter\CodeIgniter->run()
#12 {main}
