ERROR - 2021-05-25 07:08:12 --> mysqli_sql_exception: Duplicate entry '123456789' for key 'Cedula' in C:\laragon\www\Api_electro\vendor\codeigniter4\framework\system\Database\MySQLi\Connection.php:314
Stack trace:
#0 C:\laragon\www\Api_electro\vendor\codeigniter4\framework\system\Database\MySQLi\Connection.php(314): mysqli->query('INSERT INTO `cl...')
#1 C:\laragon\www\Api_electro\vendor\codeigniter4\framework\system\Database\BaseConnection.php(713): CodeIgniter\Database\MySQLi\Connection->execute('INSERT INTO `cl...')
#2 C:\laragon\www\Api_electro\vendor\codeigniter4\framework\system\Database\BaseConnection.php(641): CodeIgniter\Database\BaseConnection->simpleQuery('INSERT INTO `cl...')
#3 C:\laragon\www\Api_electro\vendor\codeigniter4\framework\system\Database\BaseBuilder.php(2263): CodeIgniter\Database\BaseConnection->query('INSERT INTO `cl...', Array, false)
#4 C:\laragon\www\Api_electro\vendor\codeigniter4\framework\system\Model.php(278): CodeIgniter\Database\BaseBuilder->insert()
#5 C:\laragon\www\Api_electro\vendor\codeigniter4\framework\system\BaseModel.php(758): CodeIgniter\Model->doInsert(Array)
#6 C:\laragon\www\Api_electro\vendor\codeigniter4\framework\system\Model.php(705): CodeIgniter\BaseModel->insert(Array, true)
#7 C:\laragon\www\Api_electro\app\Controllers\RestCliente.php(69): CodeIgniter\Model->insert(Array)
#8 C:\laragon\www\Api_electro\vendor\codeigniter4\framework\system\CodeIgniter.php(936): App\Controllers\RestCliente->create()
#9 C:\laragon\www\Api_electro\vendor\codeigniter4\framework\system\CodeIgniter.php(432): CodeIgniter\CodeIgniter->runController(Object(App\Controllers\RestCliente))
#10 C:\laragon\www\Api_electro\vendor\codeigniter4\framework\system\CodeIgniter.php(333): CodeIgniter\CodeIgniter->handleRequest(NULL, Object(Config\Cache), false)
#11 C:\laragon\www\Api_electro\public\index.php(44): CodeIgniter\CodeIgniter->run()
#12 {main}
CRITICAL - 2021-05-25 07:08:12 --> Duplicate entry '123456789' for key 'Cedula'
#0 C:\laragon\www\Api_electro\vendor\codeigniter4\framework\system\Database\MySQLi\Connection.php(314): mysqli->query('INSERT INTO `cl...')
#1 C:\laragon\www\Api_electro\vendor\codeigniter4\framework\system\Database\BaseConnection.php(713): CodeIgniter\Database\MySQLi\Connection->execute('INSERT INTO `cl...')
#2 C:\laragon\www\Api_electro\vendor\codeigniter4\framework\system\Database\BaseConnection.php(641): CodeIgniter\Database\BaseConnection->simpleQuery('INSERT INTO `cl...')
#3 C:\laragon\www\Api_electro\vendor\codeigniter4\framework\system\Database\BaseBuilder.php(2263): CodeIgniter\Database\BaseConnection->query('INSERT INTO `cl...', Array, false)
#4 C:\laragon\www\Api_electro\vendor\codeigniter4\framework\system\Model.php(278): CodeIgniter\Database\BaseBuilder->insert()
#5 C:\laragon\www\Api_electro\vendor\codeigniter4\framework\system\BaseModel.php(758): CodeIgniter\Model->doInsert(Array)
#6 C:\laragon\www\Api_electro\vendor\codeigniter4\framework\system\Model.php(705): CodeIgniter\BaseModel->insert(Array, true)
#7 C:\laragon\www\Api_electro\app\Controllers\RestCliente.php(69): CodeIgniter\Model->insert(Array)
#8 C:\laragon\www\Api_electro\vendor\codeigniter4\framework\system\CodeIgniter.php(936): App\Controllers\RestCliente->create()
#9 C:\laragon\www\Api_electro\vendor\codeigniter4\framework\system\CodeIgniter.php(432): CodeIgniter\CodeIgniter->runController(Object(App\Controllers\RestCliente))
#10 C:\laragon\www\Api_electro\vendor\codeigniter4\framework\system\CodeIgniter.php(333): CodeIgniter\CodeIgniter->handleRequest(NULL, Object(Config\Cache), false)
#11 C:\laragon\www\Api_electro\public\index.php(44): CodeIgniter\CodeIgniter->run()
#12 {main}
ERROR - 2021-05-25 07:08:21 --> mysqli_sql_exception: Duplicate entry '123456789' for key 'Cedula' in C:\laragon\www\Api_electro\vendor\codeigniter4\framework\system\Database\MySQLi\Connection.php:314
Stack trace:
#0 C:\laragon\www\Api_electro\vendor\codeigniter4\framework\system\Database\MySQLi\Connection.php(314): mysqli->query('INSERT INTO `cl...')
#1 C:\laragon\www\Api_electro\vendor\codeigniter4\framework\system\Database\BaseConnection.php(713): CodeIgniter\Database\MySQLi\Connection->execute('INSERT INTO `cl...')
#2 C:\laragon\www\Api_electro\vendor\codeigniter4\framework\system\Database\BaseConnection.php(641): CodeIgniter\Database\BaseConnection->simpleQuery('INSERT INTO `cl...')
#3 C:\laragon\www\Api_electro\vendor\codeigniter4\framework\system\Database\BaseBuilder.php(2263): CodeIgniter\Database\BaseConnection->query('INSERT INTO `cl...', Array, false)
#4 C:\laragon\www\Api_electro\vendor\codeigniter4\framework\system\Model.php(278): CodeIgniter\Database\BaseBuilder->insert()
#5 C:\laragon\www\Api_electro\vendor\codeigniter4\framework\system\BaseModel.php(758): CodeIgniter\Model->doInsert(Array)
#6 C:\laragon\www\Api_electro\vendor\codeigniter4\framework\system\Model.php(705): CodeIgniter\BaseModel->insert(Array, true)
#7 C:\laragon\www\Api_electro\app\Controllers\RestCliente.php(69): CodeIgniter\Model->insert(Array)
#8 C:\laragon\www\Api_electro\vendor\codeigniter4\framework\system\CodeIgniter.php(936): App\Controllers\RestCliente->create()
#9 C:\laragon\www\Api_electro\vendor\codeigniter4\framework\system\CodeIgniter.php(432): CodeIgniter\CodeIgniter->runController(Object(App\Controllers\RestCliente))
#10 C:\laragon\www\Api_electro\vendor\codeigniter4\framework\system\CodeIgniter.php(333): CodeIgniter\CodeIgniter->handleRequest(NULL, Object(Config\Cache), false)
#11 C:\laragon\www\Api_electro\public\index.php(44): CodeIgniter\CodeIgniter->run()
#12 {main}
CRITICAL - 2021-05-25 07:08:21 --> Duplicate entry '123456789' for key 'Cedula'
#0 C:\laragon\www\Api_electro\vendor\codeigniter4\framework\system\Database\MySQLi\Connection.php(314): mysqli->query('INSERT INTO `cl...')
#1 C:\laragon\www\Api_electro\vendor\codeigniter4\framework\system\Database\BaseConnection.php(713): CodeIgniter\Database\MySQLi\Connection->execute('INSERT INTO `cl...')
#2 C:\laragon\www\Api_electro\vendor\codeigniter4\framework\system\Database\BaseConnection.php(641): CodeIgniter\Database\BaseConnection->simpleQuery('INSERT INTO `cl...')
#3 C:\laragon\www\Api_electro\vendor\codeigniter4\framework\system\Database\BaseBuilder.php(2263): CodeIgniter\Database\BaseConnection->query('INSERT INTO `cl...', Array, false)
#4 C:\laragon\www\Api_electro\vendor\codeigniter4\framework\system\Model.php(278): CodeIgniter\Database\BaseBuilder->insert()
#5 C:\laragon\www\Api_electro\vendor\codeigniter4\framework\system\BaseModel.php(758): CodeIgniter\Model->doInsert(Array)
#6 C:\laragon\www\Api_electro\vendor\codeigniter4\framework\system\Model.php(705): CodeIgniter\BaseModel->insert(Array, true)
#7 C:\laragon\www\Api_electro\app\Controllers\RestCliente.php(69): CodeIgniter\Model->insert(Array)
#8 C:\laragon\www\Api_electro\vendor\codeigniter4\framework\system\CodeIgniter.php(936): App\Controllers\RestCliente->create()
#9 C:\laragon\www\Api_electro\vendor\codeigniter4\framework\system\CodeIgniter.php(432): CodeIgniter\CodeIgniter->runController(Object(App\Controllers\RestCliente))
#10 C:\laragon\www\Api_electro\vendor\codeigniter4\framework\system\CodeIgniter.php(333): CodeIgniter\CodeIgniter->handleRequest(NULL, Object(Config\Cache), false)
#11 C:\laragon\www\Api_electro\public\index.php(44): CodeIgniter\CodeIgniter->run()
#12 {main}
ERROR - 2021-05-25 07:08:33 --> mysqli_sql_exception: Duplicate entry '123456789' for key 'Cedula' in C:\laragon\www\Api_electro\vendor\codeigniter4\framework\system\Database\MySQLi\Connection.php:314
Stack trace:
#0 C:\laragon\www\Api_electro\vendor\codeigniter4\framework\system\Database\MySQLi\Connection.php(314): mysqli->query('INSERT INTO `cl...')
#1 C:\laragon\www\Api_electro\vendor\codeigniter4\framework\system\Database\BaseConnection.php(713): CodeIgniter\Database\MySQLi\Connection->execute('INSERT INTO `cl...')
#2 C:\laragon\www\Api_electro\vendor\codeigniter4\framework\system\Database\BaseConnection.php(641): CodeIgniter\Database\BaseConnection->simpleQuery('INSERT INTO `cl...')
#3 C:\laragon\www\Api_electro\vendor\codeigniter4\framework\system\Database\BaseBuilder.php(2263): CodeIgniter\Database\BaseConnection->query('INSERT INTO `cl...', Array, false)
#4 C:\laragon\www\Api_electro\vendor\codeigniter4\framework\system\Model.php(278): CodeIgniter\Database\BaseBuilder->insert()
#5 C:\laragon\www\Api_electro\vendor\codeigniter4\framework\system\BaseModel.php(758): CodeIgniter\Model->doInsert(Array)
#6 C:\laragon\www\Api_electro\vendor\codeigniter4\framework\system\Model.php(705): CodeIgniter\BaseModel->insert(Array, true)
#7 C:\laragon\www\Api_electro\app\Controllers\RestCliente.php(69): CodeIgniter\Model->insert(Array)
#8 C:\laragon\www\Api_electro\vendor\codeigniter4\framework\system\CodeIgniter.php(936): App\Controllers\RestCliente->create()
#9 C:\laragon\www\Api_electro\vendor\codeigniter4\framework\system\CodeIgniter.php(432): CodeIgniter\CodeIgniter->runController(Object(App\Controllers\RestCliente))
#10 C:\laragon\www\Api_electro\vendor\codeigniter4\framework\system\CodeIgniter.php(333): CodeIgniter\CodeIgniter->handleRequest(NULL, Object(Config\Cache), false)
#11 C:\laragon\www\Api_electro\public\index.php(44): CodeIgniter\CodeIgniter->run()
#12 {main}
CRITICAL - 2021-05-25 07:08:33 --> Duplicate entry '123456789' for key 'Cedula'
#0 C:\laragon\www\Api_electro\vendor\codeigniter4\framework\system\Database\MySQLi\Connection.php(314): mysqli->query('INSERT INTO `cl...')
#1 C:\laragon\www\Api_electro\vendor\codeigniter4\framework\system\Database\BaseConnection.php(713): CodeIgniter\Database\MySQLi\Connection->execute('INSERT INTO `cl...')
#2 C:\laragon\www\Api_electro\vendor\codeigniter4\framework\system\Database\BaseConnection.php(641): CodeIgniter\Database\BaseConnection->simpleQuery('INSERT INTO `cl...')
#3 C:\laragon\www\Api_electro\vendor\codeigniter4\framework\system\Database\BaseBuilder.php(2263): CodeIgniter\Database\BaseConnection->query('INSERT INTO `cl...', Array, false)
#4 C:\laragon\www\Api_electro\vendor\codeigniter4\framework\system\Model.php(278): CodeIgniter\Database\BaseBuilder->insert()
#5 C:\laragon\www\Api_electro\vendor\codeigniter4\framework\system\BaseModel.php(758): CodeIgniter\Model->doInsert(Array)
#6 C:\laragon\www\Api_electro\vendor\codeigniter4\framework\system\Model.php(705): CodeIgniter\BaseModel->insert(Array, true)
#7 C:\laragon\www\Api_electro\app\Controllers\RestCliente.php(69): CodeIgniter\Model->insert(Array)
#8 C:\laragon\www\Api_electro\vendor\codeigniter4\framework\system\CodeIgniter.php(936): App\Controllers\RestCliente->create()
#9 C:\laragon\www\Api_electro\vendor\codeigniter4\framework\system\CodeIgniter.php(432): CodeIgniter\CodeIgniter->runController(Object(App\Controllers\RestCliente))
#10 C:\laragon\www\Api_electro\vendor\codeigniter4\framework\system\CodeIgniter.php(333): CodeIgniter\CodeIgniter->handleRequest(NULL, Object(Config\Cache), false)
#11 C:\laragon\www\Api_electro\public\index.php(44): CodeIgniter\CodeIgniter->run()
#12 {main}
CRITICAL - 2021-05-25 18:14:20 --> Undefined property: App\Controllers\RestCliente::$encrypt
#0 C:\laragon\www\Api_electro\app\Controllers\RestCliente.php(61): CodeIgniter\Debug\Exceptions->errorHandler(8, 'Undefined prope...', 'C:\\laragon\\www\\...', 61, Array)
#1 C:\laragon\www\Api_electro\vendor\codeigniter4\framework\system\CodeIgniter.php(936): App\Controllers\RestCliente->create()
#2 C:\laragon\www\Api_electro\vendor\codeigniter4\framework\system\CodeIgniter.php(432): CodeIgniter\CodeIgniter->runController(Object(App\Controllers\RestCliente))
#3 C:\laragon\www\Api_electro\vendor\codeigniter4\framework\system\CodeIgniter.php(333): CodeIgniter\CodeIgniter->handleRequest(NULL, Object(Config\Cache), false)
#4 C:\laragon\www\Api_electro\public\index.php(44): CodeIgniter\CodeIgniter->run()
#5 {main}
CRITICAL - 2021-05-25 18:17:23 --> Undefined property: App\Controllers\RestCliente::$encrypt
#0 C:\laragon\www\Api_electro\app\Controllers\RestCliente.php(61): CodeIgniter\Debug\Exceptions->errorHandler(8, 'Undefined prope...', 'C:\\laragon\\www\\...', 61, Array)
#1 C:\laragon\www\Api_electro\vendor\codeigniter4\framework\system\CodeIgniter.php(936): App\Controllers\RestCliente->create()
#2 C:\laragon\www\Api_electro\vendor\codeigniter4\framework\system\CodeIgniter.php(432): CodeIgniter\CodeIgniter->runController(Object(App\Controllers\RestCliente))
#3 C:\laragon\www\Api_electro\vendor\codeigniter4\framework\system\CodeIgniter.php(333): CodeIgniter\CodeIgniter->handleRequest(NULL, Object(Config\Cache), false)
#4 C:\laragon\www\Api_electro\public\index.php(44): CodeIgniter\CodeIgniter->run()
#5 {main}
ERROR - 2021-05-25 18:33:20 --> mysqli_sql_exception: Duplicate entry '76' for key 'Cedula' in C:\laragon\www\Api_electro\vendor\codeigniter4\framework\system\Database\MySQLi\Connection.php:314
Stack trace:
#0 C:\laragon\www\Api_electro\vendor\codeigniter4\framework\system\Database\MySQLi\Connection.php(314): mysqli->query('INSERT INTO `cl...')
#1 C:\laragon\www\Api_electro\vendor\codeigniter4\framework\system\Database\BaseConnection.php(713): CodeIgniter\Database\MySQLi\Connection->execute('INSERT INTO `cl...')
#2 C:\laragon\www\Api_electro\vendor\codeigniter4\framework\system\Database\BaseConnection.php(641): CodeIgniter\Database\BaseConnection->simpleQuery('INSERT INTO `cl...')
#3 C:\laragon\www\Api_electro\vendor\codeigniter4\framework\system\Database\BaseBuilder.php(2263): CodeIgniter\Database\BaseConnection->query('INSERT INTO `cl...', Array, false)
#4 C:\laragon\www\Api_electro\vendor\codeigniter4\framework\system\Model.php(278): CodeIgniter\Database\BaseBuilder->insert()
#5 C:\laragon\www\Api_electro\vendor\codeigniter4\framework\system\BaseModel.php(758): CodeIgniter\Model->doInsert(Array)
#6 C:\laragon\www\Api_electro\vendor\codeigniter4\framework\system\Model.php(705): CodeIgniter\BaseModel->insert(Array, true)
#7 C:\laragon\www\Api_electro\app\Controllers\RestCliente.php(72): CodeIgniter\Model->insert(Array)
#8 C:\laragon\www\Api_electro\vendor\codeigniter4\framework\system\CodeIgniter.php(936): App\Controllers\RestCliente->create()
#9 C:\laragon\www\Api_electro\vendor\codeigniter4\framework\system\CodeIgniter.php(432): CodeIgniter\CodeIgniter->runController(Object(App\Controllers\RestCliente))
#10 C:\laragon\www\Api_electro\vendor\codeigniter4\framework\system\CodeIgniter.php(333): CodeIgniter\CodeIgniter->handleRequest(NULL, Object(Config\Cache), false)
#11 C:\laragon\www\Api_electro\public\index.php(44): CodeIgniter\CodeIgniter->run()
#12 {main}
CRITICAL - 2021-05-25 18:33:20 --> Duplicate entry '76' for key 'Cedula'
#0 C:\laragon\www\Api_electro\vendor\codeigniter4\framework\system\Database\MySQLi\Connection.php(314): mysqli->query('INSERT INTO `cl...')
#1 C:\laragon\www\Api_electro\vendor\codeigniter4\framework\system\Database\BaseConnection.php(713): CodeIgniter\Database\MySQLi\Connection->execute('INSERT INTO `cl...')
#2 C:\laragon\www\Api_electro\vendor\codeigniter4\framework\system\Database\BaseConnection.php(641): CodeIgniter\Database\BaseConnection->simpleQuery('INSERT INTO `cl...')
#3 C:\laragon\www\Api_electro\vendor\codeigniter4\framework\system\Database\BaseBuilder.php(2263): CodeIgniter\Database\BaseConnection->query('INSERT INTO `cl...', Array, false)
#4 C:\laragon\www\Api_electro\vendor\codeigniter4\framework\system\Model.php(278): CodeIgniter\Database\BaseBuilder->insert()
#5 C:\laragon\www\Api_electro\vendor\codeigniter4\framework\system\BaseModel.php(758): CodeIgniter\Model->doInsert(Array)
#6 C:\laragon\www\Api_electro\vendor\codeigniter4\framework\system\Model.php(705): CodeIgniter\BaseModel->insert(Array, true)
#7 C:\laragon\www\Api_electro\app\Controllers\RestCliente.php(72): CodeIgniter\Model->insert(Array)
#8 C:\laragon\www\Api_electro\vendor\codeigniter4\framework\system\CodeIgniter.php(936): App\Controllers\RestCliente->create()
#9 C:\laragon\www\Api_electro\vendor\codeigniter4\framework\system\CodeIgniter.php(432): CodeIgniter\CodeIgniter->runController(Object(App\Controllers\RestCliente))
#10 C:\laragon\www\Api_electro\vendor\codeigniter4\framework\system\CodeIgniter.php(333): CodeIgniter\CodeIgniter->handleRequest(NULL, Object(Config\Cache), false)
#11 C:\laragon\www\Api_electro\public\index.php(44): CodeIgniter\CodeIgniter->run()
#12 {main}
CRITICAL - 2021-05-25 20:35:51 --> Undefined property: App\Controllers\RestCliente::$crypt
#0 C:\laragon\www\Api_electro\app\Controllers\RestCliente.php(38): CodeIgniter\Debug\Exceptions->errorHandler(8, 'Undefined prope...', 'C:\\laragon\\www\\...', 38, Array)
#1 C:\laragon\www\Api_electro\vendor\codeigniter4\framework\system\CodeIgniter.php(936): App\Controllers\RestCliente->show('14')
#2 C:\laragon\www\Api_electro\vendor\codeigniter4\framework\system\CodeIgniter.php(432): CodeIgniter\CodeIgniter->runController(Object(App\Controllers\RestCliente))
#3 C:\laragon\www\Api_electro\vendor\codeigniter4\framework\system\CodeIgniter.php(333): CodeIgniter\CodeIgniter->handleRequest(NULL, Object(Config\Cache), false)
#4 C:\laragon\www\Api_electro\public\index.php(44): CodeIgniter\CodeIgniter->run()
#5 {main}
CRITICAL - 2021-05-25 20:36:38 --> crypt() expects parameter 1 to be string, array given
#0 [internal function]: CodeIgniter\Debug\Exceptions->errorHandler(2, 'crypt() expects...', 'C:\\laragon\\www\\...', 38, Array)
#1 C:\laragon\www\Api_electro\app\Controllers\RestCliente.php(38): crypt(Array, 1)
#2 C:\laragon\www\Api_electro\vendor\codeigniter4\framework\system\CodeIgniter.php(936): App\Controllers\RestCliente->show('14')
#3 C:\laragon\www\Api_electro\vendor\codeigniter4\framework\system\CodeIgniter.php(432): CodeIgniter\CodeIgniter->runController(Object(App\Controllers\RestCliente))
#4 C:\laragon\www\Api_electro\vendor\codeigniter4\framework\system\CodeIgniter.php(333): CodeIgniter\CodeIgniter->handleRequest(NULL, Object(Config\Cache), false)
#5 C:\laragon\www\Api_electro\public\index.php(44): CodeIgniter\CodeIgniter->run()
#6 {main}
CRITICAL - 2021-05-25 20:36:50 --> crypt() expects parameter 1 to be string, array given
#0 [internal function]: CodeIgniter\Debug\Exceptions->errorHandler(2, 'crypt() expects...', 'C:\\laragon\\www\\...', 38, Array)
#1 C:\laragon\www\Api_electro\app\Controllers\RestCliente.php(38): crypt(Array)
#2 C:\laragon\www\Api_electro\vendor\codeigniter4\framework\system\CodeIgniter.php(936): App\Controllers\RestCliente->show('14')
#3 C:\laragon\www\Api_electro\vendor\codeigniter4\framework\system\CodeIgniter.php(432): CodeIgniter\CodeIgniter->runController(Object(App\Controllers\RestCliente))
#4 C:\laragon\www\Api_electro\vendor\codeigniter4\framework\system\CodeIgniter.php(333): CodeIgniter\CodeIgniter->handleRequest(NULL, Object(Config\Cache), false)
#5 C:\laragon\www\Api_electro\public\index.php(44): CodeIgniter\CodeIgniter->run()
#6 {main}
CRITICAL - 2021-05-25 21:30:38 --> Argument 2 passed to dot_array_search() must be of the type array, null given, called in C:\laragon\www\Api_electro\vendor\codeigniter4\framework\system\HTTP\IncomingRequest.php on line 360
#0 C:\laragon\www\Api_electro\vendor\codeigniter4\framework\system\HTTP\IncomingRequest.php(360): dot_array_search('Contrase\xC3\xB1a', NULL)
#1 C:\laragon\www\Api_electro\app\Controllers\RestCliente.php(36): CodeIgniter\HTTP\IncomingRequest->getJsonVar('Contrase\xC3\xB1a')
#2 C:\laragon\www\Api_electro\vendor\codeigniter4\framework\system\CodeIgniter.php(936): App\Controllers\RestCliente->show('12')
#3 C:\laragon\www\Api_electro\vendor\codeigniter4\framework\system\CodeIgniter.php(432): CodeIgniter\CodeIgniter->runController(Object(App\Controllers\RestCliente))
#4 C:\laragon\www\Api_electro\vendor\codeigniter4\framework\system\CodeIgniter.php(333): CodeIgniter\CodeIgniter->handleRequest(NULL, Object(Config\Cache), false)
#5 C:\laragon\www\Api_electro\public\index.php(44): CodeIgniter\CodeIgniter->run()
#6 {main}
CRITICAL - 2021-05-25 22:10:32 --> Argument 2 passed to dot_array_search() must be of the type array, null given, called in C:\laragon\www\Api_electro\vendor\codeigniter4\framework\system\HTTP\IncomingRequest.php on line 360
#0 C:\laragon\www\Api_electro\vendor\codeigniter4\framework\system\HTTP\IncomingRequest.php(360): dot_array_search('Cedula', NULL)
#1 C:\laragon\www\Api_electro\app\Controllers\RestLogin.php(45): CodeIgniter\HTTP\IncomingRequest->getJsonVar('Cedula')
#2 C:\laragon\www\Api_electro\vendor\codeigniter4\framework\system\CodeIgniter.php(936): App\Controllers\RestLogin->create()
#3 C:\laragon\www\Api_electro\vendor\codeigniter4\framework\system\CodeIgniter.php(432): CodeIgniter\CodeIgniter->runController(Object(App\Controllers\RestLogin))
#4 C:\laragon\www\Api_electro\vendor\codeigniter4\framework\system\CodeIgniter.php(333): CodeIgniter\CodeIgniter->handleRequest(NULL, Object(Config\Cache), false)
#5 C:\laragon\www\Api_electro\public\index.php(44): CodeIgniter\CodeIgniter->run()
#6 {main}
CRITICAL - 2021-05-25 22:12:43 --> Argument 2 passed to dot_array_search() must be of the type array, null given, called in C:\laragon\www\Api_electro\vendor\codeigniter4\framework\system\HTTP\IncomingRequest.php on line 360
#0 C:\laragon\www\Api_electro\vendor\codeigniter4\framework\system\HTTP\IncomingRequest.php(360): dot_array_search('Cedula', NULL)
#1 C:\laragon\www\Api_electro\app\Controllers\RestLogin.php(45): CodeIgniter\HTTP\IncomingRequest->getJsonVar('Cedula')
#2 C:\laragon\www\Api_electro\vendor\codeigniter4\framework\system\CodeIgniter.php(936): App\Controllers\RestLogin->create()
#3 C:\laragon\www\Api_electro\vendor\codeigniter4\framework\system\CodeIgniter.php(432): CodeIgniter\CodeIgniter->runController(Object(App\Controllers\RestLogin))
#4 C:\laragon\www\Api_electro\vendor\codeigniter4\framework\system\CodeIgniter.php(333): CodeIgniter\CodeIgniter->handleRequest(NULL, Object(Config\Cache), false)
#5 C:\laragon\www\Api_electro\public\index.php(44): CodeIgniter\CodeIgniter->run()
#6 {main}
CRITICAL - 2021-05-25 22:14:42 --> Argument 2 passed to dot_array_search() must be of the type array, null given, called in C:\laragon\www\Api_electro\vendor\codeigniter4\framework\system\HTTP\IncomingRequest.php on line 360
#0 C:\laragon\www\Api_electro\vendor\codeigniter4\framework\system\HTTP\IncomingRequest.php(360): dot_array_search('Cedula', NULL)
#1 C:\laragon\www\Api_electro\app\Controllers\RestLogin.php(45): CodeIgniter\HTTP\IncomingRequest->getJsonVar('Cedula')
#2 C:\laragon\www\Api_electro\vendor\codeigniter4\framework\system\CodeIgniter.php(936): App\Controllers\RestLogin->create()
#3 C:\laragon\www\Api_electro\vendor\codeigniter4\framework\system\CodeIgniter.php(432): CodeIgniter\CodeIgniter->runController(Object(App\Controllers\RestLogin))
#4 C:\laragon\www\Api_electro\vendor\codeigniter4\framework\system\CodeIgniter.php(333): CodeIgniter\CodeIgniter->handleRequest(NULL, Object(Config\Cache), false)
#5 C:\laragon\www\Api_electro\public\index.php(44): CodeIgniter\CodeIgniter->run()
#6 {main}
CRITICAL - 2021-05-25 22:16:07 --> Argument 2 passed to dot_array_search() must be of the type array, null given, called in C:\laragon\www\Api_electro\vendor\codeigniter4\framework\system\HTTP\IncomingRequest.php on line 360
#0 C:\laragon\www\Api_electro\vendor\codeigniter4\framework\system\HTTP\IncomingRequest.php(360): dot_array_search('Cedula', NULL)
#1 C:\laragon\www\Api_electro\app\Controllers\RestLogin.php(45): CodeIgniter\HTTP\IncomingRequest->getJsonVar('Cedula')
#2 C:\laragon\www\Api_electro\vendor\codeigniter4\framework\system\CodeIgniter.php(936): App\Controllers\RestLogin->create()
#3 C:\laragon\www\Api_electro\vendor\codeigniter4\framework\system\CodeIgniter.php(432): CodeIgniter\CodeIgniter->runController(Object(App\Controllers\RestLogin))
#4 C:\laragon\www\Api_electro\vendor\codeigniter4\framework\system\CodeIgniter.php(333): CodeIgniter\CodeIgniter->handleRequest(NULL, Object(Config\Cache), false)
#5 C:\laragon\www\Api_electro\public\index.php(44): CodeIgniter\CodeIgniter->run()
#6 {main}
CRITICAL - 2021-05-25 22:16:17 --> Argument 2 passed to dot_array_search() must be of the type array, null given, called in C:\laragon\www\Api_electro\vendor\codeigniter4\framework\system\HTTP\IncomingRequest.php on line 360
#0 C:\laragon\www\Api_electro\vendor\codeigniter4\framework\system\HTTP\IncomingRequest.php(360): dot_array_search('Cedula', NULL)
#1 C:\laragon\www\Api_electro\app\Controllers\RestLogin.php(45): CodeIgniter\HTTP\IncomingRequest->getJsonVar('Cedula')
#2 C:\laragon\www\Api_electro\vendor\codeigniter4\framework\system\CodeIgniter.php(936): App\Controllers\RestLogin->create()
#3 C:\laragon\www\Api_electro\vendor\codeigniter4\framework\system\CodeIgniter.php(432): CodeIgniter\CodeIgniter->runController(Object(App\Controllers\RestLogin))
#4 C:\laragon\www\Api_electro\vendor\codeigniter4\framework\system\CodeIgniter.php(333): CodeIgniter\CodeIgniter->handleRequest(NULL, Object(Config\Cache), false)
#5 C:\laragon\www\Api_electro\public\index.php(44): CodeIgniter\CodeIgniter->run()
#6 {main}
CRITICAL - 2021-05-25 22:17:21 --> Argument 2 passed to dot_array_search() must be of the type array, null given, called in C:\laragon\www\Api_electro\vendor\codeigniter4\framework\system\HTTP\IncomingRequest.php on line 360
#0 C:\laragon\www\Api_electro\vendor\codeigniter4\framework\system\HTTP\IncomingRequest.php(360): dot_array_search('Cedula', NULL)
#1 C:\laragon\www\Api_electro\app\Controllers\RestLogin.php(45): CodeIgniter\HTTP\IncomingRequest->getJsonVar('Cedula')
#2 C:\laragon\www\Api_electro\vendor\codeigniter4\framework\system\CodeIgniter.php(936): App\Controllers\RestLogin->create()
#3 C:\laragon\www\Api_electro\vendor\codeigniter4\framework\system\CodeIgniter.php(432): CodeIgniter\CodeIgniter->runController(Object(App\Controllers\RestLogin))
#4 C:\laragon\www\Api_electro\vendor\codeigniter4\framework\system\CodeIgniter.php(333): CodeIgniter\CodeIgniter->handleRequest(NULL, Object(Config\Cache), false)
#5 C:\laragon\www\Api_electro\public\index.php(44): CodeIgniter\CodeIgniter->run()
#6 {main}
CRITICAL - 2021-05-25 22:17:31 --> Argument 2 passed to dot_array_search() must be of the type array, null given, called in C:\laragon\www\Api_electro\vendor\codeigniter4\framework\system\HTTP\IncomingRequest.php on line 360
#0 C:\laragon\www\Api_electro\vendor\codeigniter4\framework\system\HTTP\IncomingRequest.php(360): dot_array_search('Cedula', NULL)
#1 C:\laragon\www\Api_electro\app\Controllers\RestLogin.php(45): CodeIgniter\HTTP\IncomingRequest->getJsonVar('Cedula')
#2 C:\laragon\www\Api_electro\vendor\codeigniter4\framework\system\CodeIgniter.php(936): App\Controllers\RestLogin->create()
#3 C:\laragon\www\Api_electro\vendor\codeigniter4\framework\system\CodeIgniter.php(432): CodeIgniter\CodeIgniter->runController(Object(App\Controllers\RestLogin))
#4 C:\laragon\www\Api_electro\vendor\codeigniter4\framework\system\CodeIgniter.php(333): CodeIgniter\CodeIgniter->handleRequest(NULL, Object(Config\Cache), false)
#5 C:\laragon\www\Api_electro\public\index.php(44): CodeIgniter\CodeIgniter->run()
#6 {main}
ERROR - 2021-05-25 22:18:18 --> mysqli_sql_exception: Column 'Cedula' cannot be null in C:\laragon\www\Api_electro\vendor\codeigniter4\framework\system\Database\MySQLi\Connection.php:314
Stack trace:
#0 C:\laragon\www\Api_electro\vendor\codeigniter4\framework\system\Database\MySQLi\Connection.php(314): mysqli->query('INSERT INTO `cl...')
#1 C:\laragon\www\Api_electro\vendor\codeigniter4\framework\system\Database\BaseConnection.php(713): CodeIgniter\Database\MySQLi\Connection->execute('INSERT INTO `cl...')
#2 C:\laragon\www\Api_electro\vendor\codeigniter4\framework\system\Database\BaseConnection.php(641): CodeIgniter\Database\BaseConnection->simpleQuery('INSERT INTO `cl...')
#3 C:\laragon\www\Api_electro\vendor\codeigniter4\framework\system\Database\BaseBuilder.php(2263): CodeIgniter\Database\BaseConnection->query('INSERT INTO `cl...', Array, false)
#4 C:\laragon\www\Api_electro\vendor\codeigniter4\framework\system\Model.php(278): CodeIgniter\Database\BaseBuilder->insert()
#5 C:\laragon\www\Api_electro\vendor\codeigniter4\framework\system\BaseModel.php(758): CodeIgniter\Model->doInsert(Array)
#6 C:\laragon\www\Api_electro\vendor\codeigniter4\framework\system\Model.php(705): CodeIgniter\BaseModel->insert(Array, true)
#7 C:\laragon\www\Api_electro\app\Controllers\RestLogin.php(54): CodeIgniter\Model->insert(Array)
#8 C:\laragon\www\Api_electro\vendor\codeigniter4\framework\system\CodeIgniter.php(936): App\Controllers\RestLogin->create()
#9 C:\laragon\www\Api_electro\vendor\codeigniter4\framework\system\CodeIgniter.php(432): CodeIgniter\CodeIgniter->runController(Object(App\Controllers\RestLogin))
#10 C:\laragon\www\Api_electro\vendor\codeigniter4\framework\system\CodeIgniter.php(333): CodeIgniter\CodeIgniter->handleRequest(NULL, Object(Config\Cache), false)
#11 C:\laragon\www\Api_electro\public\index.php(44): CodeIgniter\CodeIgniter->run()
#12 {main}
CRITICAL - 2021-05-25 22:18:18 --> Column 'Cedula' cannot be null
#0 C:\laragon\www\Api_electro\vendor\codeigniter4\framework\system\Database\MySQLi\Connection.php(314): mysqli->query('INSERT INTO `cl...')
#1 C:\laragon\www\Api_electro\vendor\codeigniter4\framework\system\Database\BaseConnection.php(713): CodeIgniter\Database\MySQLi\Connection->execute('INSERT INTO `cl...')
#2 C:\laragon\www\Api_electro\vendor\codeigniter4\framework\system\Database\BaseConnection.php(641): CodeIgniter\Database\BaseConnection->simpleQuery('INSERT INTO `cl...')
#3 C:\laragon\www\Api_electro\vendor\codeigniter4\framework\system\Database\BaseBuilder.php(2263): CodeIgniter\Database\BaseConnection->query('INSERT INTO `cl...', Array, false)
#4 C:\laragon\www\Api_electro\vendor\codeigniter4\framework\system\Model.php(278): CodeIgniter\Database\BaseBuilder->insert()
#5 C:\laragon\www\Api_electro\vendor\codeigniter4\framework\system\BaseModel.php(758): CodeIgniter\Model->doInsert(Array)
#6 C:\laragon\www\Api_electro\vendor\codeigniter4\framework\system\Model.php(705): CodeIgniter\BaseModel->insert(Array, true)
#7 C:\laragon\www\Api_electro\app\Controllers\RestLogin.php(54): CodeIgniter\Model->insert(Array)
#8 C:\laragon\www\Api_electro\vendor\codeigniter4\framework\system\CodeIgniter.php(936): App\Controllers\RestLogin->create()
#9 C:\laragon\www\Api_electro\vendor\codeigniter4\framework\system\CodeIgniter.php(432): CodeIgniter\CodeIgniter->runController(Object(App\Controllers\RestLogin))
#10 C:\laragon\www\Api_electro\vendor\codeigniter4\framework\system\CodeIgniter.php(333): CodeIgniter\CodeIgniter->handleRequest(NULL, Object(Config\Cache), false)
#11 C:\laragon\www\Api_electro\public\index.php(44): CodeIgniter\CodeIgniter->run()
#12 {main}
CRITICAL - 2021-05-25 22:19:04 --> Function name must be a string
#0 C:\laragon\www\Api_electro\vendor\codeigniter4\framework\system\CodeIgniter.php(936): App\Controllers\RestLogin->create()
#1 C:\laragon\www\Api_electro\vendor\codeigniter4\framework\system\CodeIgniter.php(432): CodeIgniter\CodeIgniter->runController(Object(App\Controllers\RestLogin))
#2 C:\laragon\www\Api_electro\vendor\codeigniter4\framework\system\CodeIgniter.php(333): CodeIgniter\CodeIgniter->handleRequest(NULL, Object(Config\Cache), false)
#3 C:\laragon\www\Api_electro\public\index.php(44): CodeIgniter\CodeIgniter->run()
#4 {main}
CRITICAL - 2021-05-25 22:19:24 --> Function name must be a string
#0 C:\laragon\www\Api_electro\vendor\codeigniter4\framework\system\CodeIgniter.php(936): App\Controllers\RestLogin->create()
#1 C:\laragon\www\Api_electro\vendor\codeigniter4\framework\system\CodeIgniter.php(432): CodeIgniter\CodeIgniter->runController(Object(App\Controllers\RestLogin))
#2 C:\laragon\www\Api_electro\vendor\codeigniter4\framework\system\CodeIgniter.php(333): CodeIgniter\CodeIgniter->handleRequest(NULL, Object(Config\Cache), false)
#3 C:\laragon\www\Api_electro\public\index.php(44): CodeIgniter\CodeIgniter->run()
#4 {main}
CRITICAL - 2021-05-25 22:27:21 --> Array to string conversion
#0 C:\laragon\www\Api_electro\app\Controllers\RestLogin.php(38): CodeIgniter\Debug\Exceptions->errorHandler(8, 'Array to string...', 'C:\\laragon\\www\\...', 38, Array)
#1 C:\laragon\www\Api_electro\vendor\codeigniter4\framework\system\CodeIgniter.php(936): App\Controllers\RestLogin->show('23049420')
#2 C:\laragon\www\Api_electro\vendor\codeigniter4\framework\system\CodeIgniter.php(432): CodeIgniter\CodeIgniter->runController(Object(App\Controllers\RestLogin))
#3 C:\laragon\www\Api_electro\vendor\codeigniter4\framework\system\CodeIgniter.php(333): CodeIgniter\CodeIgniter->handleRequest(NULL, Object(Config\Cache), false)
#4 C:\laragon\www\Api_electro\public\index.php(44): CodeIgniter\CodeIgniter->run()
#5 {main}
CRITICAL - 2021-05-25 22:30:04 --> Array to string conversion
#0 C:\laragon\www\Api_electro\app\Controllers\RestLogin.php(38): CodeIgniter\Debug\Exceptions->errorHandler(8, 'Array to string...', 'C:\\laragon\\www\\...', 38, Array)
#1 C:\laragon\www\Api_electro\vendor\codeigniter4\framework\system\CodeIgniter.php(936): App\Controllers\RestLogin->show('23049420')
#2 C:\laragon\www\Api_electro\vendor\codeigniter4\framework\system\CodeIgniter.php(432): CodeIgniter\CodeIgniter->runController(Object(App\Controllers\RestLogin))
#3 C:\laragon\www\Api_electro\vendor\codeigniter4\framework\system\CodeIgniter.php(333): CodeIgniter\CodeIgniter->handleRequest(NULL, Object(Config\Cache), false)
#4 C:\laragon\www\Api_electro\public\index.php(44): CodeIgniter\CodeIgniter->run()
#5 {main}
