ERROR - 2021-05-31 15:29:41 --> mysqli_sql_exception: Cannot add or update a child row: a foreign key constraint fails (`electro_jjal`.`ventas`, CONSTRAINT `ventas_ibfk_1` FOREIGN KEY (`Id_Cliente`) REFERENCES `cliente` (`ID_Cliente`)) in C:\laragon\www\Api_electro\vendor\codeigniter4\framework\system\Database\MySQLi\Connection.php:314
Stack trace:
#0 C:\laragon\www\Api_electro\vendor\codeigniter4\framework\system\Database\MySQLi\Connection.php(314): mysqli->query('INSERT INTO `ve...')
#1 C:\laragon\www\Api_electro\vendor\codeigniter4\framework\system\Database\BaseConnection.php(713): CodeIgniter\Database\MySQLi\Connection->execute('INSERT INTO `ve...')
#2 C:\laragon\www\Api_electro\vendor\codeigniter4\framework\system\Database\BaseConnection.php(641): CodeIgniter\Database\BaseConnection->simpleQuery('INSERT INTO `ve...')
#3 C:\laragon\www\Api_electro\vendor\codeigniter4\framework\system\Database\BaseBuilder.php(2263): CodeIgniter\Database\BaseConnection->query('INSERT INTO `ve...', Array, false)
#4 C:\laragon\www\Api_electro\vendor\codeigniter4\framework\system\Model.php(278): CodeIgniter\Database\BaseBuilder->insert()
#5 C:\laragon\www\Api_electro\vendor\codeigniter4\framework\system\BaseModel.php(758): CodeIgniter\Model->doInsert(Array)
#6 C:\laragon\www\Api_electro\vendor\codeigniter4\framework\system\Model.php(705): CodeIgniter\BaseModel->insert(Array, true)
#7 C:\laragon\www\Api_electro\app\Controllers\RestVentas.php(62): CodeIgniter\Model->insert(Array)
#8 C:\laragon\www\Api_electro\vendor\codeigniter4\framework\system\CodeIgniter.php(936): App\Controllers\RestVentas->create()
#9 C:\laragon\www\Api_electro\vendor\codeigniter4\framework\system\CodeIgniter.php(432): CodeIgniter\CodeIgniter->runController(Object(App\Controllers\RestVentas))
#10 C:\laragon\www\Api_electro\vendor\codeigniter4\framework\system\CodeIgniter.php(333): CodeIgniter\CodeIgniter->handleRequest(NULL, Object(Config\Cache), false)
#11 C:\laragon\www\Api_electro\public\index.php(44): CodeIgniter\CodeIgniter->run()
#12 {main}
CRITICAL - 2021-05-31 15:29:41 --> Cannot add or update a child row: a foreign key constraint fails (`electro_jjal`.`ventas`, CONSTRAINT `ventas_ibfk_1` FOREIGN KEY (`Id_Cliente`) REFERENCES `cliente` (`ID_Cliente`))
#0 C:\laragon\www\Api_electro\vendor\codeigniter4\framework\system\Database\MySQLi\Connection.php(314): mysqli->query('INSERT INTO `ve...')
#1 C:\laragon\www\Api_electro\vendor\codeigniter4\framework\system\Database\BaseConnection.php(713): CodeIgniter\Database\MySQLi\Connection->execute('INSERT INTO `ve...')
#2 C:\laragon\www\Api_electro\vendor\codeigniter4\framework\system\Database\BaseConnection.php(641): CodeIgniter\Database\BaseConnection->simpleQuery('INSERT INTO `ve...')
#3 C:\laragon\www\Api_electro\vendor\codeigniter4\framework\system\Database\BaseBuilder.php(2263): CodeIgniter\Database\BaseConnection->query('INSERT INTO `ve...', Array, false)
#4 C:\laragon\www\Api_electro\vendor\codeigniter4\framework\system\Model.php(278): CodeIgniter\Database\BaseBuilder->insert()
#5 C:\laragon\www\Api_electro\vendor\codeigniter4\framework\system\BaseModel.php(758): CodeIgniter\Model->doInsert(Array)
#6 C:\laragon\www\Api_electro\vendor\codeigniter4\framework\system\Model.php(705): CodeIgniter\BaseModel->insert(Array, true)
#7 C:\laragon\www\Api_electro\app\Controllers\RestVentas.php(62): CodeIgniter\Model->insert(Array)
#8 C:\laragon\www\Api_electro\vendor\codeigniter4\framework\system\CodeIgniter.php(936): App\Controllers\RestVentas->create()
#9 C:\laragon\www\Api_electro\vendor\codeigniter4\framework\system\CodeIgniter.php(432): CodeIgniter\CodeIgniter->runController(Object(App\Controllers\RestVentas))
#10 C:\laragon\www\Api_electro\vendor\codeigniter4\framework\system\CodeIgniter.php(333): CodeIgniter\CodeIgniter->handleRequest(NULL, Object(Config\Cache), false)
#11 C:\laragon\www\Api_electro\public\index.php(44): CodeIgniter\CodeIgniter->run()
#12 {main}
ERROR - 2021-05-31 15:33:20 --> mysqli_sql_exception: Cannot add or update a child row: a foreign key constraint fails (`electro_jjal`.`ventas`, CONSTRAINT `ventas_ibfk_1` FOREIGN KEY (`Id_Cliente`) REFERENCES `cliente` (`ID_Cliente`)) in C:\laragon\www\Api_electro\vendor\codeigniter4\framework\system\Database\MySQLi\Connection.php:314
Stack trace:
#0 C:\laragon\www\Api_electro\vendor\codeigniter4\framework\system\Database\MySQLi\Connection.php(314): mysqli->query('INSERT INTO `ve...')
#1 C:\laragon\www\Api_electro\vendor\codeigniter4\framework\system\Database\BaseConnection.php(713): CodeIgniter\Database\MySQLi\Connection->execute('INSERT INTO `ve...')
#2 C:\laragon\www\Api_electro\vendor\codeigniter4\framework\system\Database\BaseConnection.php(641): CodeIgniter\Database\BaseConnection->simpleQuery('INSERT INTO `ve...')
#3 C:\laragon\www\Api_electro\vendor\codeigniter4\framework\system\Database\BaseBuilder.php(2263): CodeIgniter\Database\BaseConnection->query('INSERT INTO `ve...', Array, false)
#4 C:\laragon\www\Api_electro\vendor\codeigniter4\framework\system\Model.php(278): CodeIgniter\Database\BaseBuilder->insert()
#5 C:\laragon\www\Api_electro\vendor\codeigniter4\framework\system\BaseModel.php(758): CodeIgniter\Model->doInsert(Array)
#6 C:\laragon\www\Api_electro\vendor\codeigniter4\framework\system\Model.php(705): CodeIgniter\BaseModel->insert(Array, true)
#7 C:\laragon\www\Api_electro\app\Controllers\RestVentas.php(62): CodeIgniter\Model->insert(Array)
#8 C:\laragon\www\Api_electro\vendor\codeigniter4\framework\system\CodeIgniter.php(936): App\Controllers\RestVentas->create()
#9 C:\laragon\www\Api_electro\vendor\codeigniter4\framework\system\CodeIgniter.php(432): CodeIgniter\CodeIgniter->runController(Object(App\Controllers\RestVentas))
#10 C:\laragon\www\Api_electro\vendor\codeigniter4\framework\system\CodeIgniter.php(333): CodeIgniter\CodeIgniter->handleRequest(NULL, Object(Config\Cache), false)
#11 C:\laragon\www\Api_electro\public\index.php(44): CodeIgniter\CodeIgniter->run()
#12 {main}
CRITICAL - 2021-05-31 15:33:20 --> Cannot add or update a child row: a foreign key constraint fails (`electro_jjal`.`ventas`, CONSTRAINT `ventas_ibfk_1` FOREIGN KEY (`Id_Cliente`) REFERENCES `cliente` (`ID_Cliente`))
#0 C:\laragon\www\Api_electro\vendor\codeigniter4\framework\system\Database\MySQLi\Connection.php(314): mysqli->query('INSERT INTO `ve...')
#1 C:\laragon\www\Api_electro\vendor\codeigniter4\framework\system\Database\BaseConnection.php(713): CodeIgniter\Database\MySQLi\Connection->execute('INSERT INTO `ve...')
#2 C:\laragon\www\Api_electro\vendor\codeigniter4\framework\system\Database\BaseConnection.php(641): CodeIgniter\Database\BaseConnection->simpleQuery('INSERT INTO `ve...')
#3 C:\laragon\www\Api_electro\vendor\codeigniter4\framework\system\Database\BaseBuilder.php(2263): CodeIgniter\Database\BaseConnection->query('INSERT INTO `ve...', Array, false)
#4 C:\laragon\www\Api_electro\vendor\codeigniter4\framework\system\Model.php(278): CodeIgniter\Database\BaseBuilder->insert()
#5 C:\laragon\www\Api_electro\vendor\codeigniter4\framework\system\BaseModel.php(758): CodeIgniter\Model->doInsert(Array)
#6 C:\laragon\www\Api_electro\vendor\codeigniter4\framework\system\Model.php(705): CodeIgniter\BaseModel->insert(Array, true)
#7 C:\laragon\www\Api_electro\app\Controllers\RestVentas.php(62): CodeIgniter\Model->insert(Array)
#8 C:\laragon\www\Api_electro\vendor\codeigniter4\framework\system\CodeIgniter.php(936): App\Controllers\RestVentas->create()
#9 C:\laragon\www\Api_electro\vendor\codeigniter4\framework\system\CodeIgniter.php(432): CodeIgniter\CodeIgniter->runController(Object(App\Controllers\RestVentas))
#10 C:\laragon\www\Api_electro\vendor\codeigniter4\framework\system\CodeIgniter.php(333): CodeIgniter\CodeIgniter->handleRequest(NULL, Object(Config\Cache), false)
#11 C:\laragon\www\Api_electro\public\index.php(44): CodeIgniter\CodeIgniter->run()
#12 {main}
ERROR - 2021-05-31 15:35:14 --> mysqli_sql_exception: Cannot add or update a child row: a foreign key constraint fails (`electro_jjal`.`ventas`, CONSTRAINT `compra_de` FOREIGN KEY (`Id_Cliente`) REFERENCES `cliente` (`ID_Cliente`)) in C:\laragon\www\Api_electro\vendor\codeigniter4\framework\system\Database\MySQLi\Connection.php:314
Stack trace:
#0 C:\laragon\www\Api_electro\vendor\codeigniter4\framework\system\Database\MySQLi\Connection.php(314): mysqli->query('INSERT INTO `ve...')
#1 C:\laragon\www\Api_electro\vendor\codeigniter4\framework\system\Database\BaseConnection.php(713): CodeIgniter\Database\MySQLi\Connection->execute('INSERT INTO `ve...')
#2 C:\laragon\www\Api_electro\vendor\codeigniter4\framework\system\Database\BaseConnection.php(641): CodeIgniter\Database\BaseConnection->simpleQuery('INSERT INTO `ve...')
#3 C:\laragon\www\Api_electro\vendor\codeigniter4\framework\system\Database\BaseBuilder.php(2263): CodeIgniter\Database\BaseConnection->query('INSERT INTO `ve...', Array, false)
#4 C:\laragon\www\Api_electro\vendor\codeigniter4\framework\system\Model.php(278): CodeIgniter\Database\BaseBuilder->insert()
#5 C:\laragon\www\Api_electro\vendor\codeigniter4\framework\system\BaseModel.php(758): CodeIgniter\Model->doInsert(Array)
#6 C:\laragon\www\Api_electro\vendor\codeigniter4\framework\system\Model.php(705): CodeIgniter\BaseModel->insert(Array, true)
#7 C:\laragon\www\Api_electro\app\Controllers\RestVentas.php(62): CodeIgniter\Model->insert(Array)
#8 C:\laragon\www\Api_electro\vendor\codeigniter4\framework\system\CodeIgniter.php(936): App\Controllers\RestVentas->create()
#9 C:\laragon\www\Api_electro\vendor\codeigniter4\framework\system\CodeIgniter.php(432): CodeIgniter\CodeIgniter->runController(Object(App\Controllers\RestVentas))
#10 C:\laragon\www\Api_electro\vendor\codeigniter4\framework\system\CodeIgniter.php(333): CodeIgniter\CodeIgniter->handleRequest(NULL, Object(Config\Cache), false)
#11 C:\laragon\www\Api_electro\public\index.php(44): CodeIgniter\CodeIgniter->run()
#12 {main}
CRITICAL - 2021-05-31 15:35:14 --> Cannot add or update a child row: a foreign key constraint fails (`electro_jjal`.`ventas`, CONSTRAINT `compra_de` FOREIGN KEY (`Id_Cliente`) REFERENCES `cliente` (`ID_Cliente`))
#0 C:\laragon\www\Api_electro\vendor\codeigniter4\framework\system\Database\MySQLi\Connection.php(314): mysqli->query('INSERT INTO `ve...')
#1 C:\laragon\www\Api_electro\vendor\codeigniter4\framework\system\Database\BaseConnection.php(713): CodeIgniter\Database\MySQLi\Connection->execute('INSERT INTO `ve...')
#2 C:\laragon\www\Api_electro\vendor\codeigniter4\framework\system\Database\BaseConnection.php(641): CodeIgniter\Database\BaseConnection->simpleQuery('INSERT INTO `ve...')
#3 C:\laragon\www\Api_electro\vendor\codeigniter4\framework\system\Database\BaseBuilder.php(2263): CodeIgniter\Database\BaseConnection->query('INSERT INTO `ve...', Array, false)
#4 C:\laragon\www\Api_electro\vendor\codeigniter4\framework\system\Model.php(278): CodeIgniter\Database\BaseBuilder->insert()
#5 C:\laragon\www\Api_electro\vendor\codeigniter4\framework\system\BaseModel.php(758): CodeIgniter\Model->doInsert(Array)
#6 C:\laragon\www\Api_electro\vendor\codeigniter4\framework\system\Model.php(705): CodeIgniter\BaseModel->insert(Array, true)
#7 C:\laragon\www\Api_electro\app\Controllers\RestVentas.php(62): CodeIgniter\Model->insert(Array)
#8 C:\laragon\www\Api_electro\vendor\codeigniter4\framework\system\CodeIgniter.php(936): App\Controllers\RestVentas->create()
#9 C:\laragon\www\Api_electro\vendor\codeigniter4\framework\system\CodeIgniter.php(432): CodeIgniter\CodeIgniter->runController(Object(App\Controllers\RestVentas))
#10 C:\laragon\www\Api_electro\vendor\codeigniter4\framework\system\CodeIgniter.php(333): CodeIgniter\CodeIgniter->handleRequest(NULL, Object(Config\Cache), false)
#11 C:\laragon\www\Api_electro\public\index.php(44): CodeIgniter\CodeIgniter->run()
#12 {main}
ERROR - 2021-05-31 15:36:54 --> mysqli_sql_exception: Cannot add or update a child row: a foreign key constraint fails (`electro_jjal`.`ventas`, CONSTRAINT `compra_de` FOREIGN KEY (`Id_Cliente`) REFERENCES `cliente` (`ID_Cliente`)) in C:\laragon\www\Api_electro\vendor\codeigniter4\framework\system\Database\MySQLi\Connection.php:314
Stack trace:
#0 C:\laragon\www\Api_electro\vendor\codeigniter4\framework\system\Database\MySQLi\Connection.php(314): mysqli->query('INSERT INTO `ve...')
#1 C:\laragon\www\Api_electro\vendor\codeigniter4\framework\system\Database\BaseConnection.php(713): CodeIgniter\Database\MySQLi\Connection->execute('INSERT INTO `ve...')
#2 C:\laragon\www\Api_electro\vendor\codeigniter4\framework\system\Database\BaseConnection.php(641): CodeIgniter\Database\BaseConnection->simpleQuery('INSERT INTO `ve...')
#3 C:\laragon\www\Api_electro\vendor\codeigniter4\framework\system\Database\BaseBuilder.php(2263): CodeIgniter\Database\BaseConnection->query('INSERT INTO `ve...', Array, false)
#4 C:\laragon\www\Api_electro\vendor\codeigniter4\framework\system\Model.php(278): CodeIgniter\Database\BaseBuilder->insert()
#5 C:\laragon\www\Api_electro\vendor\codeigniter4\framework\system\BaseModel.php(758): CodeIgniter\Model->doInsert(Array)
#6 C:\laragon\www\Api_electro\vendor\codeigniter4\framework\system\Model.php(705): CodeIgniter\BaseModel->insert(Array, true)
#7 C:\laragon\www\Api_electro\app\Controllers\RestVentas.php(62): CodeIgniter\Model->insert(Array)
#8 C:\laragon\www\Api_electro\vendor\codeigniter4\framework\system\CodeIgniter.php(936): App\Controllers\RestVentas->create()
#9 C:\laragon\www\Api_electro\vendor\codeigniter4\framework\system\CodeIgniter.php(432): CodeIgniter\CodeIgniter->runController(Object(App\Controllers\RestVentas))
#10 C:\laragon\www\Api_electro\vendor\codeigniter4\framework\system\CodeIgniter.php(333): CodeIgniter\CodeIgniter->handleRequest(NULL, Object(Config\Cache), false)
#11 C:\laragon\www\Api_electro\public\index.php(44): CodeIgniter\CodeIgniter->run()
#12 {main}
CRITICAL - 2021-05-31 15:36:54 --> Cannot add or update a child row: a foreign key constraint fails (`electro_jjal`.`ventas`, CONSTRAINT `compra_de` FOREIGN KEY (`Id_Cliente`) REFERENCES `cliente` (`ID_Cliente`))
#0 C:\laragon\www\Api_electro\vendor\codeigniter4\framework\system\Database\MySQLi\Connection.php(314): mysqli->query('INSERT INTO `ve...')
#1 C:\laragon\www\Api_electro\vendor\codeigniter4\framework\system\Database\BaseConnection.php(713): CodeIgniter\Database\MySQLi\Connection->execute('INSERT INTO `ve...')
#2 C:\laragon\www\Api_electro\vendor\codeigniter4\framework\system\Database\BaseConnection.php(641): CodeIgniter\Database\BaseConnection->simpleQuery('INSERT INTO `ve...')
#3 C:\laragon\www\Api_electro\vendor\codeigniter4\framework\system\Database\BaseBuilder.php(2263): CodeIgniter\Database\BaseConnection->query('INSERT INTO `ve...', Array, false)
#4 C:\laragon\www\Api_electro\vendor\codeigniter4\framework\system\Model.php(278): CodeIgniter\Database\BaseBuilder->insert()
#5 C:\laragon\www\Api_electro\vendor\codeigniter4\framework\system\BaseModel.php(758): CodeIgniter\Model->doInsert(Array)
#6 C:\laragon\www\Api_electro\vendor\codeigniter4\framework\system\Model.php(705): CodeIgniter\BaseModel->insert(Array, true)
#7 C:\laragon\www\Api_electro\app\Controllers\RestVentas.php(62): CodeIgniter\Model->insert(Array)
#8 C:\laragon\www\Api_electro\vendor\codeigniter4\framework\system\CodeIgniter.php(936): App\Controllers\RestVentas->create()
#9 C:\laragon\www\Api_electro\vendor\codeigniter4\framework\system\CodeIgniter.php(432): CodeIgniter\CodeIgniter->runController(Object(App\Controllers\RestVentas))
#10 C:\laragon\www\Api_electro\vendor\codeigniter4\framework\system\CodeIgniter.php(333): CodeIgniter\CodeIgniter->handleRequest(NULL, Object(Config\Cache), false)
#11 C:\laragon\www\Api_electro\public\index.php(44): CodeIgniter\CodeIgniter->run()
#12 {main}
ERROR - 2021-05-31 15:37:06 --> mysqli_sql_exception: Cannot add or update a child row: a foreign key constraint fails (`electro_jjal`.`ventas`, CONSTRAINT `compra_de` FOREIGN KEY (`Id_Cliente`) REFERENCES `cliente` (`ID_Cliente`)) in C:\laragon\www\Api_electro\vendor\codeigniter4\framework\system\Database\MySQLi\Connection.php:314
Stack trace:
#0 C:\laragon\www\Api_electro\vendor\codeigniter4\framework\system\Database\MySQLi\Connection.php(314): mysqli->query('INSERT INTO `ve...')
#1 C:\laragon\www\Api_electro\vendor\codeigniter4\framework\system\Database\BaseConnection.php(713): CodeIgniter\Database\MySQLi\Connection->execute('INSERT INTO `ve...')
#2 C:\laragon\www\Api_electro\vendor\codeigniter4\framework\system\Database\BaseConnection.php(641): CodeIgniter\Database\BaseConnection->simpleQuery('INSERT INTO `ve...')
#3 C:\laragon\www\Api_electro\vendor\codeigniter4\framework\system\Database\BaseBuilder.php(2263): CodeIgniter\Database\BaseConnection->query('INSERT INTO `ve...', Array, false)
#4 C:\laragon\www\Api_electro\vendor\codeigniter4\framework\system\Model.php(278): CodeIgniter\Database\BaseBuilder->insert()
#5 C:\laragon\www\Api_electro\vendor\codeigniter4\framework\system\BaseModel.php(758): CodeIgniter\Model->doInsert(Array)
#6 C:\laragon\www\Api_electro\vendor\codeigniter4\framework\system\Model.php(705): CodeIgniter\BaseModel->insert(Array, true)
#7 C:\laragon\www\Api_electro\app\Controllers\RestVentas.php(62): CodeIgniter\Model->insert(Array)
#8 C:\laragon\www\Api_electro\vendor\codeigniter4\framework\system\CodeIgniter.php(936): App\Controllers\RestVentas->create()
#9 C:\laragon\www\Api_electro\vendor\codeigniter4\framework\system\CodeIgniter.php(432): CodeIgniter\CodeIgniter->runController(Object(App\Controllers\RestVentas))
#10 C:\laragon\www\Api_electro\vendor\codeigniter4\framework\system\CodeIgniter.php(333): CodeIgniter\CodeIgniter->handleRequest(NULL, Object(Config\Cache), false)
#11 C:\laragon\www\Api_electro\public\index.php(44): CodeIgniter\CodeIgniter->run()
#12 {main}
CRITICAL - 2021-05-31 15:37:06 --> Cannot add or update a child row: a foreign key constraint fails (`electro_jjal`.`ventas`, CONSTRAINT `compra_de` FOREIGN KEY (`Id_Cliente`) REFERENCES `cliente` (`ID_Cliente`))
#0 C:\laragon\www\Api_electro\vendor\codeigniter4\framework\system\Database\MySQLi\Connection.php(314): mysqli->query('INSERT INTO `ve...')
#1 C:\laragon\www\Api_electro\vendor\codeigniter4\framework\system\Database\BaseConnection.php(713): CodeIgniter\Database\MySQLi\Connection->execute('INSERT INTO `ve...')
#2 C:\laragon\www\Api_electro\vendor\codeigniter4\framework\system\Database\BaseConnection.php(641): CodeIgniter\Database\BaseConnection->simpleQuery('INSERT INTO `ve...')
#3 C:\laragon\www\Api_electro\vendor\codeigniter4\framework\system\Database\BaseBuilder.php(2263): CodeIgniter\Database\BaseConnection->query('INSERT INTO `ve...', Array, false)
#4 C:\laragon\www\Api_electro\vendor\codeigniter4\framework\system\Model.php(278): CodeIgniter\Database\BaseBuilder->insert()
#5 C:\laragon\www\Api_electro\vendor\codeigniter4\framework\system\BaseModel.php(758): CodeIgniter\Model->doInsert(Array)
#6 C:\laragon\www\Api_electro\vendor\codeigniter4\framework\system\Model.php(705): CodeIgniter\BaseModel->insert(Array, true)
#7 C:\laragon\www\Api_electro\app\Controllers\RestVentas.php(62): CodeIgniter\Model->insert(Array)
#8 C:\laragon\www\Api_electro\vendor\codeigniter4\framework\system\CodeIgniter.php(936): App\Controllers\RestVentas->create()
#9 C:\laragon\www\Api_electro\vendor\codeigniter4\framework\system\CodeIgniter.php(432): CodeIgniter\CodeIgniter->runController(Object(App\Controllers\RestVentas))
#10 C:\laragon\www\Api_electro\vendor\codeigniter4\framework\system\CodeIgniter.php(333): CodeIgniter\CodeIgniter->handleRequest(NULL, Object(Config\Cache), false)
#11 C:\laragon\www\Api_electro\public\index.php(44): CodeIgniter\CodeIgniter->run()
#12 {main}
ERROR - 2021-05-31 15:39:00 --> mysqli_sql_exception: Cannot add or update a child row: a foreign key constraint fails (`electro_jjal`.`ventas`, CONSTRAINT `compra_de` FOREIGN KEY (`Id_Cliente`) REFERENCES `cliente` (`ID_Cliente`)) in C:\laragon\www\Api_electro\vendor\codeigniter4\framework\system\Database\MySQLi\Connection.php:314
Stack trace:
#0 C:\laragon\www\Api_electro\vendor\codeigniter4\framework\system\Database\MySQLi\Connection.php(314): mysqli->query('INSERT INTO `ve...')
#1 C:\laragon\www\Api_electro\vendor\codeigniter4\framework\system\Database\BaseConnection.php(713): CodeIgniter\Database\MySQLi\Connection->execute('INSERT INTO `ve...')
#2 C:\laragon\www\Api_electro\vendor\codeigniter4\framework\system\Database\BaseConnection.php(641): CodeIgniter\Database\BaseConnection->simpleQuery('INSERT INTO `ve...')
#3 C:\laragon\www\Api_electro\vendor\codeigniter4\framework\system\Database\BaseBuilder.php(2263): CodeIgniter\Database\BaseConnection->query('INSERT INTO `ve...', Array, false)
#4 C:\laragon\www\Api_electro\vendor\codeigniter4\framework\system\Model.php(278): CodeIgniter\Database\BaseBuilder->insert()
#5 C:\laragon\www\Api_electro\vendor\codeigniter4\framework\system\BaseModel.php(758): CodeIgniter\Model->doInsert(Array)
#6 C:\laragon\www\Api_electro\vendor\codeigniter4\framework\system\Model.php(705): CodeIgniter\BaseModel->insert(Array, true)
#7 C:\laragon\www\Api_electro\app\Controllers\RestVentas.php(62): CodeIgniter\Model->insert(Array)
#8 C:\laragon\www\Api_electro\vendor\codeigniter4\framework\system\CodeIgniter.php(936): App\Controllers\RestVentas->create()
#9 C:\laragon\www\Api_electro\vendor\codeigniter4\framework\system\CodeIgniter.php(432): CodeIgniter\CodeIgniter->runController(Object(App\Controllers\RestVentas))
#10 C:\laragon\www\Api_electro\vendor\codeigniter4\framework\system\CodeIgniter.php(333): CodeIgniter\CodeIgniter->handleRequest(NULL, Object(Config\Cache), false)
#11 C:\laragon\www\Api_electro\public\index.php(44): CodeIgniter\CodeIgniter->run()
#12 {main}
CRITICAL - 2021-05-31 15:39:00 --> Cannot add or update a child row: a foreign key constraint fails (`electro_jjal`.`ventas`, CONSTRAINT `compra_de` FOREIGN KEY (`Id_Cliente`) REFERENCES `cliente` (`ID_Cliente`))
#0 C:\laragon\www\Api_electro\vendor\codeigniter4\framework\system\Database\MySQLi\Connection.php(314): mysqli->query('INSERT INTO `ve...')
#1 C:\laragon\www\Api_electro\vendor\codeigniter4\framework\system\Database\BaseConnection.php(713): CodeIgniter\Database\MySQLi\Connection->execute('INSERT INTO `ve...')
#2 C:\laragon\www\Api_electro\vendor\codeigniter4\framework\system\Database\BaseConnection.php(641): CodeIgniter\Database\BaseConnection->simpleQuery('INSERT INTO `ve...')
#3 C:\laragon\www\Api_electro\vendor\codeigniter4\framework\system\Database\BaseBuilder.php(2263): CodeIgniter\Database\BaseConnection->query('INSERT INTO `ve...', Array, false)
#4 C:\laragon\www\Api_electro\vendor\codeigniter4\framework\system\Model.php(278): CodeIgniter\Database\BaseBuilder->insert()
#5 C:\laragon\www\Api_electro\vendor\codeigniter4\framework\system\BaseModel.php(758): CodeIgniter\Model->doInsert(Array)
#6 C:\laragon\www\Api_electro\vendor\codeigniter4\framework\system\Model.php(705): CodeIgniter\BaseModel->insert(Array, true)
#7 C:\laragon\www\Api_electro\app\Controllers\RestVentas.php(62): CodeIgniter\Model->insert(Array)
#8 C:\laragon\www\Api_electro\vendor\codeigniter4\framework\system\CodeIgniter.php(936): App\Controllers\RestVentas->create()
#9 C:\laragon\www\Api_electro\vendor\codeigniter4\framework\system\CodeIgniter.php(432): CodeIgniter\CodeIgniter->runController(Object(App\Controllers\RestVentas))
#10 C:\laragon\www\Api_electro\vendor\codeigniter4\framework\system\CodeIgniter.php(333): CodeIgniter\CodeIgniter->handleRequest(NULL, Object(Config\Cache), false)
#11 C:\laragon\www\Api_electro\public\index.php(44): CodeIgniter\CodeIgniter->run()
#12 {main}
ERROR - 2021-05-31 15:44:01 --> mysqli_sql_exception: Duplicate entry '0' for key 'PRIMARY' in C:\laragon\www\Api_electro\vendor\codeigniter4\framework\system\Database\MySQLi\Connection.php:314
Stack trace:
#0 C:\laragon\www\Api_electro\vendor\codeigniter4\framework\system\Database\MySQLi\Connection.php(314): mysqli->query('INSERT INTO `ve...')
#1 C:\laragon\www\Api_electro\vendor\codeigniter4\framework\system\Database\BaseConnection.php(713): CodeIgniter\Database\MySQLi\Connection->execute('INSERT INTO `ve...')
#2 C:\laragon\www\Api_electro\vendor\codeigniter4\framework\system\Database\BaseConnection.php(641): CodeIgniter\Database\BaseConnection->simpleQuery('INSERT INTO `ve...')
#3 C:\laragon\www\Api_electro\vendor\codeigniter4\framework\system\Database\BaseBuilder.php(2263): CodeIgniter\Database\BaseConnection->query('INSERT INTO `ve...', Array, false)
#4 C:\laragon\www\Api_electro\vendor\codeigniter4\framework\system\Model.php(278): CodeIgniter\Database\BaseBuilder->insert()
#5 C:\laragon\www\Api_electro\vendor\codeigniter4\framework\system\BaseModel.php(758): CodeIgniter\Model->doInsert(Array)
#6 C:\laragon\www\Api_electro\vendor\codeigniter4\framework\system\Model.php(705): CodeIgniter\BaseModel->insert(Array, true)
#7 C:\laragon\www\Api_electro\app\Controllers\RestVentas.php(62): CodeIgniter\Model->insert(Array)
#8 C:\laragon\www\Api_electro\vendor\codeigniter4\framework\system\CodeIgniter.php(936): App\Controllers\RestVentas->create()
#9 C:\laragon\www\Api_electro\vendor\codeigniter4\framework\system\CodeIgniter.php(432): CodeIgniter\CodeIgniter->runController(Object(App\Controllers\RestVentas))
#10 C:\laragon\www\Api_electro\vendor\codeigniter4\framework\system\CodeIgniter.php(333): CodeIgniter\CodeIgniter->handleRequest(NULL, Object(Config\Cache), false)
#11 C:\laragon\www\Api_electro\public\index.php(44): CodeIgniter\CodeIgniter->run()
#12 {main}
CRITICAL - 2021-05-31 15:44:01 --> Duplicate entry '0' for key 'PRIMARY'
#0 C:\laragon\www\Api_electro\vendor\codeigniter4\framework\system\Database\MySQLi\Connection.php(314): mysqli->query('INSERT INTO `ve...')
#1 C:\laragon\www\Api_electro\vendor\codeigniter4\framework\system\Database\BaseConnection.php(713): CodeIgniter\Database\MySQLi\Connection->execute('INSERT INTO `ve...')
#2 C:\laragon\www\Api_electro\vendor\codeigniter4\framework\system\Database\BaseConnection.php(641): CodeIgniter\Database\BaseConnection->simpleQuery('INSERT INTO `ve...')
#3 C:\laragon\www\Api_electro\vendor\codeigniter4\framework\system\Database\BaseBuilder.php(2263): CodeIgniter\Database\BaseConnection->query('INSERT INTO `ve...', Array, false)
#4 C:\laragon\www\Api_electro\vendor\codeigniter4\framework\system\Model.php(278): CodeIgniter\Database\BaseBuilder->insert()
#5 C:\laragon\www\Api_electro\vendor\codeigniter4\framework\system\BaseModel.php(758): CodeIgniter\Model->doInsert(Array)
#6 C:\laragon\www\Api_electro\vendor\codeigniter4\framework\system\Model.php(705): CodeIgniter\BaseModel->insert(Array, true)
#7 C:\laragon\www\Api_electro\app\Controllers\RestVentas.php(62): CodeIgniter\Model->insert(Array)
#8 C:\laragon\www\Api_electro\vendor\codeigniter4\framework\system\CodeIgniter.php(936): App\Controllers\RestVentas->create()
#9 C:\laragon\www\Api_electro\vendor\codeigniter4\framework\system\CodeIgniter.php(432): CodeIgniter\CodeIgniter->runController(Object(App\Controllers\RestVentas))
#10 C:\laragon\www\Api_electro\vendor\codeigniter4\framework\system\CodeIgniter.php(333): CodeIgniter\CodeIgniter->handleRequest(NULL, Object(Config\Cache), false)
#11 C:\laragon\www\Api_electro\public\index.php(44): CodeIgniter\CodeIgniter->run()
#12 {main}
ERROR - 2021-05-31 15:44:11 --> mysqli_sql_exception: Duplicate entry '0' for key 'PRIMARY' in C:\laragon\www\Api_electro\vendor\codeigniter4\framework\system\Database\MySQLi\Connection.php:314
Stack trace:
#0 C:\laragon\www\Api_electro\vendor\codeigniter4\framework\system\Database\MySQLi\Connection.php(314): mysqli->query('INSERT INTO `ve...')
#1 C:\laragon\www\Api_electro\vendor\codeigniter4\framework\system\Database\BaseConnection.php(713): CodeIgniter\Database\MySQLi\Connection->execute('INSERT INTO `ve...')
#2 C:\laragon\www\Api_electro\vendor\codeigniter4\framework\system\Database\BaseConnection.php(641): CodeIgniter\Database\BaseConnection->simpleQuery('INSERT INTO `ve...')
#3 C:\laragon\www\Api_electro\vendor\codeigniter4\framework\system\Database\BaseBuilder.php(2263): CodeIgniter\Database\BaseConnection->query('INSERT INTO `ve...', Array, false)
#4 C:\laragon\www\Api_electro\vendor\codeigniter4\framework\system\Model.php(278): CodeIgniter\Database\BaseBuilder->insert()
#5 C:\laragon\www\Api_electro\vendor\codeigniter4\framework\system\BaseModel.php(758): CodeIgniter\Model->doInsert(Array)
#6 C:\laragon\www\Api_electro\vendor\codeigniter4\framework\system\Model.php(705): CodeIgniter\BaseModel->insert(Array, true)
#7 C:\laragon\www\Api_electro\app\Controllers\RestVentas.php(62): CodeIgniter\Model->insert(Array)
#8 C:\laragon\www\Api_electro\vendor\codeigniter4\framework\system\CodeIgniter.php(936): App\Controllers\RestVentas->create()
#9 C:\laragon\www\Api_electro\vendor\codeigniter4\framework\system\CodeIgniter.php(432): CodeIgniter\CodeIgniter->runController(Object(App\Controllers\RestVentas))
#10 C:\laragon\www\Api_electro\vendor\codeigniter4\framework\system\CodeIgniter.php(333): CodeIgniter\CodeIgniter->handleRequest(NULL, Object(Config\Cache), false)
#11 C:\laragon\www\Api_electro\public\index.php(44): CodeIgniter\CodeIgniter->run()
#12 {main}
CRITICAL - 2021-05-31 15:44:11 --> Duplicate entry '0' for key 'PRIMARY'
#0 C:\laragon\www\Api_electro\vendor\codeigniter4\framework\system\Database\MySQLi\Connection.php(314): mysqli->query('INSERT INTO `ve...')
#1 C:\laragon\www\Api_electro\vendor\codeigniter4\framework\system\Database\BaseConnection.php(713): CodeIgniter\Database\MySQLi\Connection->execute('INSERT INTO `ve...')
#2 C:\laragon\www\Api_electro\vendor\codeigniter4\framework\system\Database\BaseConnection.php(641): CodeIgniter\Database\BaseConnection->simpleQuery('INSERT INTO `ve...')
#3 C:\laragon\www\Api_electro\vendor\codeigniter4\framework\system\Database\BaseBuilder.php(2263): CodeIgniter\Database\BaseConnection->query('INSERT INTO `ve...', Array, false)
#4 C:\laragon\www\Api_electro\vendor\codeigniter4\framework\system\Model.php(278): CodeIgniter\Database\BaseBuilder->insert()
#5 C:\laragon\www\Api_electro\vendor\codeigniter4\framework\system\BaseModel.php(758): CodeIgniter\Model->doInsert(Array)
#6 C:\laragon\www\Api_electro\vendor\codeigniter4\framework\system\Model.php(705): CodeIgniter\BaseModel->insert(Array, true)
#7 C:\laragon\www\Api_electro\app\Controllers\RestVentas.php(62): CodeIgniter\Model->insert(Array)
#8 C:\laragon\www\Api_electro\vendor\codeigniter4\framework\system\CodeIgniter.php(936): App\Controllers\RestVentas->create()
#9 C:\laragon\www\Api_electro\vendor\codeigniter4\framework\system\CodeIgniter.php(432): CodeIgniter\CodeIgniter->runController(Object(App\Controllers\RestVentas))
#10 C:\laragon\www\Api_electro\vendor\codeigniter4\framework\system\CodeIgniter.php(333): CodeIgniter\CodeIgniter->handleRequest(NULL, Object(Config\Cache), false)
#11 C:\laragon\www\Api_electro\public\index.php(44): CodeIgniter\CodeIgniter->run()
#12 {main}
ERROR - 2021-05-31 15:44:37 --> mysqli_sql_exception: Duplicate entry '0' for key 'PRIMARY' in C:\laragon\www\Api_electro\vendor\codeigniter4\framework\system\Database\MySQLi\Connection.php:314
Stack trace:
#0 C:\laragon\www\Api_electro\vendor\codeigniter4\framework\system\Database\MySQLi\Connection.php(314): mysqli->query('INSERT INTO `ve...')
#1 C:\laragon\www\Api_electro\vendor\codeigniter4\framework\system\Database\BaseConnection.php(713): CodeIgniter\Database\MySQLi\Connection->execute('INSERT INTO `ve...')
#2 C:\laragon\www\Api_electro\vendor\codeigniter4\framework\system\Database\BaseConnection.php(641): CodeIgniter\Database\BaseConnection->simpleQuery('INSERT INTO `ve...')
#3 C:\laragon\www\Api_electro\vendor\codeigniter4\framework\system\Database\BaseBuilder.php(2263): CodeIgniter\Database\BaseConnection->query('INSERT INTO `ve...', Array, false)
#4 C:\laragon\www\Api_electro\vendor\codeigniter4\framework\system\Model.php(278): CodeIgniter\Database\BaseBuilder->insert()
#5 C:\laragon\www\Api_electro\vendor\codeigniter4\framework\system\BaseModel.php(758): CodeIgniter\Model->doInsert(Array)
#6 C:\laragon\www\Api_electro\vendor\codeigniter4\framework\system\Model.php(705): CodeIgniter\BaseModel->insert(Array, true)
#7 C:\laragon\www\Api_electro\app\Controllers\RestVentas.php(62): CodeIgniter\Model->insert(Array)
#8 C:\laragon\www\Api_electro\vendor\codeigniter4\framework\system\CodeIgniter.php(936): App\Controllers\RestVentas->create()
#9 C:\laragon\www\Api_electro\vendor\codeigniter4\framework\system\CodeIgniter.php(432): CodeIgniter\CodeIgniter->runController(Object(App\Controllers\RestVentas))
#10 C:\laragon\www\Api_electro\vendor\codeigniter4\framework\system\CodeIgniter.php(333): CodeIgniter\CodeIgniter->handleRequest(NULL, Object(Config\Cache), false)
#11 C:\laragon\www\Api_electro\public\index.php(44): CodeIgniter\CodeIgniter->run()
#12 {main}
CRITICAL - 2021-05-31 15:44:37 --> Duplicate entry '0' for key 'PRIMARY'
#0 C:\laragon\www\Api_electro\vendor\codeigniter4\framework\system\Database\MySQLi\Connection.php(314): mysqli->query('INSERT INTO `ve...')
#1 C:\laragon\www\Api_electro\vendor\codeigniter4\framework\system\Database\BaseConnection.php(713): CodeIgniter\Database\MySQLi\Connection->execute('INSERT INTO `ve...')
#2 C:\laragon\www\Api_electro\vendor\codeigniter4\framework\system\Database\BaseConnection.php(641): CodeIgniter\Database\BaseConnection->simpleQuery('INSERT INTO `ve...')
#3 C:\laragon\www\Api_electro\vendor\codeigniter4\framework\system\Database\BaseBuilder.php(2263): CodeIgniter\Database\BaseConnection->query('INSERT INTO `ve...', Array, false)
#4 C:\laragon\www\Api_electro\vendor\codeigniter4\framework\system\Model.php(278): CodeIgniter\Database\BaseBuilder->insert()
#5 C:\laragon\www\Api_electro\vendor\codeigniter4\framework\system\BaseModel.php(758): CodeIgniter\Model->doInsert(Array)
#6 C:\laragon\www\Api_electro\vendor\codeigniter4\framework\system\Model.php(705): CodeIgniter\BaseModel->insert(Array, true)
#7 C:\laragon\www\Api_electro\app\Controllers\RestVentas.php(62): CodeIgniter\Model->insert(Array)
#8 C:\laragon\www\Api_electro\vendor\codeigniter4\framework\system\CodeIgniter.php(936): App\Controllers\RestVentas->create()
#9 C:\laragon\www\Api_electro\vendor\codeigniter4\framework\system\CodeIgniter.php(432): CodeIgniter\CodeIgniter->runController(Object(App\Controllers\RestVentas))
#10 C:\laragon\www\Api_electro\vendor\codeigniter4\framework\system\CodeIgniter.php(333): CodeIgniter\CodeIgniter->handleRequest(NULL, Object(Config\Cache), false)
#11 C:\laragon\www\Api_electro\public\index.php(44): CodeIgniter\CodeIgniter->run()
#12 {main}
ERROR - 2021-05-31 15:44:40 --> mysqli_sql_exception: Duplicate entry '0' for key 'PRIMARY' in C:\laragon\www\Api_electro\vendor\codeigniter4\framework\system\Database\MySQLi\Connection.php:314
Stack trace:
#0 C:\laragon\www\Api_electro\vendor\codeigniter4\framework\system\Database\MySQLi\Connection.php(314): mysqli->query('INSERT INTO `ve...')
#1 C:\laragon\www\Api_electro\vendor\codeigniter4\framework\system\Database\BaseConnection.php(713): CodeIgniter\Database\MySQLi\Connection->execute('INSERT INTO `ve...')
#2 C:\laragon\www\Api_electro\vendor\codeigniter4\framework\system\Database\BaseConnection.php(641): CodeIgniter\Database\BaseConnection->simpleQuery('INSERT INTO `ve...')
#3 C:\laragon\www\Api_electro\vendor\codeigniter4\framework\system\Database\BaseBuilder.php(2263): CodeIgniter\Database\BaseConnection->query('INSERT INTO `ve...', Array, false)
#4 C:\laragon\www\Api_electro\vendor\codeigniter4\framework\system\Model.php(278): CodeIgniter\Database\BaseBuilder->insert()
#5 C:\laragon\www\Api_electro\vendor\codeigniter4\framework\system\BaseModel.php(758): CodeIgniter\Model->doInsert(Array)
#6 C:\laragon\www\Api_electro\vendor\codeigniter4\framework\system\Model.php(705): CodeIgniter\BaseModel->insert(Array, true)
#7 C:\laragon\www\Api_electro\app\Controllers\RestVentas.php(62): CodeIgniter\Model->insert(Array)
#8 C:\laragon\www\Api_electro\vendor\codeigniter4\framework\system\CodeIgniter.php(936): App\Controllers\RestVentas->create()
#9 C:\laragon\www\Api_electro\vendor\codeigniter4\framework\system\CodeIgniter.php(432): CodeIgniter\CodeIgniter->runController(Object(App\Controllers\RestVentas))
#10 C:\laragon\www\Api_electro\vendor\codeigniter4\framework\system\CodeIgniter.php(333): CodeIgniter\CodeIgniter->handleRequest(NULL, Object(Config\Cache), false)
#11 C:\laragon\www\Api_electro\public\index.php(44): CodeIgniter\CodeIgniter->run()
#12 {main}
CRITICAL - 2021-05-31 15:44:40 --> Duplicate entry '0' for key 'PRIMARY'
#0 C:\laragon\www\Api_electro\vendor\codeigniter4\framework\system\Database\MySQLi\Connection.php(314): mysqli->query('INSERT INTO `ve...')
#1 C:\laragon\www\Api_electro\vendor\codeigniter4\framework\system\Database\BaseConnection.php(713): CodeIgniter\Database\MySQLi\Connection->execute('INSERT INTO `ve...')
#2 C:\laragon\www\Api_electro\vendor\codeigniter4\framework\system\Database\BaseConnection.php(641): CodeIgniter\Database\BaseConnection->simpleQuery('INSERT INTO `ve...')
#3 C:\laragon\www\Api_electro\vendor\codeigniter4\framework\system\Database\BaseBuilder.php(2263): CodeIgniter\Database\BaseConnection->query('INSERT INTO `ve...', Array, false)
#4 C:\laragon\www\Api_electro\vendor\codeigniter4\framework\system\Model.php(278): CodeIgniter\Database\BaseBuilder->insert()
#5 C:\laragon\www\Api_electro\vendor\codeigniter4\framework\system\BaseModel.php(758): CodeIgniter\Model->doInsert(Array)
#6 C:\laragon\www\Api_electro\vendor\codeigniter4\framework\system\Model.php(705): CodeIgniter\BaseModel->insert(Array, true)
#7 C:\laragon\www\Api_electro\app\Controllers\RestVentas.php(62): CodeIgniter\Model->insert(Array)
#8 C:\laragon\www\Api_electro\vendor\codeigniter4\framework\system\CodeIgniter.php(936): App\Controllers\RestVentas->create()
#9 C:\laragon\www\Api_electro\vendor\codeigniter4\framework\system\CodeIgniter.php(432): CodeIgniter\CodeIgniter->runController(Object(App\Controllers\RestVentas))
#10 C:\laragon\www\Api_electro\vendor\codeigniter4\framework\system\CodeIgniter.php(333): CodeIgniter\CodeIgniter->handleRequest(NULL, Object(Config\Cache), false)
#11 C:\laragon\www\Api_electro\public\index.php(44): CodeIgniter\CodeIgniter->run()
#12 {main}
ERROR - 2021-05-31 15:53:56 --> mysqli_sql_exception: Cannot add or update a child row: a foreign key constraint fails (`electro_jjal`.`ventas`, CONSTRAINT `ventas_ibfk_1` FOREIGN KEY (`Id_cliente`) REFERENCES `cliente` (`ID_Cliente`)) in C:\laragon\www\Api_electro\vendor\codeigniter4\framework\system\Database\MySQLi\Connection.php:314
Stack trace:
#0 C:\laragon\www\Api_electro\vendor\codeigniter4\framework\system\Database\MySQLi\Connection.php(314): mysqli->query('INSERT INTO `ve...')
#1 C:\laragon\www\Api_electro\vendor\codeigniter4\framework\system\Database\BaseConnection.php(713): CodeIgniter\Database\MySQLi\Connection->execute('INSERT INTO `ve...')
#2 C:\laragon\www\Api_electro\vendor\codeigniter4\framework\system\Database\BaseConnection.php(641): CodeIgniter\Database\BaseConnection->simpleQuery('INSERT INTO `ve...')
#3 C:\laragon\www\Api_electro\vendor\codeigniter4\framework\system\Database\BaseBuilder.php(2263): CodeIgniter\Database\BaseConnection->query('INSERT INTO `ve...', Array, false)
#4 C:\laragon\www\Api_electro\vendor\codeigniter4\framework\system\Model.php(278): CodeIgniter\Database\BaseBuilder->insert()
#5 C:\laragon\www\Api_electro\vendor\codeigniter4\framework\system\BaseModel.php(758): CodeIgniter\Model->doInsert(Array)
#6 C:\laragon\www\Api_electro\vendor\codeigniter4\framework\system\Model.php(705): CodeIgniter\BaseModel->insert(Array, true)
#7 C:\laragon\www\Api_electro\app\Controllers\RestVentas.php(62): CodeIgniter\Model->insert(Array)
#8 C:\laragon\www\Api_electro\vendor\codeigniter4\framework\system\CodeIgniter.php(936): App\Controllers\RestVentas->create()
#9 C:\laragon\www\Api_electro\vendor\codeigniter4\framework\system\CodeIgniter.php(432): CodeIgniter\CodeIgniter->runController(Object(App\Controllers\RestVentas))
#10 C:\laragon\www\Api_electro\vendor\codeigniter4\framework\system\CodeIgniter.php(333): CodeIgniter\CodeIgniter->handleRequest(NULL, Object(Config\Cache), false)
#11 C:\laragon\www\Api_electro\public\index.php(44): CodeIgniter\CodeIgniter->run()
#12 {main}
CRITICAL - 2021-05-31 15:53:56 --> Cannot add or update a child row: a foreign key constraint fails (`electro_jjal`.`ventas`, CONSTRAINT `ventas_ibfk_1` FOREIGN KEY (`Id_cliente`) REFERENCES `cliente` (`ID_Cliente`))
#0 C:\laragon\www\Api_electro\vendor\codeigniter4\framework\system\Database\MySQLi\Connection.php(314): mysqli->query('INSERT INTO `ve...')
#1 C:\laragon\www\Api_electro\vendor\codeigniter4\framework\system\Database\BaseConnection.php(713): CodeIgniter\Database\MySQLi\Connection->execute('INSERT INTO `ve...')
#2 C:\laragon\www\Api_electro\vendor\codeigniter4\framework\system\Database\BaseConnection.php(641): CodeIgniter\Database\BaseConnection->simpleQuery('INSERT INTO `ve...')
#3 C:\laragon\www\Api_electro\vendor\codeigniter4\framework\system\Database\BaseBuilder.php(2263): CodeIgniter\Database\BaseConnection->query('INSERT INTO `ve...', Array, false)
#4 C:\laragon\www\Api_electro\vendor\codeigniter4\framework\system\Model.php(278): CodeIgniter\Database\BaseBuilder->insert()
#5 C:\laragon\www\Api_electro\vendor\codeigniter4\framework\system\BaseModel.php(758): CodeIgniter\Model->doInsert(Array)
#6 C:\laragon\www\Api_electro\vendor\codeigniter4\framework\system\Model.php(705): CodeIgniter\BaseModel->insert(Array, true)
#7 C:\laragon\www\Api_electro\app\Controllers\RestVentas.php(62): CodeIgniter\Model->insert(Array)
#8 C:\laragon\www\Api_electro\vendor\codeigniter4\framework\system\CodeIgniter.php(936): App\Controllers\RestVentas->create()
#9 C:\laragon\www\Api_electro\vendor\codeigniter4\framework\system\CodeIgniter.php(432): CodeIgniter\CodeIgniter->runController(Object(App\Controllers\RestVentas))
#10 C:\laragon\www\Api_electro\vendor\codeigniter4\framework\system\CodeIgniter.php(333): CodeIgniter\CodeIgniter->handleRequest(NULL, Object(Config\Cache), false)
#11 C:\laragon\www\Api_electro\public\index.php(44): CodeIgniter\CodeIgniter->run()
#12 {main}
ERROR - 2021-05-31 15:54:33 --> mysqli_sql_exception: Cannot add or update a child row: a foreign key constraint fails (`electro_jjal`.`ventas`, CONSTRAINT `ventas_ibfk_1` FOREIGN KEY (`Id_cliente`) REFERENCES `cliente` (`ID_Cliente`)) in C:\laragon\www\Api_electro\vendor\codeigniter4\framework\system\Database\MySQLi\Connection.php:314
Stack trace:
#0 C:\laragon\www\Api_electro\vendor\codeigniter4\framework\system\Database\MySQLi\Connection.php(314): mysqli->query('INSERT INTO `ve...')
#1 C:\laragon\www\Api_electro\vendor\codeigniter4\framework\system\Database\BaseConnection.php(713): CodeIgniter\Database\MySQLi\Connection->execute('INSERT INTO `ve...')
#2 C:\laragon\www\Api_electro\vendor\codeigniter4\framework\system\Database\BaseConnection.php(641): CodeIgniter\Database\BaseConnection->simpleQuery('INSERT INTO `ve...')
#3 C:\laragon\www\Api_electro\vendor\codeigniter4\framework\system\Database\BaseBuilder.php(2263): CodeIgniter\Database\BaseConnection->query('INSERT INTO `ve...', Array, false)
#4 C:\laragon\www\Api_electro\vendor\codeigniter4\framework\system\Model.php(278): CodeIgniter\Database\BaseBuilder->insert()
#5 C:\laragon\www\Api_electro\vendor\codeigniter4\framework\system\BaseModel.php(758): CodeIgniter\Model->doInsert(Array)
#6 C:\laragon\www\Api_electro\vendor\codeigniter4\framework\system\Model.php(705): CodeIgniter\BaseModel->insert(Array, true)
#7 C:\laragon\www\Api_electro\app\Controllers\RestVentas.php(62): CodeIgniter\Model->insert(Array)
#8 C:\laragon\www\Api_electro\vendor\codeigniter4\framework\system\CodeIgniter.php(936): App\Controllers\RestVentas->create()
#9 C:\laragon\www\Api_electro\vendor\codeigniter4\framework\system\CodeIgniter.php(432): CodeIgniter\CodeIgniter->runController(Object(App\Controllers\RestVentas))
#10 C:\laragon\www\Api_electro\vendor\codeigniter4\framework\system\CodeIgniter.php(333): CodeIgniter\CodeIgniter->handleRequest(NULL, Object(Config\Cache), false)
#11 C:\laragon\www\Api_electro\public\index.php(44): CodeIgniter\CodeIgniter->run()
#12 {main}
CRITICAL - 2021-05-31 15:54:33 --> Cannot add or update a child row: a foreign key constraint fails (`electro_jjal`.`ventas`, CONSTRAINT `ventas_ibfk_1` FOREIGN KEY (`Id_cliente`) REFERENCES `cliente` (`ID_Cliente`))
#0 C:\laragon\www\Api_electro\vendor\codeigniter4\framework\system\Database\MySQLi\Connection.php(314): mysqli->query('INSERT INTO `ve...')
#1 C:\laragon\www\Api_electro\vendor\codeigniter4\framework\system\Database\BaseConnection.php(713): CodeIgniter\Database\MySQLi\Connection->execute('INSERT INTO `ve...')
#2 C:\laragon\www\Api_electro\vendor\codeigniter4\framework\system\Database\BaseConnection.php(641): CodeIgniter\Database\BaseConnection->simpleQuery('INSERT INTO `ve...')
#3 C:\laragon\www\Api_electro\vendor\codeigniter4\framework\system\Database\BaseBuilder.php(2263): CodeIgniter\Database\BaseConnection->query('INSERT INTO `ve...', Array, false)
#4 C:\laragon\www\Api_electro\vendor\codeigniter4\framework\system\Model.php(278): CodeIgniter\Database\BaseBuilder->insert()
#5 C:\laragon\www\Api_electro\vendor\codeigniter4\framework\system\BaseModel.php(758): CodeIgniter\Model->doInsert(Array)
#6 C:\laragon\www\Api_electro\vendor\codeigniter4\framework\system\Model.php(705): CodeIgniter\BaseModel->insert(Array, true)
#7 C:\laragon\www\Api_electro\app\Controllers\RestVentas.php(62): CodeIgniter\Model->insert(Array)
#8 C:\laragon\www\Api_electro\vendor\codeigniter4\framework\system\CodeIgniter.php(936): App\Controllers\RestVentas->create()
#9 C:\laragon\www\Api_electro\vendor\codeigniter4\framework\system\CodeIgniter.php(432): CodeIgniter\CodeIgniter->runController(Object(App\Controllers\RestVentas))
#10 C:\laragon\www\Api_electro\vendor\codeigniter4\framework\system\CodeIgniter.php(333): CodeIgniter\CodeIgniter->handleRequest(NULL, Object(Config\Cache), false)
#11 C:\laragon\www\Api_electro\public\index.php(44): CodeIgniter\CodeIgniter->run()
#12 {main}
ERROR - 2021-05-31 15:54:57 --> mysqli_sql_exception: Cannot add or update a child row: a foreign key constraint fails (`electro_jjal`.`ventas`, CONSTRAINT `ventas_ibfk_1` FOREIGN KEY (`Id_cliente`) REFERENCES `cliente` (`ID_Cliente`)) in C:\laragon\www\Api_electro\vendor\codeigniter4\framework\system\Database\MySQLi\Connection.php:314
Stack trace:
#0 C:\laragon\www\Api_electro\vendor\codeigniter4\framework\system\Database\MySQLi\Connection.php(314): mysqli->query('INSERT INTO `ve...')
#1 C:\laragon\www\Api_electro\vendor\codeigniter4\framework\system\Database\BaseConnection.php(713): CodeIgniter\Database\MySQLi\Connection->execute('INSERT INTO `ve...')
#2 C:\laragon\www\Api_electro\vendor\codeigniter4\framework\system\Database\BaseConnection.php(641): CodeIgniter\Database\BaseConnection->simpleQuery('INSERT INTO `ve...')
#3 C:\laragon\www\Api_electro\vendor\codeigniter4\framework\system\Database\BaseBuilder.php(2263): CodeIgniter\Database\BaseConnection->query('INSERT INTO `ve...', Array, false)
#4 C:\laragon\www\Api_electro\vendor\codeigniter4\framework\system\Model.php(278): CodeIgniter\Database\BaseBuilder->insert()
#5 C:\laragon\www\Api_electro\vendor\codeigniter4\framework\system\BaseModel.php(758): CodeIgniter\Model->doInsert(Array)
#6 C:\laragon\www\Api_electro\vendor\codeigniter4\framework\system\Model.php(705): CodeIgniter\BaseModel->insert(Array, true)
#7 C:\laragon\www\Api_electro\app\Controllers\RestVentas.php(62): CodeIgniter\Model->insert(Array)
#8 C:\laragon\www\Api_electro\vendor\codeigniter4\framework\system\CodeIgniter.php(936): App\Controllers\RestVentas->create()
#9 C:\laragon\www\Api_electro\vendor\codeigniter4\framework\system\CodeIgniter.php(432): CodeIgniter\CodeIgniter->runController(Object(App\Controllers\RestVentas))
#10 C:\laragon\www\Api_electro\vendor\codeigniter4\framework\system\CodeIgniter.php(333): CodeIgniter\CodeIgniter->handleRequest(NULL, Object(Config\Cache), false)
#11 C:\laragon\www\Api_electro\public\index.php(44): CodeIgniter\CodeIgniter->run()
#12 {main}
CRITICAL - 2021-05-31 15:54:57 --> Cannot add or update a child row: a foreign key constraint fails (`electro_jjal`.`ventas`, CONSTRAINT `ventas_ibfk_1` FOREIGN KEY (`Id_cliente`) REFERENCES `cliente` (`ID_Cliente`))
#0 C:\laragon\www\Api_electro\vendor\codeigniter4\framework\system\Database\MySQLi\Connection.php(314): mysqli->query('INSERT INTO `ve...')
#1 C:\laragon\www\Api_electro\vendor\codeigniter4\framework\system\Database\BaseConnection.php(713): CodeIgniter\Database\MySQLi\Connection->execute('INSERT INTO `ve...')
#2 C:\laragon\www\Api_electro\vendor\codeigniter4\framework\system\Database\BaseConnection.php(641): CodeIgniter\Database\BaseConnection->simpleQuery('INSERT INTO `ve...')
#3 C:\laragon\www\Api_electro\vendor\codeigniter4\framework\system\Database\BaseBuilder.php(2263): CodeIgniter\Database\BaseConnection->query('INSERT INTO `ve...', Array, false)
#4 C:\laragon\www\Api_electro\vendor\codeigniter4\framework\system\Model.php(278): CodeIgniter\Database\BaseBuilder->insert()
#5 C:\laragon\www\Api_electro\vendor\codeigniter4\framework\system\BaseModel.php(758): CodeIgniter\Model->doInsert(Array)
#6 C:\laragon\www\Api_electro\vendor\codeigniter4\framework\system\Model.php(705): CodeIgniter\BaseModel->insert(Array, true)
#7 C:\laragon\www\Api_electro\app\Controllers\RestVentas.php(62): CodeIgniter\Model->insert(Array)
#8 C:\laragon\www\Api_electro\vendor\codeigniter4\framework\system\CodeIgniter.php(936): App\Controllers\RestVentas->create()
#9 C:\laragon\www\Api_electro\vendor\codeigniter4\framework\system\CodeIgniter.php(432): CodeIgniter\CodeIgniter->runController(Object(App\Controllers\RestVentas))
#10 C:\laragon\www\Api_electro\vendor\codeigniter4\framework\system\CodeIgniter.php(333): CodeIgniter\CodeIgniter->handleRequest(NULL, Object(Config\Cache), false)
#11 C:\laragon\www\Api_electro\public\index.php(44): CodeIgniter\CodeIgniter->run()
#12 {main}
ERROR - 2021-05-31 16:02:12 --> mysqli_sql_exception: Cannot add or update a child row: a foreign key constraint fails (`electro_jjal`.`ventas`, CONSTRAINT `ventas_ibfk_1` FOREIGN KEY (`Cedula_C`) REFERENCES `cliente` (`Cedula`)) in C:\laragon\www\Api_electro\vendor\codeigniter4\framework\system\Database\MySQLi\Connection.php:314
Stack trace:
#0 C:\laragon\www\Api_electro\vendor\codeigniter4\framework\system\Database\MySQLi\Connection.php(314): mysqli->query('INSERT INTO `ve...')
#1 C:\laragon\www\Api_electro\vendor\codeigniter4\framework\system\Database\BaseConnection.php(713): CodeIgniter\Database\MySQLi\Connection->execute('INSERT INTO `ve...')
#2 C:\laragon\www\Api_electro\vendor\codeigniter4\framework\system\Database\BaseConnection.php(641): CodeIgniter\Database\BaseConnection->simpleQuery('INSERT INTO `ve...')
#3 C:\laragon\www\Api_electro\vendor\codeigniter4\framework\system\Database\BaseBuilder.php(2263): CodeIgniter\Database\BaseConnection->query('INSERT INTO `ve...', Array, false)
#4 C:\laragon\www\Api_electro\vendor\codeigniter4\framework\system\Model.php(278): CodeIgniter\Database\BaseBuilder->insert()
#5 C:\laragon\www\Api_electro\vendor\codeigniter4\framework\system\BaseModel.php(758): CodeIgniter\Model->doInsert(Array)
#6 C:\laragon\www\Api_electro\vendor\codeigniter4\framework\system\Model.php(705): CodeIgniter\BaseModel->insert(Array, true)
#7 C:\laragon\www\Api_electro\app\Controllers\RestVentas.php(62): CodeIgniter\Model->insert(Array)
#8 C:\laragon\www\Api_electro\vendor\codeigniter4\framework\system\CodeIgniter.php(936): App\Controllers\RestVentas->create()
#9 C:\laragon\www\Api_electro\vendor\codeigniter4\framework\system\CodeIgniter.php(432): CodeIgniter\CodeIgniter->runController(Object(App\Controllers\RestVentas))
#10 C:\laragon\www\Api_electro\vendor\codeigniter4\framework\system\CodeIgniter.php(333): CodeIgniter\CodeIgniter->handleRequest(NULL, Object(Config\Cache), false)
#11 C:\laragon\www\Api_electro\public\index.php(44): CodeIgniter\CodeIgniter->run()
#12 {main}
CRITICAL - 2021-05-31 16:02:12 --> Cannot add or update a child row: a foreign key constraint fails (`electro_jjal`.`ventas`, CONSTRAINT `ventas_ibfk_1` FOREIGN KEY (`Cedula_C`) REFERENCES `cliente` (`Cedula`))
#0 C:\laragon\www\Api_electro\vendor\codeigniter4\framework\system\Database\MySQLi\Connection.php(314): mysqli->query('INSERT INTO `ve...')
#1 C:\laragon\www\Api_electro\vendor\codeigniter4\framework\system\Database\BaseConnection.php(713): CodeIgniter\Database\MySQLi\Connection->execute('INSERT INTO `ve...')
#2 C:\laragon\www\Api_electro\vendor\codeigniter4\framework\system\Database\BaseConnection.php(641): CodeIgniter\Database\BaseConnection->simpleQuery('INSERT INTO `ve...')
#3 C:\laragon\www\Api_electro\vendor\codeigniter4\framework\system\Database\BaseBuilder.php(2263): CodeIgniter\Database\BaseConnection->query('INSERT INTO `ve...', Array, false)
#4 C:\laragon\www\Api_electro\vendor\codeigniter4\framework\system\Model.php(278): CodeIgniter\Database\BaseBuilder->insert()
#5 C:\laragon\www\Api_electro\vendor\codeigniter4\framework\system\BaseModel.php(758): CodeIgniter\Model->doInsert(Array)
#6 C:\laragon\www\Api_electro\vendor\codeigniter4\framework\system\Model.php(705): CodeIgniter\BaseModel->insert(Array, true)
#7 C:\laragon\www\Api_electro\app\Controllers\RestVentas.php(62): CodeIgniter\Model->insert(Array)
#8 C:\laragon\www\Api_electro\vendor\codeigniter4\framework\system\CodeIgniter.php(936): App\Controllers\RestVentas->create()
#9 C:\laragon\www\Api_electro\vendor\codeigniter4\framework\system\CodeIgniter.php(432): CodeIgniter\CodeIgniter->runController(Object(App\Controllers\RestVentas))
#10 C:\laragon\www\Api_electro\vendor\codeigniter4\framework\system\CodeIgniter.php(333): CodeIgniter\CodeIgniter->handleRequest(NULL, Object(Config\Cache), false)
#11 C:\laragon\www\Api_electro\public\index.php(44): CodeIgniter\CodeIgniter->run()
#12 {main}
ERROR - 2021-05-31 16:04:51 --> mysqli_sql_exception: Cannot add or update a child row: a foreign key constraint fails (`electro_jjal`.`ventas`, CONSTRAINT `ventas_ibfk_1` FOREIGN KEY (`Cedula_C`) REFERENCES `cliente` (`Cedula`)) in C:\laragon\www\Api_electro\vendor\codeigniter4\framework\system\Database\MySQLi\Connection.php:314
Stack trace:
#0 C:\laragon\www\Api_electro\vendor\codeigniter4\framework\system\Database\MySQLi\Connection.php(314): mysqli->query('INSERT INTO `ve...')
#1 C:\laragon\www\Api_electro\vendor\codeigniter4\framework\system\Database\BaseConnection.php(713): CodeIgniter\Database\MySQLi\Connection->execute('INSERT INTO `ve...')
#2 C:\laragon\www\Api_electro\vendor\codeigniter4\framework\system\Database\BaseConnection.php(641): CodeIgniter\Database\BaseConnection->simpleQuery('INSERT INTO `ve...')
#3 C:\laragon\www\Api_electro\vendor\codeigniter4\framework\system\Database\BaseBuilder.php(2263): CodeIgniter\Database\BaseConnection->query('INSERT INTO `ve...', Array, false)
#4 C:\laragon\www\Api_electro\vendor\codeigniter4\framework\system\Model.php(278): CodeIgniter\Database\BaseBuilder->insert()
#5 C:\laragon\www\Api_electro\vendor\codeigniter4\framework\system\BaseModel.php(758): CodeIgniter\Model->doInsert(Array)
#6 C:\laragon\www\Api_electro\vendor\codeigniter4\framework\system\Model.php(705): CodeIgniter\BaseModel->insert(Array, true)
#7 C:\laragon\www\Api_electro\app\Controllers\RestVentas.php(62): CodeIgniter\Model->insert(Array)
#8 C:\laragon\www\Api_electro\vendor\codeigniter4\framework\system\CodeIgniter.php(936): App\Controllers\RestVentas->create()
#9 C:\laragon\www\Api_electro\vendor\codeigniter4\framework\system\CodeIgniter.php(432): CodeIgniter\CodeIgniter->runController(Object(App\Controllers\RestVentas))
#10 C:\laragon\www\Api_electro\vendor\codeigniter4\framework\system\CodeIgniter.php(333): CodeIgniter\CodeIgniter->handleRequest(NULL, Object(Config\Cache), false)
#11 C:\laragon\www\Api_electro\public\index.php(44): CodeIgniter\CodeIgniter->run()
#12 {main}
CRITICAL - 2021-05-31 16:04:51 --> Cannot add or update a child row: a foreign key constraint fails (`electro_jjal`.`ventas`, CONSTRAINT `ventas_ibfk_1` FOREIGN KEY (`Cedula_C`) REFERENCES `cliente` (`Cedula`))
#0 C:\laragon\www\Api_electro\vendor\codeigniter4\framework\system\Database\MySQLi\Connection.php(314): mysqli->query('INSERT INTO `ve...')
#1 C:\laragon\www\Api_electro\vendor\codeigniter4\framework\system\Database\BaseConnection.php(713): CodeIgniter\Database\MySQLi\Connection->execute('INSERT INTO `ve...')
#2 C:\laragon\www\Api_electro\vendor\codeigniter4\framework\system\Database\BaseConnection.php(641): CodeIgniter\Database\BaseConnection->simpleQuery('INSERT INTO `ve...')
#3 C:\laragon\www\Api_electro\vendor\codeigniter4\framework\system\Database\BaseBuilder.php(2263): CodeIgniter\Database\BaseConnection->query('INSERT INTO `ve...', Array, false)
#4 C:\laragon\www\Api_electro\vendor\codeigniter4\framework\system\Model.php(278): CodeIgniter\Database\BaseBuilder->insert()
#5 C:\laragon\www\Api_electro\vendor\codeigniter4\framework\system\BaseModel.php(758): CodeIgniter\Model->doInsert(Array)
#6 C:\laragon\www\Api_electro\vendor\codeigniter4\framework\system\Model.php(705): CodeIgniter\BaseModel->insert(Array, true)
#7 C:\laragon\www\Api_electro\app\Controllers\RestVentas.php(62): CodeIgniter\Model->insert(Array)
#8 C:\laragon\www\Api_electro\vendor\codeigniter4\framework\system\CodeIgniter.php(936): App\Controllers\RestVentas->create()
#9 C:\laragon\www\Api_electro\vendor\codeigniter4\framework\system\CodeIgniter.php(432): CodeIgniter\CodeIgniter->runController(Object(App\Controllers\RestVentas))
#10 C:\laragon\www\Api_electro\vendor\codeigniter4\framework\system\CodeIgniter.php(333): CodeIgniter\CodeIgniter->handleRequest(NULL, Object(Config\Cache), false)
#11 C:\laragon\www\Api_electro\public\index.php(44): CodeIgniter\CodeIgniter->run()
#12 {main}
ERROR - 2021-05-31 16:05:46 --> mysqli_sql_exception: Cannot add or update a child row: a foreign key constraint fails (`electro_jjal`.`ventas`, CONSTRAINT `ventas_ibfk_1` FOREIGN KEY (`Cedula_C`) REFERENCES `cliente` (`Cedula`)) in C:\laragon\www\Api_electro\vendor\codeigniter4\framework\system\Database\MySQLi\Connection.php:314
Stack trace:
#0 C:\laragon\www\Api_electro\vendor\codeigniter4\framework\system\Database\MySQLi\Connection.php(314): mysqli->query('INSERT INTO `ve...')
#1 C:\laragon\www\Api_electro\vendor\codeigniter4\framework\system\Database\BaseConnection.php(713): CodeIgniter\Database\MySQLi\Connection->execute('INSERT INTO `ve...')
#2 C:\laragon\www\Api_electro\vendor\codeigniter4\framework\system\Database\BaseConnection.php(641): CodeIgniter\Database\BaseConnection->simpleQuery('INSERT INTO `ve...')
#3 C:\laragon\www\Api_electro\vendor\codeigniter4\framework\system\Database\BaseBuilder.php(2263): CodeIgniter\Database\BaseConnection->query('INSERT INTO `ve...', Array, false)
#4 C:\laragon\www\Api_electro\vendor\codeigniter4\framework\system\Model.php(278): CodeIgniter\Database\BaseBuilder->insert()
#5 C:\laragon\www\Api_electro\vendor\codeigniter4\framework\system\BaseModel.php(758): CodeIgniter\Model->doInsert(Array)
#6 C:\laragon\www\Api_electro\vendor\codeigniter4\framework\system\Model.php(705): CodeIgniter\BaseModel->insert(Array, true)
#7 C:\laragon\www\Api_electro\app\Controllers\RestVentas.php(62): CodeIgniter\Model->insert(Array)
#8 C:\laragon\www\Api_electro\vendor\codeigniter4\framework\system\CodeIgniter.php(936): App\Controllers\RestVentas->create()
#9 C:\laragon\www\Api_electro\vendor\codeigniter4\framework\system\CodeIgniter.php(432): CodeIgniter\CodeIgniter->runController(Object(App\Controllers\RestVentas))
#10 C:\laragon\www\Api_electro\vendor\codeigniter4\framework\system\CodeIgniter.php(333): CodeIgniter\CodeIgniter->handleRequest(NULL, Object(Config\Cache), false)
#11 C:\laragon\www\Api_electro\public\index.php(44): CodeIgniter\CodeIgniter->run()
#12 {main}
CRITICAL - 2021-05-31 16:05:46 --> Cannot add or update a child row: a foreign key constraint fails (`electro_jjal`.`ventas`, CONSTRAINT `ventas_ibfk_1` FOREIGN KEY (`Cedula_C`) REFERENCES `cliente` (`Cedula`))
#0 C:\laragon\www\Api_electro\vendor\codeigniter4\framework\system\Database\MySQLi\Connection.php(314): mysqli->query('INSERT INTO `ve...')
#1 C:\laragon\www\Api_electro\vendor\codeigniter4\framework\system\Database\BaseConnection.php(713): CodeIgniter\Database\MySQLi\Connection->execute('INSERT INTO `ve...')
#2 C:\laragon\www\Api_electro\vendor\codeigniter4\framework\system\Database\BaseConnection.php(641): CodeIgniter\Database\BaseConnection->simpleQuery('INSERT INTO `ve...')
#3 C:\laragon\www\Api_electro\vendor\codeigniter4\framework\system\Database\BaseBuilder.php(2263): CodeIgniter\Database\BaseConnection->query('INSERT INTO `ve...', Array, false)
#4 C:\laragon\www\Api_electro\vendor\codeigniter4\framework\system\Model.php(278): CodeIgniter\Database\BaseBuilder->insert()
#5 C:\laragon\www\Api_electro\vendor\codeigniter4\framework\system\BaseModel.php(758): CodeIgniter\Model->doInsert(Array)
#6 C:\laragon\www\Api_electro\vendor\codeigniter4\framework\system\Model.php(705): CodeIgniter\BaseModel->insert(Array, true)
#7 C:\laragon\www\Api_electro\app\Controllers\RestVentas.php(62): CodeIgniter\Model->insert(Array)
#8 C:\laragon\www\Api_electro\vendor\codeigniter4\framework\system\CodeIgniter.php(936): App\Controllers\RestVentas->create()
#9 C:\laragon\www\Api_electro\vendor\codeigniter4\framework\system\CodeIgniter.php(432): CodeIgniter\CodeIgniter->runController(Object(App\Controllers\RestVentas))
#10 C:\laragon\www\Api_electro\vendor\codeigniter4\framework\system\CodeIgniter.php(333): CodeIgniter\CodeIgniter->handleRequest(NULL, Object(Config\Cache), false)
#11 C:\laragon\www\Api_electro\public\index.php(44): CodeIgniter\CodeIgniter->run()
#12 {main}
ERROR - 2021-05-31 16:05:55 --> mysqli_sql_exception: Cannot add or update a child row: a foreign key constraint fails (`electro_jjal`.`ventas`, CONSTRAINT `ventas_ibfk_1` FOREIGN KEY (`Cedula_C`) REFERENCES `cliente` (`Cedula`)) in C:\laragon\www\Api_electro\vendor\codeigniter4\framework\system\Database\MySQLi\Connection.php:314
Stack trace:
#0 C:\laragon\www\Api_electro\vendor\codeigniter4\framework\system\Database\MySQLi\Connection.php(314): mysqli->query('INSERT INTO `ve...')
#1 C:\laragon\www\Api_electro\vendor\codeigniter4\framework\system\Database\BaseConnection.php(713): CodeIgniter\Database\MySQLi\Connection->execute('INSERT INTO `ve...')
#2 C:\laragon\www\Api_electro\vendor\codeigniter4\framework\system\Database\BaseConnection.php(641): CodeIgniter\Database\BaseConnection->simpleQuery('INSERT INTO `ve...')
#3 C:\laragon\www\Api_electro\vendor\codeigniter4\framework\system\Database\BaseBuilder.php(2263): CodeIgniter\Database\BaseConnection->query('INSERT INTO `ve...', Array, false)
#4 C:\laragon\www\Api_electro\vendor\codeigniter4\framework\system\Model.php(278): CodeIgniter\Database\BaseBuilder->insert()
#5 C:\laragon\www\Api_electro\vendor\codeigniter4\framework\system\BaseModel.php(758): CodeIgniter\Model->doInsert(Array)
#6 C:\laragon\www\Api_electro\vendor\codeigniter4\framework\system\Model.php(705): CodeIgniter\BaseModel->insert(Array, true)
#7 C:\laragon\www\Api_electro\app\Controllers\RestVentas.php(62): CodeIgniter\Model->insert(Array)
#8 C:\laragon\www\Api_electro\vendor\codeigniter4\framework\system\CodeIgniter.php(936): App\Controllers\RestVentas->create()
#9 C:\laragon\www\Api_electro\vendor\codeigniter4\framework\system\CodeIgniter.php(432): CodeIgniter\CodeIgniter->runController(Object(App\Controllers\RestVentas))
#10 C:\laragon\www\Api_electro\vendor\codeigniter4\framework\system\CodeIgniter.php(333): CodeIgniter\CodeIgniter->handleRequest(NULL, Object(Config\Cache), false)
#11 C:\laragon\www\Api_electro\public\index.php(44): CodeIgniter\CodeIgniter->run()
#12 {main}
CRITICAL - 2021-05-31 16:05:55 --> Cannot add or update a child row: a foreign key constraint fails (`electro_jjal`.`ventas`, CONSTRAINT `ventas_ibfk_1` FOREIGN KEY (`Cedula_C`) REFERENCES `cliente` (`Cedula`))
#0 C:\laragon\www\Api_electro\vendor\codeigniter4\framework\system\Database\MySQLi\Connection.php(314): mysqli->query('INSERT INTO `ve...')
#1 C:\laragon\www\Api_electro\vendor\codeigniter4\framework\system\Database\BaseConnection.php(713): CodeIgniter\Database\MySQLi\Connection->execute('INSERT INTO `ve...')
#2 C:\laragon\www\Api_electro\vendor\codeigniter4\framework\system\Database\BaseConnection.php(641): CodeIgniter\Database\BaseConnection->simpleQuery('INSERT INTO `ve...')
#3 C:\laragon\www\Api_electro\vendor\codeigniter4\framework\system\Database\BaseBuilder.php(2263): CodeIgniter\Database\BaseConnection->query('INSERT INTO `ve...', Array, false)
#4 C:\laragon\www\Api_electro\vendor\codeigniter4\framework\system\Model.php(278): CodeIgniter\Database\BaseBuilder->insert()
#5 C:\laragon\www\Api_electro\vendor\codeigniter4\framework\system\BaseModel.php(758): CodeIgniter\Model->doInsert(Array)
#6 C:\laragon\www\Api_electro\vendor\codeigniter4\framework\system\Model.php(705): CodeIgniter\BaseModel->insert(Array, true)
#7 C:\laragon\www\Api_electro\app\Controllers\RestVentas.php(62): CodeIgniter\Model->insert(Array)
#8 C:\laragon\www\Api_electro\vendor\codeigniter4\framework\system\CodeIgniter.php(936): App\Controllers\RestVentas->create()
#9 C:\laragon\www\Api_electro\vendor\codeigniter4\framework\system\CodeIgniter.php(432): CodeIgniter\CodeIgniter->runController(Object(App\Controllers\RestVentas))
#10 C:\laragon\www\Api_electro\vendor\codeigniter4\framework\system\CodeIgniter.php(333): CodeIgniter\CodeIgniter->handleRequest(NULL, Object(Config\Cache), false)
#11 C:\laragon\www\Api_electro\public\index.php(44): CodeIgniter\CodeIgniter->run()
#12 {main}
ERROR - 2021-05-31 16:17:26 --> mysqli_sql_exception: Column 'Foto_P' cannot be null in C:\laragon\www\Api_electro\vendor\codeigniter4\framework\system\Database\MySQLi\Connection.php:314
Stack trace:
#0 C:\laragon\www\Api_electro\vendor\codeigniter4\framework\system\Database\MySQLi\Connection.php(314): mysqli->query('INSERT INTO `pr...')
#1 C:\laragon\www\Api_electro\vendor\codeigniter4\framework\system\Database\BaseConnection.php(713): CodeIgniter\Database\MySQLi\Connection->execute('INSERT INTO `pr...')
#2 C:\laragon\www\Api_electro\vendor\codeigniter4\framework\system\Database\BaseConnection.php(641): CodeIgniter\Database\BaseConnection->simpleQuery('INSERT INTO `pr...')
#3 C:\laragon\www\Api_electro\vendor\codeigniter4\framework\system\Database\BaseBuilder.php(2263): CodeIgniter\Database\BaseConnection->query('INSERT INTO `pr...', Array, false)
#4 C:\laragon\www\Api_electro\vendor\codeigniter4\framework\system\Model.php(278): CodeIgniter\Database\BaseBuilder->insert()
#5 C:\laragon\www\Api_electro\vendor\codeigniter4\framework\system\BaseModel.php(758): CodeIgniter\Model->doInsert(Array)
#6 C:\laragon\www\Api_electro\vendor\codeigniter4\framework\system\Model.php(705): CodeIgniter\BaseModel->insert(Array, true)
#7 C:\laragon\www\Api_electro\app\Controllers\RestProducto.php(73): CodeIgniter\Model->insert(Array)
#8 C:\laragon\www\Api_electro\vendor\codeigniter4\framework\system\CodeIgniter.php(936): App\Controllers\RestProducto->create()
#9 C:\laragon\www\Api_electro\vendor\codeigniter4\framework\system\CodeIgniter.php(432): CodeIgniter\CodeIgniter->runController(Object(App\Controllers\RestProducto))
#10 C:\laragon\www\Api_electro\vendor\codeigniter4\framework\system\CodeIgniter.php(333): CodeIgniter\CodeIgniter->handleRequest(NULL, Object(Config\Cache), false)
#11 C:\laragon\www\Api_electro\public\index.php(44): CodeIgniter\CodeIgniter->run()
#12 {main}
CRITICAL - 2021-05-31 16:17:26 --> Column 'Foto_P' cannot be null
#0 C:\laragon\www\Api_electro\vendor\codeigniter4\framework\system\Database\MySQLi\Connection.php(314): mysqli->query('INSERT INTO `pr...')
#1 C:\laragon\www\Api_electro\vendor\codeigniter4\framework\system\Database\BaseConnection.php(713): CodeIgniter\Database\MySQLi\Connection->execute('INSERT INTO `pr...')
#2 C:\laragon\www\Api_electro\vendor\codeigniter4\framework\system\Database\BaseConnection.php(641): CodeIgniter\Database\BaseConnection->simpleQuery('INSERT INTO `pr...')
#3 C:\laragon\www\Api_electro\vendor\codeigniter4\framework\system\Database\BaseBuilder.php(2263): CodeIgniter\Database\BaseConnection->query('INSERT INTO `pr...', Array, false)
#4 C:\laragon\www\Api_electro\vendor\codeigniter4\framework\system\Model.php(278): CodeIgniter\Database\BaseBuilder->insert()
#5 C:\laragon\www\Api_electro\vendor\codeigniter4\framework\system\BaseModel.php(758): CodeIgniter\Model->doInsert(Array)
#6 C:\laragon\www\Api_electro\vendor\codeigniter4\framework\system\Model.php(705): CodeIgniter\BaseModel->insert(Array, true)
#7 C:\laragon\www\Api_electro\app\Controllers\RestProducto.php(73): CodeIgniter\Model->insert(Array)
#8 C:\laragon\www\Api_electro\vendor\codeigniter4\framework\system\CodeIgniter.php(936): App\Controllers\RestProducto->create()
#9 C:\laragon\www\Api_electro\vendor\codeigniter4\framework\system\CodeIgniter.php(432): CodeIgniter\CodeIgniter->runController(Object(App\Controllers\RestProducto))
#10 C:\laragon\www\Api_electro\vendor\codeigniter4\framework\system\CodeIgniter.php(333): CodeIgniter\CodeIgniter->handleRequest(NULL, Object(Config\Cache), false)
#11 C:\laragon\www\Api_electro\public\index.php(44): CodeIgniter\CodeIgniter->run()
#12 {main}
CRITICAL - 2021-05-31 16:21:06 --> Argument 2 passed to dot_array_search() must be of the type array, null given, called in C:\laragon\www\Api_electro\vendor\codeigniter4\framework\system\HTTP\IncomingRequest.php on line 360
#0 C:\laragon\www\Api_electro\vendor\codeigniter4\framework\system\HTTP\IncomingRequest.php(360): dot_array_search('cedula', NULL)
#1 C:\laragon\www\Api_electro\app\Controllers\RestVentas.php(54): CodeIgniter\HTTP\IncomingRequest->getJsonVar('cedula')
#2 C:\laragon\www\Api_electro\vendor\codeigniter4\framework\system\CodeIgniter.php(936): App\Controllers\RestVentas->create()
#3 C:\laragon\www\Api_electro\vendor\codeigniter4\framework\system\CodeIgniter.php(432): CodeIgniter\CodeIgniter->runController(Object(App\Controllers\RestVentas))
#4 C:\laragon\www\Api_electro\vendor\codeigniter4\framework\system\CodeIgniter.php(333): CodeIgniter\CodeIgniter->handleRequest(NULL, Object(Config\Cache), false)
#5 C:\laragon\www\Api_electro\public\index.php(44): CodeIgniter\CodeIgniter->run()
#6 {main}
ERROR - 2021-05-31 22:15:59 --> mysqli_sql_exception: Unknown column 'cedula' in 'field list' in C:\laragon\www\Api_electro\vendor\codeigniter4\framework\system\Database\MySQLi\Connection.php:314
Stack trace:
#0 C:\laragon\www\Api_electro\vendor\codeigniter4\framework\system\Database\MySQLi\Connection.php(314): mysqli->query('INSERT INTO `ve...')
#1 C:\laragon\www\Api_electro\vendor\codeigniter4\framework\system\Database\BaseConnection.php(713): CodeIgniter\Database\MySQLi\Connection->execute('INSERT INTO `ve...')
#2 C:\laragon\www\Api_electro\vendor\codeigniter4\framework\system\Database\BaseConnection.php(641): CodeIgniter\Database\BaseConnection->simpleQuery('INSERT INTO `ve...')
#3 C:\laragon\www\Api_electro\vendor\codeigniter4\framework\system\Database\BaseBuilder.php(2263): CodeIgniter\Database\BaseConnection->query('INSERT INTO `ve...', Array, false)
#4 C:\laragon\www\Api_electro\vendor\codeigniter4\framework\system\Model.php(278): CodeIgniter\Database\BaseBuilder->insert()
#5 C:\laragon\www\Api_electro\vendor\codeigniter4\framework\system\BaseModel.php(758): CodeIgniter\Model->doInsert(Array)
#6 C:\laragon\www\Api_electro\vendor\codeigniter4\framework\system\Model.php(705): CodeIgniter\BaseModel->insert(Array, true)
#7 C:\laragon\www\Api_electro\app\Controllers\RestVentas.php(62): CodeIgniter\Model->insert(Array)
#8 C:\laragon\www\Api_electro\vendor\codeigniter4\framework\system\CodeIgniter.php(936): App\Controllers\RestVentas->create()
#9 C:\laragon\www\Api_electro\vendor\codeigniter4\framework\system\CodeIgniter.php(432): CodeIgniter\CodeIgniter->runController(Object(App\Controllers\RestVentas))
#10 C:\laragon\www\Api_electro\vendor\codeigniter4\framework\system\CodeIgniter.php(333): CodeIgniter\CodeIgniter->handleRequest(NULL, Object(Config\Cache), false)
#11 C:\laragon\www\Api_electro\public\index.php(44): CodeIgniter\CodeIgniter->run()
#12 {main}
CRITICAL - 2021-05-31 22:15:59 --> Unknown column 'cedula' in 'field list'
#0 C:\laragon\www\Api_electro\vendor\codeigniter4\framework\system\Database\MySQLi\Connection.php(314): mysqli->query('INSERT INTO `ve...')
#1 C:\laragon\www\Api_electro\vendor\codeigniter4\framework\system\Database\BaseConnection.php(713): CodeIgniter\Database\MySQLi\Connection->execute('INSERT INTO `ve...')
#2 C:\laragon\www\Api_electro\vendor\codeigniter4\framework\system\Database\BaseConnection.php(641): CodeIgniter\Database\BaseConnection->simpleQuery('INSERT INTO `ve...')
#3 C:\laragon\www\Api_electro\vendor\codeigniter4\framework\system\Database\BaseBuilder.php(2263): CodeIgniter\Database\BaseConnection->query('INSERT INTO `ve...', Array, false)
#4 C:\laragon\www\Api_electro\vendor\codeigniter4\framework\system\Model.php(278): CodeIgniter\Database\BaseBuilder->insert()
#5 C:\laragon\www\Api_electro\vendor\codeigniter4\framework\system\BaseModel.php(758): CodeIgniter\Model->doInsert(Array)
#6 C:\laragon\www\Api_electro\vendor\codeigniter4\framework\system\Model.php(705): CodeIgniter\BaseModel->insert(Array, true)
#7 C:\laragon\www\Api_electro\app\Controllers\RestVentas.php(62): CodeIgniter\Model->insert(Array)
#8 C:\laragon\www\Api_electro\vendor\codeigniter4\framework\system\CodeIgniter.php(936): App\Controllers\RestVentas->create()
#9 C:\laragon\www\Api_electro\vendor\codeigniter4\framework\system\CodeIgniter.php(432): CodeIgniter\CodeIgniter->runController(Object(App\Controllers\RestVentas))
#10 C:\laragon\www\Api_electro\vendor\codeigniter4\framework\system\CodeIgniter.php(333): CodeIgniter\CodeIgniter->handleRequest(NULL, Object(Config\Cache), false)
#11 C:\laragon\www\Api_electro\public\index.php(44): CodeIgniter\CodeIgniter->run()
#12 {main}
ERROR - 2021-05-31 22:16:26 --> mysqli_sql_exception: Unknown column 'cedula' in 'field list' in C:\laragon\www\Api_electro\vendor\codeigniter4\framework\system\Database\MySQLi\Connection.php:314
Stack trace:
#0 C:\laragon\www\Api_electro\vendor\codeigniter4\framework\system\Database\MySQLi\Connection.php(314): mysqli->query('INSERT INTO `ve...')
#1 C:\laragon\www\Api_electro\vendor\codeigniter4\framework\system\Database\BaseConnection.php(713): CodeIgniter\Database\MySQLi\Connection->execute('INSERT INTO `ve...')
#2 C:\laragon\www\Api_electro\vendor\codeigniter4\framework\system\Database\BaseConnection.php(641): CodeIgniter\Database\BaseConnection->simpleQuery('INSERT INTO `ve...')
#3 C:\laragon\www\Api_electro\vendor\codeigniter4\framework\system\Database\BaseBuilder.php(2263): CodeIgniter\Database\BaseConnection->query('INSERT INTO `ve...', Array, false)
#4 C:\laragon\www\Api_electro\vendor\codeigniter4\framework\system\Model.php(278): CodeIgniter\Database\BaseBuilder->insert()
#5 C:\laragon\www\Api_electro\vendor\codeigniter4\framework\system\BaseModel.php(758): CodeIgniter\Model->doInsert(Array)
#6 C:\laragon\www\Api_electro\vendor\codeigniter4\framework\system\Model.php(705): CodeIgniter\BaseModel->insert(Array, true)
#7 C:\laragon\www\Api_electro\app\Controllers\RestVentas.php(62): CodeIgniter\Model->insert(Array)
#8 C:\laragon\www\Api_electro\vendor\codeigniter4\framework\system\CodeIgniter.php(936): App\Controllers\RestVentas->create()
#9 C:\laragon\www\Api_electro\vendor\codeigniter4\framework\system\CodeIgniter.php(432): CodeIgniter\CodeIgniter->runController(Object(App\Controllers\RestVentas))
#10 C:\laragon\www\Api_electro\vendor\codeigniter4\framework\system\CodeIgniter.php(333): CodeIgniter\CodeIgniter->handleRequest(NULL, Object(Config\Cache), false)
#11 C:\laragon\www\Api_electro\public\index.php(44): CodeIgniter\CodeIgniter->run()
#12 {main}
CRITICAL - 2021-05-31 22:16:26 --> Unknown column 'cedula' in 'field list'
#0 C:\laragon\www\Api_electro\vendor\codeigniter4\framework\system\Database\MySQLi\Connection.php(314): mysqli->query('INSERT INTO `ve...')
#1 C:\laragon\www\Api_electro\vendor\codeigniter4\framework\system\Database\BaseConnection.php(713): CodeIgniter\Database\MySQLi\Connection->execute('INSERT INTO `ve...')
#2 C:\laragon\www\Api_electro\vendor\codeigniter4\framework\system\Database\BaseConnection.php(641): CodeIgniter\Database\BaseConnection->simpleQuery('INSERT INTO `ve...')
#3 C:\laragon\www\Api_electro\vendor\codeigniter4\framework\system\Database\BaseBuilder.php(2263): CodeIgniter\Database\BaseConnection->query('INSERT INTO `ve...', Array, false)
#4 C:\laragon\www\Api_electro\vendor\codeigniter4\framework\system\Model.php(278): CodeIgniter\Database\BaseBuilder->insert()
#5 C:\laragon\www\Api_electro\vendor\codeigniter4\framework\system\BaseModel.php(758): CodeIgniter\Model->doInsert(Array)
#6 C:\laragon\www\Api_electro\vendor\codeigniter4\framework\system\Model.php(705): CodeIgniter\BaseModel->insert(Array, true)
#7 C:\laragon\www\Api_electro\app\Controllers\RestVentas.php(62): CodeIgniter\Model->insert(Array)
#8 C:\laragon\www\Api_electro\vendor\codeigniter4\framework\system\CodeIgniter.php(936): App\Controllers\RestVentas->create()
#9 C:\laragon\www\Api_electro\vendor\codeigniter4\framework\system\CodeIgniter.php(432): CodeIgniter\CodeIgniter->runController(Object(App\Controllers\RestVentas))
#10 C:\laragon\www\Api_electro\vendor\codeigniter4\framework\system\CodeIgniter.php(333): CodeIgniter\CodeIgniter->handleRequest(NULL, Object(Config\Cache), false)
#11 C:\laragon\www\Api_electro\public\index.php(44): CodeIgniter\CodeIgniter->run()
#12 {main}
ERROR - 2021-05-31 22:17:33 --> mysqli_sql_exception: Unknown column 'cedula' in 'field list' in C:\laragon\www\Api_electro\vendor\codeigniter4\framework\system\Database\MySQLi\Connection.php:314
Stack trace:
#0 C:\laragon\www\Api_electro\vendor\codeigniter4\framework\system\Database\MySQLi\Connection.php(314): mysqli->query('INSERT INTO `ve...')
#1 C:\laragon\www\Api_electro\vendor\codeigniter4\framework\system\Database\BaseConnection.php(713): CodeIgniter\Database\MySQLi\Connection->execute('INSERT INTO `ve...')
#2 C:\laragon\www\Api_electro\vendor\codeigniter4\framework\system\Database\BaseConnection.php(641): CodeIgniter\Database\BaseConnection->simpleQuery('INSERT INTO `ve...')
#3 C:\laragon\www\Api_electro\vendor\codeigniter4\framework\system\Database\BaseBuilder.php(2263): CodeIgniter\Database\BaseConnection->query('INSERT INTO `ve...', Array, false)
#4 C:\laragon\www\Api_electro\vendor\codeigniter4\framework\system\Model.php(278): CodeIgniter\Database\BaseBuilder->insert()
#5 C:\laragon\www\Api_electro\vendor\codeigniter4\framework\system\BaseModel.php(758): CodeIgniter\Model->doInsert(Array)
#6 C:\laragon\www\Api_electro\vendor\codeigniter4\framework\system\Model.php(705): CodeIgniter\BaseModel->insert(Array, true)
#7 C:\laragon\www\Api_electro\app\Controllers\RestVentas.php(62): CodeIgniter\Model->insert(Array)
#8 C:\laragon\www\Api_electro\vendor\codeigniter4\framework\system\CodeIgniter.php(936): App\Controllers\RestVentas->create()
#9 C:\laragon\www\Api_electro\vendor\codeigniter4\framework\system\CodeIgniter.php(432): CodeIgniter\CodeIgniter->runController(Object(App\Controllers\RestVentas))
#10 C:\laragon\www\Api_electro\vendor\codeigniter4\framework\system\CodeIgniter.php(333): CodeIgniter\CodeIgniter->handleRequest(NULL, Object(Config\Cache), false)
#11 C:\laragon\www\Api_electro\public\index.php(44): CodeIgniter\CodeIgniter->run()
#12 {main}
CRITICAL - 2021-05-31 22:17:33 --> Unknown column 'cedula' in 'field list'
#0 C:\laragon\www\Api_electro\vendor\codeigniter4\framework\system\Database\MySQLi\Connection.php(314): mysqli->query('INSERT INTO `ve...')
#1 C:\laragon\www\Api_electro\vendor\codeigniter4\framework\system\Database\BaseConnection.php(713): CodeIgniter\Database\MySQLi\Connection->execute('INSERT INTO `ve...')
#2 C:\laragon\www\Api_electro\vendor\codeigniter4\framework\system\Database\BaseConnection.php(641): CodeIgniter\Database\BaseConnection->simpleQuery('INSERT INTO `ve...')
#3 C:\laragon\www\Api_electro\vendor\codeigniter4\framework\system\Database\BaseBuilder.php(2263): CodeIgniter\Database\BaseConnection->query('INSERT INTO `ve...', Array, false)
#4 C:\laragon\www\Api_electro\vendor\codeigniter4\framework\system\Model.php(278): CodeIgniter\Database\BaseBuilder->insert()
#5 C:\laragon\www\Api_electro\vendor\codeigniter4\framework\system\BaseModel.php(758): CodeIgniter\Model->doInsert(Array)
#6 C:\laragon\www\Api_electro\vendor\codeigniter4\framework\system\Model.php(705): CodeIgniter\BaseModel->insert(Array, true)
#7 C:\laragon\www\Api_electro\app\Controllers\RestVentas.php(62): CodeIgniter\Model->insert(Array)
#8 C:\laragon\www\Api_electro\vendor\codeigniter4\framework\system\CodeIgniter.php(936): App\Controllers\RestVentas->create()
#9 C:\laragon\www\Api_electro\vendor\codeigniter4\framework\system\CodeIgniter.php(432): CodeIgniter\CodeIgniter->runController(Object(App\Controllers\RestVentas))
#10 C:\laragon\www\Api_electro\vendor\codeigniter4\framework\system\CodeIgniter.php(333): CodeIgniter\CodeIgniter->handleRequest(NULL, Object(Config\Cache), false)
#11 C:\laragon\www\Api_electro\public\index.php(44): CodeIgniter\CodeIgniter->run()
#12 {main}
ERROR - 2021-05-31 22:17:38 --> mysqli_sql_exception: Unknown column 'cedula' in 'field list' in C:\laragon\www\Api_electro\vendor\codeigniter4\framework\system\Database\MySQLi\Connection.php:314
Stack trace:
#0 C:\laragon\www\Api_electro\vendor\codeigniter4\framework\system\Database\MySQLi\Connection.php(314): mysqli->query('INSERT INTO `ve...')
#1 C:\laragon\www\Api_electro\vendor\codeigniter4\framework\system\Database\BaseConnection.php(713): CodeIgniter\Database\MySQLi\Connection->execute('INSERT INTO `ve...')
#2 C:\laragon\www\Api_electro\vendor\codeigniter4\framework\system\Database\BaseConnection.php(641): CodeIgniter\Database\BaseConnection->simpleQuery('INSERT INTO `ve...')
#3 C:\laragon\www\Api_electro\vendor\codeigniter4\framework\system\Database\BaseBuilder.php(2263): CodeIgniter\Database\BaseConnection->query('INSERT INTO `ve...', Array, false)
#4 C:\laragon\www\Api_electro\vendor\codeigniter4\framework\system\Model.php(278): CodeIgniter\Database\BaseBuilder->insert()
#5 C:\laragon\www\Api_electro\vendor\codeigniter4\framework\system\BaseModel.php(758): CodeIgniter\Model->doInsert(Array)
#6 C:\laragon\www\Api_electro\vendor\codeigniter4\framework\system\Model.php(705): CodeIgniter\BaseModel->insert(Array, true)
#7 C:\laragon\www\Api_electro\app\Controllers\RestVentas.php(62): CodeIgniter\Model->insert(Array)
#8 C:\laragon\www\Api_electro\vendor\codeigniter4\framework\system\CodeIgniter.php(936): App\Controllers\RestVentas->create()
#9 C:\laragon\www\Api_electro\vendor\codeigniter4\framework\system\CodeIgniter.php(432): CodeIgniter\CodeIgniter->runController(Object(App\Controllers\RestVentas))
#10 C:\laragon\www\Api_electro\vendor\codeigniter4\framework\system\CodeIgniter.php(333): CodeIgniter\CodeIgniter->handleRequest(NULL, Object(Config\Cache), false)
#11 C:\laragon\www\Api_electro\public\index.php(44): CodeIgniter\CodeIgniter->run()
#12 {main}
CRITICAL - 2021-05-31 22:17:38 --> Unknown column 'cedula' in 'field list'
#0 C:\laragon\www\Api_electro\vendor\codeigniter4\framework\system\Database\MySQLi\Connection.php(314): mysqli->query('INSERT INTO `ve...')
#1 C:\laragon\www\Api_electro\vendor\codeigniter4\framework\system\Database\BaseConnection.php(713): CodeIgniter\Database\MySQLi\Connection->execute('INSERT INTO `ve...')
#2 C:\laragon\www\Api_electro\vendor\codeigniter4\framework\system\Database\BaseConnection.php(641): CodeIgniter\Database\BaseConnection->simpleQuery('INSERT INTO `ve...')
#3 C:\laragon\www\Api_electro\vendor\codeigniter4\framework\system\Database\BaseBuilder.php(2263): CodeIgniter\Database\BaseConnection->query('INSERT INTO `ve...', Array, false)
#4 C:\laragon\www\Api_electro\vendor\codeigniter4\framework\system\Model.php(278): CodeIgniter\Database\BaseBuilder->insert()
#5 C:\laragon\www\Api_electro\vendor\codeigniter4\framework\system\BaseModel.php(758): CodeIgniter\Model->doInsert(Array)
#6 C:\laragon\www\Api_electro\vendor\codeigniter4\framework\system\Model.php(705): CodeIgniter\BaseModel->insert(Array, true)
#7 C:\laragon\www\Api_electro\app\Controllers\RestVentas.php(62): CodeIgniter\Model->insert(Array)
#8 C:\laragon\www\Api_electro\vendor\codeigniter4\framework\system\CodeIgniter.php(936): App\Controllers\RestVentas->create()
#9 C:\laragon\www\Api_electro\vendor\codeigniter4\framework\system\CodeIgniter.php(432): CodeIgniter\CodeIgniter->runController(Object(App\Controllers\RestVentas))
#10 C:\laragon\www\Api_electro\vendor\codeigniter4\framework\system\CodeIgniter.php(333): CodeIgniter\CodeIgniter->handleRequest(NULL, Object(Config\Cache), false)
#11 C:\laragon\www\Api_electro\public\index.php(44): CodeIgniter\CodeIgniter->run()
#12 {main}
ERROR - 2021-05-31 23:58:59 --> mysqli_sql_exception: Cannot add or update a child row: a foreign key constraint fails (`electro_jjal`.`concepto`, CONSTRAINT `concepto_ibfk_2` FOREIGN KEY (`Id_Venta`) REFERENCES `ventas` (`Id_ventas`)) in C:\laragon\www\Api_electro\vendor\codeigniter4\framework\system\Database\MySQLi\Connection.php:314
Stack trace:
#0 C:\laragon\www\Api_electro\vendor\codeigniter4\framework\system\Database\MySQLi\Connection.php(314): mysqli->query('INSERT INTO `co...')
#1 C:\laragon\www\Api_electro\vendor\codeigniter4\framework\system\Database\BaseConnection.php(713): CodeIgniter\Database\MySQLi\Connection->execute('INSERT INTO `co...')
#2 C:\laragon\www\Api_electro\vendor\codeigniter4\framework\system\Database\BaseConnection.php(641): CodeIgniter\Database\BaseConnection->simpleQuery('INSERT INTO `co...')
#3 C:\laragon\www\Api_electro\vendor\codeigniter4\framework\system\Database\BaseBuilder.php(2263): CodeIgniter\Database\BaseConnection->query('INSERT INTO `co...', Array, false)
#4 C:\laragon\www\Api_electro\vendor\codeigniter4\framework\system\Model.php(278): CodeIgniter\Database\BaseBuilder->insert()
#5 C:\laragon\www\Api_electro\vendor\codeigniter4\framework\system\BaseModel.php(758): CodeIgniter\Model->doInsert(Array)
#6 C:\laragon\www\Api_electro\vendor\codeigniter4\framework\system\Model.php(705): CodeIgniter\BaseModel->insert(Array, true)
#7 C:\laragon\www\Api_electro\app\Controllers\RestConcepto.php(62): CodeIgniter\Model->insert(Array)
#8 C:\laragon\www\Api_electro\vendor\codeigniter4\framework\system\CodeIgniter.php(936): App\Controllers\RestConcepto->create()
#9 C:\laragon\www\Api_electro\vendor\codeigniter4\framework\system\CodeIgniter.php(432): CodeIgniter\CodeIgniter->runController(Object(App\Controllers\RestConcepto))
#10 C:\laragon\www\Api_electro\vendor\codeigniter4\framework\system\CodeIgniter.php(333): CodeIgniter\CodeIgniter->handleRequest(NULL, Object(Config\Cache), false)
#11 C:\laragon\www\Api_electro\public\index.php(44): CodeIgniter\CodeIgniter->run()
#12 {main}
CRITICAL - 2021-05-31 23:58:59 --> Cannot add or update a child row: a foreign key constraint fails (`electro_jjal`.`concepto`, CONSTRAINT `concepto_ibfk_2` FOREIGN KEY (`Id_Venta`) REFERENCES `ventas` (`Id_ventas`))
#0 C:\laragon\www\Api_electro\vendor\codeigniter4\framework\system\Database\MySQLi\Connection.php(314): mysqli->query('INSERT INTO `co...')
#1 C:\laragon\www\Api_electro\vendor\codeigniter4\framework\system\Database\BaseConnection.php(713): CodeIgniter\Database\MySQLi\Connection->execute('INSERT INTO `co...')
#2 C:\laragon\www\Api_electro\vendor\codeigniter4\framework\system\Database\BaseConnection.php(641): CodeIgniter\Database\BaseConnection->simpleQuery('INSERT INTO `co...')
#3 C:\laragon\www\Api_electro\vendor\codeigniter4\framework\system\Database\BaseBuilder.php(2263): CodeIgniter\Database\BaseConnection->query('INSERT INTO `co...', Array, false)
#4 C:\laragon\www\Api_electro\vendor\codeigniter4\framework\system\Model.php(278): CodeIgniter\Database\BaseBuilder->insert()
#5 C:\laragon\www\Api_electro\vendor\codeigniter4\framework\system\BaseModel.php(758): CodeIgniter\Model->doInsert(Array)
#6 C:\laragon\www\Api_electro\vendor\codeigniter4\framework\system\Model.php(705): CodeIgniter\BaseModel->insert(Array, true)
#7 C:\laragon\www\Api_electro\app\Controllers\RestConcepto.php(62): CodeIgniter\Model->insert(Array)
#8 C:\laragon\www\Api_electro\vendor\codeigniter4\framework\system\CodeIgniter.php(936): App\Controllers\RestConcepto->create()
#9 C:\laragon\www\Api_electro\vendor\codeigniter4\framework\system\CodeIgniter.php(432): CodeIgniter\CodeIgniter->runController(Object(App\Controllers\RestConcepto))
#10 C:\laragon\www\Api_electro\vendor\codeigniter4\framework\system\CodeIgniter.php(333): CodeIgniter\CodeIgniter->handleRequest(NULL, Object(Config\Cache), false)
#11 C:\laragon\www\Api_electro\public\index.php(44): CodeIgniter\CodeIgniter->run()
#12 {main}
