CRITICAL - 2021-05-29 15:59:55 --> Array to string conversion
#0 C:\laragon\www\Api_electro\app\Controllers\RestLogin.php(41): CodeIgniter\Debug\Exceptions->errorHandler(8, 'Array to string...', 'C:\\laragon\\www\\...', 41, Array)
#1 C:\laragon\www\Api_electro\vendor\codeigniter4\framework\system\CodeIgniter.php(936): App\Controllers\RestLogin->show('23049420')
#2 C:\laragon\www\Api_electro\vendor\codeigniter4\framework\system\CodeIgniter.php(432): CodeIgniter\CodeIgniter->runController(Object(App\Controllers\RestLogin))
#3 C:\laragon\www\Api_electro\vendor\codeigniter4\framework\system\CodeIgniter.php(333): CodeIgniter\CodeIgniter->handleRequest(NULL, Object(Config\Cache), false)
#4 C:\laragon\www\Api_electro\public\index.php(44): CodeIgniter\CodeIgniter->run()
#5 {main}
CRITICAL - 2021-05-29 16:11:32 --> Array to string conversion
#0 C:\laragon\www\Api_electro\app\Controllers\RestLogin.php(41): CodeIgniter\Debug\Exceptions->errorHandler(8, 'Array to string...', 'C:\\laragon\\www\\...', 41, Array)
#1 C:\laragon\www\Api_electro\vendor\codeigniter4\framework\system\CodeIgniter.php(936): App\Controllers\RestLogin->show('23049420')
#2 C:\laragon\www\Api_electro\vendor\codeigniter4\framework\system\CodeIgniter.php(432): CodeIgniter\CodeIgniter->runController(Object(App\Controllers\RestLogin))
#3 C:\laragon\www\Api_electro\vendor\codeigniter4\framework\system\CodeIgniter.php(333): CodeIgniter\CodeIgniter->handleRequest(NULL, Object(Config\Cache), false)
#4 C:\laragon\www\Api_electro\public\index.php(44): CodeIgniter\CodeIgniter->run()
#5 {main}
CRITICAL - 2021-05-29 16:11:42 --> Array to string conversion
#0 C:\laragon\www\Api_electro\app\Controllers\RestLogin.php(41): CodeIgniter\Debug\Exceptions->errorHandler(8, 'Array to string...', 'C:\\laragon\\www\\...', 41, Array)
#1 C:\laragon\www\Api_electro\vendor\codeigniter4\framework\system\CodeIgniter.php(936): App\Controllers\RestLogin->show('23049420')
#2 C:\laragon\www\Api_electro\vendor\codeigniter4\framework\system\CodeIgniter.php(432): CodeIgniter\CodeIgniter->runController(Object(App\Controllers\RestLogin))
#3 C:\laragon\www\Api_electro\vendor\codeigniter4\framework\system\CodeIgniter.php(333): CodeIgniter\CodeIgniter->handleRequest(NULL, Object(Config\Cache), false)
#4 C:\laragon\www\Api_electro\public\index.php(44): CodeIgniter\CodeIgniter->run()
#5 {main}
CRITICAL - 2021-05-29 16:12:28 --> Array to string conversion
#0 C:\laragon\www\Api_electro\app\Controllers\RestLogin.php(41): CodeIgniter\Debug\Exceptions->errorHandler(8, 'Array to string...', 'C:\\laragon\\www\\...', 41, Array)
#1 C:\laragon\www\Api_electro\vendor\codeigniter4\framework\system\CodeIgniter.php(936): App\Controllers\RestLogin->show('23049420')
#2 C:\laragon\www\Api_electro\vendor\codeigniter4\framework\system\CodeIgniter.php(432): CodeIgniter\CodeIgniter->runController(Object(App\Controllers\RestLogin))
#3 C:\laragon\www\Api_electro\vendor\codeigniter4\framework\system\CodeIgniter.php(333): CodeIgniter\CodeIgniter->handleRequest(NULL, Object(Config\Cache), false)
#4 C:\laragon\www\Api_electro\public\index.php(44): CodeIgniter\CodeIgniter->run()
#5 {main}
CRITICAL - 2021-05-29 16:13:25 --> Array to string conversion
#0 C:\laragon\www\Api_electro\app\Controllers\RestLogin.php(41): CodeIgniter\Debug\Exceptions->errorHandler(8, 'Array to string...', 'C:\\laragon\\www\\...', 41, Array)
#1 C:\laragon\www\Api_electro\vendor\codeigniter4\framework\system\CodeIgniter.php(936): App\Controllers\RestLogin->show('23049420')
#2 C:\laragon\www\Api_electro\vendor\codeigniter4\framework\system\CodeIgniter.php(432): CodeIgniter\CodeIgniter->runController(Object(App\Controllers\RestLogin))
#3 C:\laragon\www\Api_electro\vendor\codeigniter4\framework\system\CodeIgniter.php(333): CodeIgniter\CodeIgniter->handleRequest(NULL, Object(Config\Cache), false)
#4 C:\laragon\www\Api_electro\public\index.php(44): CodeIgniter\CodeIgniter->run()
#5 {main}
CRITICAL - 2021-05-29 16:14:33 --> Array to string conversion
#0 C:\laragon\www\Api_electro\app\Controllers\RestLogin.php(41): CodeIgniter\Debug\Exceptions->errorHandler(8, 'Array to string...', 'C:\\laragon\\www\\...', 41, Array)
#1 C:\laragon\www\Api_electro\vendor\codeigniter4\framework\system\CodeIgniter.php(936): App\Controllers\RestLogin->show('23049420')
#2 C:\laragon\www\Api_electro\vendor\codeigniter4\framework\system\CodeIgniter.php(432): CodeIgniter\CodeIgniter->runController(Object(App\Controllers\RestLogin))
#3 C:\laragon\www\Api_electro\vendor\codeigniter4\framework\system\CodeIgniter.php(333): CodeIgniter\CodeIgniter->handleRequest(NULL, Object(Config\Cache), false)
#4 C:\laragon\www\Api_electro\public\index.php(44): CodeIgniter\CodeIgniter->run()
#5 {main}
CRITICAL - 2021-05-29 16:16:03 --> Array to string conversion
#0 C:\laragon\www\Api_electro\app\Controllers\RestLogin.php(41): CodeIgniter\Debug\Exceptions->errorHandler(8, 'Array to string...', 'C:\\laragon\\www\\...', 41, Array)
#1 C:\laragon\www\Api_electro\vendor\codeigniter4\framework\system\CodeIgniter.php(936): App\Controllers\RestLogin->show('23049420')
#2 C:\laragon\www\Api_electro\vendor\codeigniter4\framework\system\CodeIgniter.php(432): CodeIgniter\CodeIgniter->runController(Object(App\Controllers\RestLogin))
#3 C:\laragon\www\Api_electro\vendor\codeigniter4\framework\system\CodeIgniter.php(333): CodeIgniter\CodeIgniter->handleRequest(NULL, Object(Config\Cache), false)
#4 C:\laragon\www\Api_electro\public\index.php(44): CodeIgniter\CodeIgniter->run()
#5 {main}
CRITICAL - 2021-05-29 16:16:14 --> Array to string conversion
#0 C:\laragon\www\Api_electro\app\Controllers\RestLogin.php(41): CodeIgniter\Debug\Exceptions->errorHandler(8, 'Array to string...', 'C:\\laragon\\www\\...', 41, Array)
#1 C:\laragon\www\Api_electro\vendor\codeigniter4\framework\system\CodeIgniter.php(936): App\Controllers\RestLogin->show('23049420')
#2 C:\laragon\www\Api_electro\vendor\codeigniter4\framework\system\CodeIgniter.php(432): CodeIgniter\CodeIgniter->runController(Object(App\Controllers\RestLogin))
#3 C:\laragon\www\Api_electro\vendor\codeigniter4\framework\system\CodeIgniter.php(333): CodeIgniter\CodeIgniter->handleRequest(NULL, Object(Config\Cache), false)
#4 C:\laragon\www\Api_electro\public\index.php(44): CodeIgniter\CodeIgniter->run()
#5 {main}
